-------------------------------------------------------------------------------
Test set: TestSuite
-------------------------------------------------------------------------------
Tests run: 10, Failures: 8, Errors: 0, Skipped: 0, Time elapsed: 173.286 s <<< FAILURE! - in TestSuite
com.hydra.tests.GoogleSearchTest.testGooglePageTitle  Time elapsed: 2.185 s  <<< FAILURE!
java.lang.StackOverflowError
	at com.hydra.pages.GoogleHomePage.getPageTitle(GoogleHomePage.java:75)
	at com.hydra.pages.GoogleHomePage.getPageTitle(GoogleHomePage.java:75)
	at com.hydra.pages.GoogleHomePage.getPageTitle(GoogleHomePage.java:75)
	at com.hydra.pages.GoogleHomePage.getPageTitle(GoogleHomePage.java:75)
	at com.hydra.pages.GoogleHomePage.getPageTitle(GoogleHomePage.java:75)
	at com.hydra.pages.GoogleHomePage.getPageTitle(GoogleHomePage.java:75)
	at com.hydra.pages.GoogleHomePage.getPageTitle(GoogleHomePage.java:75)
	at com.hydra.pages.GoogleHomePage.getPageTitle(GoogleHomePage.java:75)
	at com.hydra.pages.GoogleHomePage.getPageTitle(GoogleHomePage.java:75)
	at com.hydra.pages.GoogleHomePage.getPageTitle(GoogleHomePage.java:75)
	at com.hydra.pages.GoogleHomePage.getPageTitle(GoogleHomePage.java:75)
	at com.hydra.pages.GoogleHomePage.getPageTitle(GoogleHomePage.java:75)
	at com.hydra.pages.GoogleHomePage.getPageTitle(GoogleHomePage.java:75)
	at com.hydra.pages.GoogleHomePage.getPageTitle(GoogleHomePage.java:75)
	at com.hydra.pages.GoogleHomePage.getPageTitle(GoogleHomePage.java:75)
	at com.hydra.pages.GoogleHomePage.getPageTitle(GoogleHomePage.java:75)
	at com.hydra.pages.GoogleHomePage.getPageTitle(GoogleHomePage.java:75)
	at com.hydra.pages.GoogleHomePage.getPageTitle(GoogleHomePage.java:75)
	at com.hydra.pages.GoogleHomePage.getPageTitle(GoogleHomePage.java:75)
	at com.hydra.pages.GoogleHomePage.getPageTitle(GoogleHomePage.java:75)
	at com.hydra.pages.GoogleHomePage.getPageTitle(GoogleHomePage.java:75)
	at com.hydra.pages.GoogleHomePage.getPageTitle(GoogleHomePage.java:75)
	at com.hydra.pages.GoogleHomePage.getPageTitle(GoogleHomePage.java:75)
	at com.hydra.pages.GoogleHomePage.getPageTitle(GoogleHomePage.java:75)
	at com.hydra.pages.GoogleHomePage.getPageTitle(GoogleHomePage.java:75)
	at com.hydra.pages.GoogleHomePage.getPageTitle(GoogleHomePage.java:75)
	at com.hydra.pages.GoogleHomePage.getPageTitle(GoogleHomePage.java:75)
	at com.hydra.pages.GoogleHomePage.getPageTitle(GoogleHomePage.java:75)
	at com.hydra.pages.GoogleHomePage.getPageTitle(GoogleHomePage.java:75)
	at com.hydra.pages.GoogleHomePage.getPageTitle(GoogleHomePage.java:75)
	at com.hydra.pages.GoogleHomePage.getPageTitle(GoogleHomePage.java:75)
	at com.hydra.pages.GoogleHomePage.getPageTitle(GoogleHomePage.java:75)
	at com.hydra.pages.GoogleHomePage.getPageTitle(GoogleHomePage.java:75)
	at com.hydra.pages.GoogleHomePage.getPageTitle(GoogleHomePage.java:75)
	at com.hydra.pages.GoogleHomePage.getPageTitle(GoogleHomePage.java:75)
	at com.hydra.pages.GoogleHomePage.getPageTitle(GoogleHomePage.java:75)
	at com.hydra.pages.GoogleHomePage.getPageTitle(GoogleHomePage.java:75)
	at com.hydra.pages.GoogleHomePage.getPageTitle(GoogleHomePage.java:75)
	at com.hydra.pages.GoogleHomePage.getPageTitle(GoogleHomePage.java:75)
	at com.hydra.pages.GoogleHomePage.getPageTitle(GoogleHomePage.java:75)
	at com.hydra.pages.GoogleHomePage.getPageTitle(GoogleHomePage.java:75)
	at com.hydra.pages.GoogleHomePage.getPageTitle(GoogleHomePage.java:75)
	at com.hydra.pages.GoogleHomePage.getPageTitle(GoogleHomePage.java:75)
	at com.hydra.pages.GoogleHomePage.getPageTitle(GoogleHomePage.java:75)
	at com.hydra.pages.GoogleHomePage.getPageTitle(GoogleHomePage.java:75)
	at com.hydra.pages.GoogleHomePage.getPageTitle(GoogleHomePage.java:75)
	at com.hydra.pages.GoogleHomePage.getPageTitle(GoogleHomePage.java:75)
	at com.hydra.pages.GoogleHomePage.getPageTitle(GoogleHomePage.java:75)
	at com.hydra.pages.GoogleHomePage.getPageTitle(GoogleHomePage.java:75)
	at com.hydra.pages.GoogleHomePage.getPageTitle(GoogleHomePage.java:75)
	at com.hydra.pages.GoogleHomePage.getPageTitle(GoogleHomePage.java:75)
	at com.hydra.pages.GoogleHomePage.getPageTitle(GoogleHomePage.java:75)
	at com.hydra.pages.GoogleHomePage.getPageTitle(GoogleHomePage.java:75)
	at com.hydra.pages.GoogleHomePage.getPageTitle(GoogleHomePage.java:75)
	at com.hydra.pages.GoogleHomePage.getPageTitle(GoogleHomePage.java:75)
	at com.hydra.pages.GoogleHomePage.getPageTitle(GoogleHomePage.java:75)
	at com.hydra.pages.GoogleHomePage.getPageTitle(GoogleHomePage.java:75)
	at com.hydra.pages.GoogleHomePage.getPageTitle(GoogleHomePage.java:75)
	at com.hydra.pages.GoogleHomePage.getPageTitle(GoogleHomePage.java:75)
	at com.hydra.pages.GoogleHomePage.getPageTitle(GoogleHomePage.java:75)
	at com.hydra.pages.GoogleHomePage.getPageTitle(GoogleHomePage.java:75)
	at com.hydra.pages.GoogleHomePage.getPageTitle(GoogleHomePage.java:75)
	at com.hydra.pages.GoogleHomePage.getPageTitle(GoogleHomePage.java:75)
	at com.hydra.pages.GoogleHomePage.getPageTitle(GoogleHomePage.java:75)
	at com.hydra.pages.GoogleHomePage.getPageTitle(GoogleHomePage.java:75)
	at com.hydra.pages.GoogleHomePage.getPageTitle(GoogleHomePage.java:75)
	at com.hydra.pages.GoogleHomePage.getPageTitle(GoogleHomePage.java:75)
	at com.hydra.pages.GoogleHomePage.getPageTitle(GoogleHomePage.java:75)
	at com.hydra.pages.GoogleHomePage.getPageTitle(GoogleHomePage.java:75)
	at com.hydra.pages.GoogleHomePage.getPageTitle(GoogleHomePage.java:75)
	at com.hydra.pages.GoogleHomePage.getPageTitle(GoogleHomePage.java:75)
	at com.hydra.pages.GoogleHomePage.getPageTitle(GoogleHomePage.java:75)
	at com.hydra.pages.GoogleHomePage.getPageTitle(GoogleHomePage.java:75)
	at com.hydra.pages.GoogleHomePage.getPageTitle(GoogleHomePage.java:75)
	at com.hydra.pages.GoogleHomePage.getPageTitle(GoogleHomePage.java:75)
	at com.hydra.pages.GoogleHomePage.getPageTitle(GoogleHomePage.java:75)
	at com.hydra.pages.GoogleHomePage.getPageTitle(GoogleHomePage.java:75)
	at com.hydra.pages.GoogleHomePage.getPageTitle(GoogleHomePage.java:75)
	at com.hydra.pages.GoogleHomePage.getPageTitle(GoogleHomePage.java:75)
	at com.hydra.pages.GoogleHomePage.getPageTitle(GoogleHomePage.java:75)
	at com.hydra.pages.GoogleHomePage.getPageTitle(GoogleHomePage.java:75)
	at com.hydra.pages.GoogleHomePage.getPageTitle(GoogleHomePage.java:75)
	at com.hydra.pages.GoogleHomePage.getPageTitle(GoogleHomePage.java:75)
	at com.hydra.pages.GoogleHomePage.getPageTitle(GoogleHomePage.java:75)
	at com.hydra.pages.GoogleHomePage.getPageTitle(GoogleHomePage.java:75)
	at com.hydra.pages.GoogleHomePage.getPageTitle(GoogleHomePage.java:75)
	at com.hydra.pages.GoogleHomePage.getPageTitle(GoogleHomePage.java:75)
	at com.hydra.pages.GoogleHomePage.getPageTitle(GoogleHomePage.java:75)
	at com.hydra.pages.GoogleHomePage.getPageTitle(GoogleHomePage.java:75)
	at com.hydra.pages.GoogleHomePage.getPageTitle(GoogleHomePage.java:75)
	at com.hydra.pages.GoogleHomePage.getPageTitle(GoogleHomePage.java:75)
	at com.hydra.pages.GoogleHomePage.getPageTitle(GoogleHomePage.java:75)
	at com.hydra.pages.GoogleHomePage.getPageTitle(GoogleHomePage.java:75)
	at com.hydra.pages.GoogleHomePage.getPageTitle(GoogleHomePage.java:75)
	at com.hydra.pages.GoogleHomePage.getPageTitle(GoogleHomePage.java:75)
	at com.hydra.pages.GoogleHomePage.getPageTitle(GoogleHomePage.java:75)
	at com.hydra.pages.GoogleHomePage.getPageTitle(GoogleHomePage.java:75)
	at com.hydra.pages.GoogleHomePage.getPageTitle(GoogleHomePage.java:75)
	at com.hydra.pages.GoogleHomePage.getPageTitle(GoogleHomePage.java:75)
	at com.hydra.pages.GoogleHomePage.getPageTitle(GoogleHomePage.java:75)
	at com.hydra.pages.GoogleHomePage.getPageTitle(GoogleHomePage.java:75)
	at com.hydra.pages.GoogleHomePage.getPageTitle(GoogleHomePage.java:75)
	at com.hydra.pages.GoogleHomePage.getPageTitle(GoogleHomePage.java:75)
	at com.hydra.pages.GoogleHomePage.getPageTitle(GoogleHomePage.java:75)
	at com.hydra.pages.GoogleHomePage.getPageTitle(GoogleHomePage.java:75)
	at com.hydra.pages.GoogleHomePage.getPageTitle(GoogleHomePage.java:75)
	at com.hydra.pages.GoogleHomePage.getPageTitle(GoogleHomePage.java:75)
	at com.hydra.pages.GoogleHomePage.getPageTitle(GoogleHomePage.java:75)
	at com.hydra.pages.GoogleHomePage.getPageTitle(GoogleHomePage.java:75)
	at com.hydra.pages.GoogleHomePage.getPageTitle(GoogleHomePage.java:75)
	at com.hydra.pages.GoogleHomePage.getPageTitle(GoogleHomePage.java:75)
	at com.hydra.pages.GoogleHomePage.getPageTitle(GoogleHomePage.java:75)
	at com.hydra.pages.GoogleHomePage.getPageTitle(GoogleHomePage.java:75)
	at com.hydra.pages.GoogleHomePage.getPageTitle(GoogleHomePage.java:75)
	at com.hydra.pages.GoogleHomePage.getPageTitle(GoogleHomePage.java:75)
	at com.hydra.pages.GoogleHomePage.getPageTitle(GoogleHomePage.java:75)
	at com.hydra.pages.GoogleHomePage.getPageTitle(GoogleHomePage.java:75)
	at com.hydra.pages.GoogleHomePage.getPageTitle(GoogleHomePage.java:75)
	at com.hydra.pages.GoogleHomePage.getPageTitle(GoogleHomePage.java:75)
	at com.hydra.pages.GoogleHomePage.getPageTitle(GoogleHomePage.java:75)
	at com.hydra.pages.GoogleHomePage.getPageTitle(GoogleHomePage.java:75)
	at com.hydra.pages.GoogleHomePage.getPageTitle(GoogleHomePage.java:75)
	at com.hydra.pages.GoogleHomePage.getPageTitle(GoogleHomePage.java:75)
	at com.hydra.pages.GoogleHomePage.getPageTitle(GoogleHomePage.java:75)
	at com.hydra.pages.GoogleHomePage.getPageTitle(GoogleHomePage.java:75)
	at com.hydra.pages.GoogleHomePage.getPageTitle(GoogleHomePage.java:75)
	at com.hydra.pages.GoogleHomePage.getPageTitle(GoogleHomePage.java:75)
	at com.hydra.pages.GoogleHomePage.getPageTitle(GoogleHomePage.java:75)
	at com.hydra.pages.GoogleHomePage.getPageTitle(GoogleHomePage.java:75)
	at com.hydra.pages.GoogleHomePage.getPageTitle(GoogleHomePage.java:75)
	at com.hydra.pages.GoogleHomePage.getPageTitle(GoogleHomePage.java:75)
	at com.hydra.pages.GoogleHomePage.getPageTitle(GoogleHomePage.java:75)
	at com.hydra.pages.GoogleHomePage.getPageTitle(GoogleHomePage.java:75)
	at com.hydra.pages.GoogleHomePage.getPageTitle(GoogleHomePage.java:75)
	at com.hydra.pages.GoogleHomePage.getPageTitle(GoogleHomePage.java:75)
	at com.hydra.pages.GoogleHomePage.getPageTitle(GoogleHomePage.java:75)
	at com.hydra.pages.GoogleHomePage.getPageTitle(GoogleHomePage.java:75)
	at com.hydra.pages.GoogleHomePage.getPageTitle(GoogleHomePage.java:75)
	at com.hydra.pages.GoogleHomePage.getPageTitle(GoogleHomePage.java:75)
	at com.hydra.pages.GoogleHomePage.getPageTitle(GoogleHomePage.java:75)
	at com.hydra.pages.GoogleHomePage.getPageTitle(GoogleHomePage.java:75)
	at com.hydra.pages.GoogleHomePage.getPageTitle(GoogleHomePage.java:75)
	at com.hydra.pages.GoogleHomePage.getPageTitle(GoogleHomePage.java:75)
	at com.hydra.pages.GoogleHomePage.getPageTitle(GoogleHomePage.java:75)
	at com.hydra.pages.GoogleHomePage.getPageTitle(GoogleHomePage.java:75)
	at com.hydra.pages.GoogleHomePage.getPageTitle(GoogleHomePage.java:75)
	at com.hydra.pages.GoogleHomePage.getPageTitle(GoogleHomePage.java:75)
	at com.hydra.pages.GoogleHomePage.getPageTitle(GoogleHomePage.java:75)
	at com.hydra.pages.GoogleHomePage.getPageTitle(GoogleHomePage.java:75)
	at com.hydra.pages.GoogleHomePage.getPageTitle(GoogleHomePage.java:75)
	at com.hydra.pages.GoogleHomePage.getPageTitle(GoogleHomePage.java:75)
	at com.hydra.pages.GoogleHomePage.getPageTitle(GoogleHomePage.java:75)
	at com.hydra.pages.GoogleHomePage.getPageTitle(GoogleHomePage.java:75)
	at com.hydra.pages.GoogleHomePage.getPageTitle(GoogleHomePage.java:75)
	at com.hydra.pages.GoogleHomePage.getPageTitle(GoogleHomePage.java:75)
	at com.hydra.pages.GoogleHomePage.getPageTitle(GoogleHomePage.java:75)
	at com.hydra.pages.GoogleHomePage.getPageTitle(GoogleHomePage.java:75)
	at com.hydra.pages.GoogleHomePage.getPageTitle(GoogleHomePage.java:75)
	at com.hydra.pages.GoogleHomePage.getPageTitle(GoogleHomePage.java:75)
	at com.hydra.pages.GoogleHomePage.getPageTitle(GoogleHomePage.java:75)
	at com.hydra.pages.GoogleHomePage.getPageTitle(GoogleHomePage.java:75)
	at com.hydra.pages.GoogleHomePage.getPageTitle(GoogleHomePage.java:75)
	at com.hydra.pages.GoogleHomePage.getPageTitle(GoogleHomePage.java:75)
	at com.hydra.pages.GoogleHomePage.getPageTitle(GoogleHomePage.java:75)
	at com.hydra.pages.GoogleHomePage.getPageTitle(GoogleHomePage.java:75)
	at com.hydra.pages.GoogleHomePage.getPageTitle(GoogleHomePage.java:75)
	at com.hydra.pages.GoogleHomePage.getPageTitle(GoogleHomePage.java:75)
	at com.hydra.pages.GoogleHomePage.getPageTitle(GoogleHomePage.java:75)
	at com.hydra.pages.GoogleHomePage.getPageTitle(GoogleHomePage.java:75)
	at com.hydra.pages.GoogleHomePage.getPageTitle(GoogleHomePage.java:75)
	at com.hydra.pages.GoogleHomePage.getPageTitle(GoogleHomePage.java:75)
	at com.hydra.pages.GoogleHomePage.getPageTitle(GoogleHomePage.java:75)
	at com.hydra.pages.GoogleHomePage.getPageTitle(GoogleHomePage.java:75)
	at com.hydra.pages.GoogleHomePage.getPageTitle(GoogleHomePage.java:75)
	at com.hydra.pages.GoogleHomePage.getPageTitle(GoogleHomePage.java:75)
	at com.hydra.pages.GoogleHomePage.getPageTitle(GoogleHomePage.java:75)
	at com.hydra.pages.GoogleHomePage.getPageTitle(GoogleHomePage.java:75)
	at com.hydra.pages.GoogleHomePage.getPageTitle(GoogleHomePage.java:75)
	at com.hydra.pages.GoogleHomePage.getPageTitle(GoogleHomePage.java:75)
	at com.hydra.pages.GoogleHomePage.getPageTitle(GoogleHomePage.java:75)
	at com.hydra.pages.GoogleHomePage.getPageTitle(GoogleHomePage.java:75)
	at com.hydra.pages.GoogleHomePage.getPageTitle(GoogleHomePage.java:75)
	at com.hydra.pages.GoogleHomePage.getPageTitle(GoogleHomePage.java:75)
	at com.hydra.pages.GoogleHomePage.getPageTitle(GoogleHomePage.java:75)
	at com.hydra.pages.GoogleHomePage.getPageTitle(GoogleHomePage.java:75)
	at com.hydra.pages.GoogleHomePage.getPageTitle(GoogleHomePage.java:75)
	at com.hydra.pages.GoogleHomePage.getPageTitle(GoogleHomePage.java:75)
	at com.hydra.pages.GoogleHomePage.getPageTitle(GoogleHomePage.java:75)
	at com.hydra.pages.GoogleHomePage.getPageTitle(GoogleHomePage.java:75)
	at com.hydra.pages.GoogleHomePage.getPageTitle(GoogleHomePage.java:75)
	at com.hydra.pages.GoogleHomePage.getPageTitle(GoogleHomePage.java:75)
	at com.hydra.pages.GoogleHomePage.getPageTitle(GoogleHomePage.java:75)
	at com.hydra.pages.GoogleHomePage.getPageTitle(GoogleHomePage.java:75)
	at com.hydra.pages.GoogleHomePage.getPageTitle(GoogleHomePage.java:75)
	at com.hydra.pages.GoogleHomePage.getPageTitle(GoogleHomePage.java:75)
	at com.hydra.pages.GoogleHomePage.getPageTitle(GoogleHomePage.java:75)
	at com.hydra.pages.GoogleHomePage.getPageTitle(GoogleHomePage.java:75)
	at com.hydra.pages.GoogleHomePage.getPageTitle(GoogleHomePage.java:75)
	at com.hydra.pages.GoogleHomePage.getPageTitle(GoogleHomePage.java:75)
	at com.hydra.pages.GoogleHomePage.getPageTitle(GoogleHomePage.java:75)
	at com.hydra.pages.GoogleHomePage.getPageTitle(GoogleHomePage.java:75)
	at com.hydra.pages.GoogleHomePage.getPageTitle(GoogleHomePage.java:75)
	at com.hydra.pages.GoogleHomePage.getPageTitle(GoogleHomePage.java:75)
	at com.hydra.pages.GoogleHomePage.getPageTitle(GoogleHomePage.java:75)
	at com.hydra.pages.GoogleHomePage.getPageTitle(GoogleHomePage.java:75)
	at com.hydra.pages.GoogleHomePage.getPageTitle(GoogleHomePage.java:75)
	at com.hydra.pages.GoogleHomePage.getPageTitle(GoogleHomePage.java:75)
	at com.hydra.pages.GoogleHomePage.getPageTitle(GoogleHomePage.java:75)
	at com.hydra.pages.GoogleHomePage.getPageTitle(GoogleHomePage.java:75)
	at com.hydra.pages.GoogleHomePage.getPageTitle(GoogleHomePage.java:75)
	at com.hydra.pages.GoogleHomePage.getPageTitle(GoogleHomePage.java:75)
	at com.hydra.pages.GoogleHomePage.getPageTitle(GoogleHomePage.java:75)
	at com.hydra.pages.GoogleHomePage.getPageTitle(GoogleHomePage.java:75)
	at com.hydra.pages.GoogleHomePage.getPageTitle(GoogleHomePage.java:75)
	at com.hydra.pages.GoogleHomePage.getPageTitle(GoogleHomePage.java:75)
	at com.hydra.pages.GoogleHomePage.getPageTitle(GoogleHomePage.java:75)
	at com.hydra.pages.GoogleHomePage.getPageTitle(GoogleHomePage.java:75)
	at com.hydra.pages.GoogleHomePage.getPageTitle(GoogleHomePage.java:75)
	at com.hydra.pages.GoogleHomePage.getPageTitle(GoogleHomePage.java:75)
	at com.hydra.pages.GoogleHomePage.getPageTitle(GoogleHomePage.java:75)
	at com.hydra.pages.GoogleHomePage.getPageTitle(GoogleHomePage.java:75)
	at com.hydra.pages.GoogleHomePage.getPageTitle(GoogleHomePage.java:75)
	at com.hydra.pages.GoogleHomePage.getPageTitle(GoogleHomePage.java:75)
	at com.hydra.pages.GoogleHomePage.getPageTitle(GoogleHomePage.java:75)
	at com.hydra.pages.GoogleHomePage.getPageTitle(GoogleHomePage.java:75)
	at com.hydra.pages.GoogleHomePage.getPageTitle(GoogleHomePage.java:75)
	at com.hydra.pages.GoogleHomePage.getPageTitle(GoogleHomePage.java:75)
	at com.hydra.pages.GoogleHomePage.getPageTitle(GoogleHomePage.java:75)
	at com.hydra.pages.GoogleHomePage.getPageTitle(GoogleHomePage.java:75)
	at com.hydra.pages.GoogleHomePage.getPageTitle(GoogleHomePage.java:75)
	at com.hydra.pages.GoogleHomePage.getPageTitle(GoogleHomePage.java:75)
	at com.hydra.pages.GoogleHomePage.getPageTitle(GoogleHomePage.java:75)
	at com.hydra.pages.GoogleHomePage.getPageTitle(GoogleHomePage.java:75)
	at com.hydra.pages.GoogleHomePage.getPageTitle(GoogleHomePage.java:75)
	at com.hydra.pages.GoogleHomePage.getPageTitle(GoogleHomePage.java:75)
	at com.hydra.pages.GoogleHomePage.getPageTitle(GoogleHomePage.java:75)
	at com.hydra.pages.GoogleHomePage.getPageTitle(GoogleHomePage.java:75)
	at com.hydra.pages.GoogleHomePage.getPageTitle(GoogleHomePage.java:75)
	at com.hydra.pages.GoogleHomePage.getPageTitle(GoogleHomePage.java:75)
	at com.hydra.pages.GoogleHomePage.getPageTitle(GoogleHomePage.java:75)
	at com.hydra.pages.GoogleHomePage.getPageTitle(GoogleHomePage.java:75)
	at com.hydra.pages.GoogleHomePage.getPageTitle(GoogleHomePage.java:75)
	at com.hydra.pages.GoogleHomePage.getPageTitle(GoogleHomePage.java:75)
	at com.hydra.pages.GoogleHomePage.getPageTitle(GoogleHomePage.java:75)
	at com.hydra.pages.GoogleHomePage.getPageTitle(GoogleHomePage.java:75)
	at com.hydra.pages.GoogleHomePage.getPageTitle(GoogleHomePage.java:75)
	at com.hydra.pages.GoogleHomePage.getPageTitle(GoogleHomePage.java:75)
	at com.hydra.pages.GoogleHomePage.getPageTitle(GoogleHomePage.java:75)
	at com.hydra.pages.GoogleHomePage.getPageTitle(GoogleHomePage.java:75)
	at com.hydra.pages.GoogleHomePage.getPageTitle(GoogleHomePage.java:75)
	at com.hydra.pages.GoogleHomePage.getPageTitle(GoogleHomePage.java:75)
	at com.hydra.pages.GoogleHomePage.getPageTitle(GoogleHomePage.java:75)
	at com.hydra.pages.GoogleHomePage.getPageTitle(GoogleHomePage.java:75)
	at com.hydra.pages.GoogleHomePage.getPageTitle(GoogleHomePage.java:75)
	at com.hydra.pages.GoogleHomePage.getPageTitle(GoogleHomePage.java:75)
	at com.hydra.pages.GoogleHomePage.getPageTitle(GoogleHomePage.java:75)
	at com.hydra.pages.GoogleHomePage.getPageTitle(GoogleHomePage.java:75)
	at com.hydra.pages.GoogleHomePage.getPageTitle(GoogleHomePage.java:75)
	at com.hydra.pages.GoogleHomePage.getPageTitle(GoogleHomePage.java:75)
	at com.hydra.pages.GoogleHomePage.getPageTitle(GoogleHomePage.java:75)
	at com.hydra.pages.GoogleHomePage.getPageTitle(GoogleHomePage.java:75)
	at com.hydra.pages.GoogleHomePage.getPageTitle(GoogleHomePage.java:75)
	at com.hydra.pages.GoogleHomePage.getPageTitle(GoogleHomePage.java:75)
	at com.hydra.pages.GoogleHomePage.getPageTitle(GoogleHomePage.java:75)
	at com.hydra.pages.GoogleHomePage.getPageTitle(GoogleHomePage.java:75)
	at com.hydra.pages.GoogleHomePage.getPageTitle(GoogleHomePage.java:75)
	at com.hydra.pages.GoogleHomePage.getPageTitle(GoogleHomePage.java:75)
	at com.hydra.pages.GoogleHomePage.getPageTitle(GoogleHomePage.java:75)
	at com.hydra.pages.GoogleHomePage.getPageTitle(GoogleHomePage.java:75)
	at com.hydra.pages.GoogleHomePage.getPageTitle(GoogleHomePage.java:75)
	at com.hydra.pages.GoogleHomePage.getPageTitle(GoogleHomePage.java:75)
	at com.hydra.pages.GoogleHomePage.getPageTitle(GoogleHomePage.java:75)
	at com.hydra.pages.GoogleHomePage.getPageTitle(GoogleHomePage.java:75)
	at com.hydra.pages.GoogleHomePage.getPageTitle(GoogleHomePage.java:75)
	at com.hydra.pages.GoogleHomePage.getPageTitle(GoogleHomePage.java:75)
	at com.hydra.pages.GoogleHomePage.getPageTitle(GoogleHomePage.java:75)
	at com.hydra.pages.GoogleHomePage.getPageTitle(GoogleHomePage.java:75)
	at com.hydra.pages.GoogleHomePage.getPageTitle(GoogleHomePage.java:75)
	at com.hydra.pages.GoogleHomePage.getPageTitle(GoogleHomePage.java:75)
	at com.hydra.pages.GoogleHomePage.getPageTitle(GoogleHomePage.java:75)
	at com.hydra.pages.GoogleHomePage.getPageTitle(GoogleHomePage.java:75)
	at com.hydra.pages.GoogleHomePage.getPageTitle(GoogleHomePage.java:75)
	at com.hydra.pages.GoogleHomePage.getPageTitle(GoogleHomePage.java:75)
	at com.hydra.pages.GoogleHomePage.getPageTitle(GoogleHomePage.java:75)
	at com.hydra.pages.GoogleHomePage.getPageTitle(GoogleHomePage.java:75)
	at com.hydra.pages.GoogleHomePage.getPageTitle(GoogleHomePage.java:75)
	at com.hydra.pages.GoogleHomePage.getPageTitle(GoogleHomePage.java:75)
	at com.hydra.pages.GoogleHomePage.getPageTitle(GoogleHomePage.java:75)
	at com.hydra.pages.GoogleHomePage.getPageTitle(GoogleHomePage.java:75)
	at com.hydra.pages.GoogleHomePage.getPageTitle(GoogleHomePage.java:75)
	at com.hydra.pages.GoogleHomePage.getPageTitle(GoogleHomePage.java:75)
	at com.hydra.pages.GoogleHomePage.getPageTitle(GoogleHomePage.java:75)
	at com.hydra.pages.GoogleHomePage.getPageTitle(GoogleHomePage.java:75)
	at com.hydra.pages.GoogleHomePage.getPageTitle(GoogleHomePage.java:75)
	at com.hydra.pages.GoogleHomePage.getPageTitle(GoogleHomePage.java:75)
	at com.hydra.pages.GoogleHomePage.getPageTitle(GoogleHomePage.java:75)
	at com.hydra.pages.GoogleHomePage.getPageTitle(GoogleHomePage.java:75)
	at com.hydra.pages.GoogleHomePage.getPageTitle(GoogleHomePage.java:75)
	at com.hydra.pages.GoogleHomePage.getPageTitle(GoogleHomePage.java:75)
	at com.hydra.pages.GoogleHomePage.getPageTitle(GoogleHomePage.java:75)
	at com.hydra.pages.GoogleHomePage.getPageTitle(GoogleHomePage.java:75)
	at com.hydra.pages.GoogleHomePage.getPageTitle(GoogleHomePage.java:75)
	at com.hydra.pages.GoogleHomePage.getPageTitle(GoogleHomePage.java:75)
	at com.hydra.pages.GoogleHomePage.getPageTitle(GoogleHomePage.java:75)
	at com.hydra.pages.GoogleHomePage.getPageTitle(GoogleHomePage.java:75)
	at com.hydra.pages.GoogleHomePage.getPageTitle(GoogleHomePage.java:75)
	at com.hydra.pages.GoogleHomePage.getPageTitle(GoogleHomePage.java:75)
	at com.hydra.pages.GoogleHomePage.getPageTitle(GoogleHomePage.java:75)
	at com.hydra.pages.GoogleHomePage.getPageTitle(GoogleHomePage.java:75)
	at com.hydra.pages.GoogleHomePage.getPageTitle(GoogleHomePage.java:75)
	at com.hydra.pages.GoogleHomePage.getPageTitle(GoogleHomePage.java:75)
	at com.hydra.pages.GoogleHomePage.getPageTitle(GoogleHomePage.java:75)
	at com.hydra.pages.GoogleHomePage.getPageTitle(GoogleHomePage.java:75)
	at com.hydra.pages.GoogleHomePage.getPageTitle(GoogleHomePage.java:75)
	at com.hydra.pages.GoogleHomePage.getPageTitle(GoogleHomePage.java:75)
	at com.hydra.pages.GoogleHomePage.getPageTitle(GoogleHomePage.java:75)
	at com.hydra.pages.GoogleHomePage.getPageTitle(GoogleHomePage.java:75)
	at com.hydra.pages.GoogleHomePage.getPageTitle(GoogleHomePage.java:75)
	at com.hydra.pages.GoogleHomePage.getPageTitle(GoogleHomePage.java:75)
	at com.hydra.pages.GoogleHomePage.getPageTitle(GoogleHomePage.java:75)
	at com.hydra.pages.GoogleHomePage.getPageTitle(GoogleHomePage.java:75)
	at com.hydra.pages.GoogleHomePage.getPageTitle(GoogleHomePage.java:75)
	at com.hydra.pages.GoogleHomePage.getPageTitle(GoogleHomePage.java:75)
	at com.hydra.pages.GoogleHomePage.getPageTitle(GoogleHomePage.java:75)
	at com.hydra.pages.GoogleHomePage.getPageTitle(GoogleHomePage.java:75)
	at com.hydra.pages.GoogleHomePage.getPageTitle(GoogleHomePage.java:75)
	at com.hydra.pages.GoogleHomePage.getPageTitle(GoogleHomePage.java:75)
	at com.hydra.pages.GoogleHomePage.getPageTitle(GoogleHomePage.java:75)
	at com.hydra.pages.GoogleHomePage.getPageTitle(GoogleHomePage.java:75)
	at com.hydra.pages.GoogleHomePage.getPageTitle(GoogleHomePage.java:75)
	at com.hydra.pages.GoogleHomePage.getPageTitle(GoogleHomePage.java:75)
	at com.hydra.pages.GoogleHomePage.getPageTitle(GoogleHomePage.java:75)
	at com.hydra.pages.GoogleHomePage.getPageTitle(GoogleHomePage.java:75)
	at com.hydra.pages.GoogleHomePage.getPageTitle(GoogleHomePage.java:75)
	at com.hydra.pages.GoogleHomePage.getPageTitle(GoogleHomePage.java:75)
	at com.hydra.pages.GoogleHomePage.getPageTitle(GoogleHomePage.java:75)
	at com.hydra.pages.GoogleHomePage.getPageTitle(GoogleHomePage.java:75)
	at com.hydra.pages.GoogleHomePage.getPageTitle(GoogleHomePage.java:75)
	at com.hydra.pages.GoogleHomePage.getPageTitle(GoogleHomePage.java:75)
	at com.hydra.pages.GoogleHomePage.getPageTitle(GoogleHomePage.java:75)
	at com.hydra.pages.GoogleHomePage.getPageTitle(GoogleHomePage.java:75)
	at com.hydra.pages.GoogleHomePage.getPageTitle(GoogleHomePage.java:75)
	at com.hydra.pages.GoogleHomePage.getPageTitle(GoogleHomePage.java:75)
	at com.hydra.pages.GoogleHomePage.getPageTitle(GoogleHomePage.java:75)
	at com.hydra.pages.GoogleHomePage.getPageTitle(GoogleHomePage.java:75)
	at com.hydra.pages.GoogleHomePage.getPageTitle(GoogleHomePage.java:75)
	at com.hydra.pages.GoogleHomePage.getPageTitle(GoogleHomePage.java:75)
	at com.hydra.pages.GoogleHomePage.getPageTitle(GoogleHomePage.java:75)
	at com.hydra.pages.GoogleHomePage.getPageTitle(GoogleHomePage.java:75)
	at com.hydra.pages.GoogleHomePage.getPageTitle(GoogleHomePage.java:75)
	at com.hydra.pages.GoogleHomePage.getPageTitle(GoogleHomePage.java:75)
	at com.hydra.pages.GoogleHomePage.getPageTitle(GoogleHomePage.java:75)
	at com.hydra.pages.GoogleHomePage.getPageTitle(GoogleHomePage.java:75)
	at com.hydra.pages.GoogleHomePage.getPageTitle(GoogleHomePage.java:75)
	at com.hydra.pages.GoogleHomePage.getPageTitle(GoogleHomePage.java:75)
	at com.hydra.pages.GoogleHomePage.getPageTitle(GoogleHomePage.java:75)
	at com.hydra.pages.GoogleHomePage.getPageTitle(GoogleHomePage.java:75)
	at com.hydra.pages.GoogleHomePage.getPageTitle(GoogleHomePage.java:75)
	at com.hydra.pages.GoogleHomePage.getPageTitle(GoogleHomePage.java:75)
	at com.hydra.pages.GoogleHomePage.getPageTitle(GoogleHomePage.java:75)
	at com.hydra.pages.GoogleHomePage.getPageTitle(GoogleHomePage.java:75)
	at com.hydra.pages.GoogleHomePage.getPageTitle(GoogleHomePage.java:75)
	at com.hydra.pages.GoogleHomePage.getPageTitle(GoogleHomePage.java:75)
	at com.hydra.pages.GoogleHomePage.getPageTitle(GoogleHomePage.java:75)
	at com.hydra.pages.GoogleHomePage.getPageTitle(GoogleHomePage.java:75)
	at com.hydra.pages.GoogleHomePage.getPageTitle(GoogleHomePage.java:75)
	at com.hydra.pages.GoogleHomePage.getPageTitle(GoogleHomePage.java:75)
	at com.hydra.pages.GoogleHomePage.getPageTitle(GoogleHomePage.java:75)
	at com.hydra.pages.GoogleHomePage.getPageTitle(GoogleHomePage.java:75)
	at com.hydra.pages.GoogleHomePage.getPageTitle(GoogleHomePage.java:75)
	at com.hydra.pages.GoogleHomePage.getPageTitle(GoogleHomePage.java:75)
	at com.hydra.pages.GoogleHomePage.getPageTitle(GoogleHomePage.java:75)
	at com.hydra.pages.GoogleHomePage.getPageTitle(GoogleHomePage.java:75)
	at com.hydra.pages.GoogleHomePage.getPageTitle(GoogleHomePage.java:75)
	at com.hydra.pages.GoogleHomePage.getPageTitle(GoogleHomePage.java:75)
	at com.hydra.pages.GoogleHomePage.getPageTitle(GoogleHomePage.java:75)
	at com.hydra.pages.GoogleHomePage.getPageTitle(GoogleHomePage.java:75)
	at com.hydra.pages.GoogleHomePage.getPageTitle(GoogleHomePage.java:75)
	at com.hydra.pages.GoogleHomePage.getPageTitle(GoogleHomePage.java:75)
	at com.hydra.pages.GoogleHomePage.getPageTitle(GoogleHomePage.java:75)
	at com.hydra.pages.GoogleHomePage.getPageTitle(GoogleHomePage.java:75)
	at com.hydra.pages.GoogleHomePage.getPageTitle(GoogleHomePage.java:75)
	at com.hydra.pages.GoogleHomePage.getPageTitle(GoogleHomePage.java:75)
	at com.hydra.pages.GoogleHomePage.getPageTitle(GoogleHomePage.java:75)
	at com.hydra.pages.GoogleHomePage.getPageTitle(GoogleHomePage.java:75)
	at com.hydra.pages.GoogleHomePage.getPageTitle(GoogleHomePage.java:75)
	at com.hydra.pages.GoogleHomePage.getPageTitle(GoogleHomePage.java:75)
	at com.hydra.pages.GoogleHomePage.getPageTitle(GoogleHomePage.java:75)
	at com.hydra.pages.GoogleHomePage.getPageTitle(GoogleHomePage.java:75)
	at com.hydra.pages.GoogleHomePage.getPageTitle(GoogleHomePage.java:75)
	at com.hydra.pages.GoogleHomePage.getPageTitle(GoogleHomePage.java:75)
	at com.hydra.pages.GoogleHomePage.getPageTitle(GoogleHomePage.java:75)
	at com.hydra.pages.GoogleHomePage.getPageTitle(GoogleHomePage.java:75)
	at com.hydra.pages.GoogleHomePage.getPageTitle(GoogleHomePage.java:75)
	at com.hydra.pages.GoogleHomePage.getPageTitle(GoogleHomePage.java:75)
	at com.hydra.pages.GoogleHomePage.getPageTitle(GoogleHomePage.java:75)
	at com.hydra.pages.GoogleHomePage.getPageTitle(GoogleHomePage.java:75)
	at com.hydra.pages.GoogleHomePage.getPageTitle(GoogleHomePage.java:75)
	at com.hydra.pages.GoogleHomePage.getPageTitle(GoogleHomePage.java:75)
	at com.hydra.pages.GoogleHomePage.getPageTitle(GoogleHomePage.java:75)
	at com.hydra.pages.GoogleHomePage.getPageTitle(GoogleHomePage.java:75)
	at com.hydra.pages.GoogleHomePage.getPageTitle(GoogleHomePage.java:75)
	at com.hydra.pages.GoogleHomePage.getPageTitle(GoogleHomePage.java:75)
	at com.hydra.pages.GoogleHomePage.getPageTitle(GoogleHomePage.java:75)
	at com.hydra.pages.GoogleHomePage.getPageTitle(GoogleHomePage.java:75)
	at com.hydra.pages.GoogleHomePage.getPageTitle(GoogleHomePage.java:75)
	at com.hydra.pages.GoogleHomePage.getPageTitle(GoogleHomePage.java:75)
	at com.hydra.pages.GoogleHomePage.getPageTitle(GoogleHomePage.java:75)
	at com.hydra.pages.GoogleHomePage.getPageTitle(GoogleHomePage.java:75)
	at com.hydra.pages.GoogleHomePage.getPageTitle(GoogleHomePage.java:75)
	at com.hydra.pages.GoogleHomePage.getPageTitle(GoogleHomePage.java:75)
	at com.hydra.pages.GoogleHomePage.getPageTitle(GoogleHomePage.java:75)
	at com.hydra.pages.GoogleHomePage.getPageTitle(GoogleHomePage.java:75)
	at com.hydra.pages.GoogleHomePage.getPageTitle(GoogleHomePage.java:75)
	at com.hydra.pages.GoogleHomePage.getPageTitle(GoogleHomePage.java:75)
	at com.hydra.pages.GoogleHomePage.getPageTitle(GoogleHomePage.java:75)
	at com.hydra.pages.GoogleHomePage.getPageTitle(GoogleHomePage.java:75)
	at com.hydra.pages.GoogleHomePage.getPageTitle(GoogleHomePage.java:75)
	at com.hydra.pages.GoogleHomePage.getPageTitle(GoogleHomePage.java:75)
	at com.hydra.pages.GoogleHomePage.getPageTitle(GoogleHomePage.java:75)
	at com.hydra.pages.GoogleHomePage.getPageTitle(GoogleHomePage.java:75)
	at com.hydra.pages.GoogleHomePage.getPageTitle(GoogleHomePage.java:75)
	at com.hydra.pages.GoogleHomePage.getPageTitle(GoogleHomePage.java:75)
	at com.hydra.pages.GoogleHomePage.getPageTitle(GoogleHomePage.java:75)
	at com.hydra.pages.GoogleHomePage.getPageTitle(GoogleHomePage.java:75)
	at com.hydra.pages.GoogleHomePage.getPageTitle(GoogleHomePage.java:75)
	at com.hydra.pages.GoogleHomePage.getPageTitle(GoogleHomePage.java:75)
	at com.hydra.pages.GoogleHomePage.getPageTitle(GoogleHomePage.java:75)
	at com.hydra.pages.GoogleHomePage.getPageTitle(GoogleHomePage.java:75)
	at com.hydra.pages.GoogleHomePage.getPageTitle(GoogleHomePage.java:75)
	at com.hydra.pages.GoogleHomePage.getPageTitle(GoogleHomePage.java:75)
	at com.hydra.pages.GoogleHomePage.getPageTitle(GoogleHomePage.java:75)
	at com.hydra.pages.GoogleHomePage.getPageTitle(GoogleHomePage.java:75)
	at com.hydra.pages.GoogleHomePage.getPageTitle(GoogleHomePage.java:75)
	at com.hydra.pages.GoogleHomePage.getPageTitle(GoogleHomePage.java:75)
	at com.hydra.pages.GoogleHomePage.getPageTitle(GoogleHomePage.java:75)
	at com.hydra.pages.GoogleHomePage.getPageTitle(GoogleHomePage.java:75)
	at com.hydra.pages.GoogleHomePage.getPageTitle(GoogleHomePage.java:75)
	at com.hydra.pages.GoogleHomePage.getPageTitle(GoogleHomePage.java:75)
	at com.hydra.pages.GoogleHomePage.getPageTitle(GoogleHomePage.java:75)
	at com.hydra.pages.GoogleHomePage.getPageTitle(GoogleHomePage.java:75)
	at com.hydra.pages.GoogleHomePage.getPageTitle(GoogleHomePage.java:75)
	at com.hydra.pages.GoogleHomePage.getPageTitle(GoogleHomePage.java:75)
	at com.hydra.pages.GoogleHomePage.getPageTitle(GoogleHomePage.java:75)
	at com.hydra.pages.GoogleHomePage.getPageTitle(GoogleHomePage.java:75)
	at com.hydra.pages.GoogleHomePage.getPageTitle(GoogleHomePage.java:75)
	at com.hydra.pages.GoogleHomePage.getPageTitle(GoogleHomePage.java:75)
	at com.hydra.pages.GoogleHomePage.getPageTitle(GoogleHomePage.java:75)
	at com.hydra.pages.GoogleHomePage.getPageTitle(GoogleHomePage.java:75)
	at com.hydra.pages.GoogleHomePage.getPageTitle(GoogleHomePage.java:75)
	at com.hydra.pages.GoogleHomePage.getPageTitle(GoogleHomePage.java:75)
	at com.hydra.pages.GoogleHomePage.getPageTitle(GoogleHomePage.java:75)
	at com.hydra.pages.GoogleHomePage.getPageTitle(GoogleHomePage.java:75)
	at com.hydra.pages.GoogleHomePage.getPageTitle(GoogleHomePage.java:75)
	at com.hydra.pages.GoogleHomePage.getPageTitle(GoogleHomePage.java:75)
	at com.hydra.pages.GoogleHomePage.getPageTitle(GoogleHomePage.java:75)
	at com.hydra.pages.GoogleHomePage.getPageTitle(GoogleHomePage.java:75)
	at com.hydra.pages.GoogleHomePage.getPageTitle(GoogleHomePage.java:75)
	at com.hydra.pages.GoogleHomePage.getPageTitle(GoogleHomePage.java:75)
	at com.hydra.pages.GoogleHomePage.getPageTitle(GoogleHomePage.java:75)
	at com.hydra.pages.GoogleHomePage.getPageTitle(GoogleHomePage.java:75)
	at com.hydra.pages.GoogleHomePage.getPageTitle(GoogleHomePage.java:75)
	at com.hydra.pages.GoogleHomePage.getPageTitle(GoogleHomePage.java:75)
	at com.hydra.pages.GoogleHomePage.getPageTitle(GoogleHomePage.java:75)
	at com.hydra.pages.GoogleHomePage.getPageTitle(GoogleHomePage.java:75)
	at com.hydra.pages.GoogleHomePage.getPageTitle(GoogleHomePage.java:75)
	at com.hydra.pages.GoogleHomePage.getPageTitle(GoogleHomePage.java:75)
	at com.hydra.pages.GoogleHomePage.getPageTitle(GoogleHomePage.java:75)
	at com.hydra.pages.GoogleHomePage.getPageTitle(GoogleHomePage.java:75)
	at com.hydra.pages.GoogleHomePage.getPageTitle(GoogleHomePage.java:75)
	at com.hydra.pages.GoogleHomePage.getPageTitle(GoogleHomePage.java:75)
	at com.hydra.pages.GoogleHomePage.getPageTitle(GoogleHomePage.java:75)
	at com.hydra.pages.GoogleHomePage.getPageTitle(GoogleHomePage.java:75)
	at com.hydra.pages.GoogleHomePage.getPageTitle(GoogleHomePage.java:75)
	at com.hydra.pages.GoogleHomePage.getPageTitle(GoogleHomePage.java:75)
	at com.hydra.pages.GoogleHomePage.getPageTitle(GoogleHomePage.java:75)
	at com.hydra.pages.GoogleHomePage.getPageTitle(GoogleHomePage.java:75)
	at com.hydra.pages.GoogleHomePage.getPageTitle(GoogleHomePage.java:75)
	at com.hydra.pages.GoogleHomePage.getPageTitle(GoogleHomePage.java:75)
	at com.hydra.pages.GoogleHomePage.getPageTitle(GoogleHomePage.java:75)
	at com.hydra.pages.GoogleHomePage.getPageTitle(GoogleHomePage.java:75)
	at com.hydra.pages.GoogleHomePage.getPageTitle(GoogleHomePage.java:75)
	at com.hydra.pages.GoogleHomePage.getPageTitle(GoogleHomePage.java:75)
	at com.hydra.pages.GoogleHomePage.getPageTitle(GoogleHomePage.java:75)
	at com.hydra.pages.GoogleHomePage.getPageTitle(GoogleHomePage.java:75)
	at com.hydra.pages.GoogleHomePage.getPageTitle(GoogleHomePage.java:75)
	at com.hydra.pages.GoogleHomePage.getPageTitle(GoogleHomePage.java:75)
	at com.hydra.pages.GoogleHomePage.getPageTitle(GoogleHomePage.java:75)
	at com.hydra.pages.GoogleHomePage.getPageTitle(GoogleHomePage.java:75)
	at com.hydra.pages.GoogleHomePage.getPageTitle(GoogleHomePage.java:75)
	at com.hydra.pages.GoogleHomePage.getPageTitle(GoogleHomePage.java:75)
	at com.hydra.pages.GoogleHomePage.getPageTitle(GoogleHomePage.java:75)
	at com.hydra.pages.GoogleHomePage.getPageTitle(GoogleHomePage.java:75)
	at com.hydra.pages.GoogleHomePage.getPageTitle(GoogleHomePage.java:75)
	at com.hydra.pages.GoogleHomePage.getPageTitle(GoogleHomePage.java:75)
	at com.hydra.pages.GoogleHomePage.getPageTitle(GoogleHomePage.java:75)
	at com.hydra.pages.GoogleHomePage.getPageTitle(GoogleHomePage.java:75)
	at com.hydra.pages.GoogleHomePage.getPageTitle(GoogleHomePage.java:75)
	at com.hydra.pages.GoogleHomePage.getPageTitle(GoogleHomePage.java:75)
	at com.hydra.pages.GoogleHomePage.getPageTitle(GoogleHomePage.java:75)
	at com.hydra.pages.GoogleHomePage.getPageTitle(GoogleHomePage.java:75)
	at com.hydra.pages.GoogleHomePage.getPageTitle(GoogleHomePage.java:75)
	at com.hydra.pages.GoogleHomePage.getPageTitle(GoogleHomePage.java:75)
	at com.hydra.pages.GoogleHomePage.getPageTitle(GoogleHomePage.java:75)
	at com.hydra.pages.GoogleHomePage.getPageTitle(GoogleHomePage.java:75)
	at com.hydra.pages.GoogleHomePage.getPageTitle(GoogleHomePage.java:75)
	at com.hydra.pages.GoogleHomePage.getPageTitle(GoogleHomePage.java:75)
	at com.hydra.pages.GoogleHomePage.getPageTitle(GoogleHomePage.java:75)
	at com.hydra.pages.GoogleHomePage.getPageTitle(GoogleHomePage.java:75)
	at com.hydra.pages.GoogleHomePage.getPageTitle(GoogleHomePage.java:75)
	at com.hydra.pages.GoogleHomePage.getPageTitle(GoogleHomePage.java:75)
	at com.hydra.pages.GoogleHomePage.getPageTitle(GoogleHomePage.java:75)
	at com.hydra.pages.GoogleHomePage.getPageTitle(GoogleHomePage.java:75)
	at com.hydra.pages.GoogleHomePage.getPageTitle(GoogleHomePage.java:75)
	at com.hydra.pages.GoogleHomePage.getPageTitle(GoogleHomePage.java:75)
	at com.hydra.pages.GoogleHomePage.getPageTitle(GoogleHomePage.java:75)
	at com.hydra.pages.GoogleHomePage.getPageTitle(GoogleHomePage.java:75)
	at com.hydra.pages.GoogleHomePage.getPageTitle(GoogleHomePage.java:75)
	at com.hydra.pages.GoogleHomePage.getPageTitle(GoogleHomePage.java:75)
	at com.hydra.pages.GoogleHomePage.getPageTitle(GoogleHomePage.java:75)
	at com.hydra.pages.GoogleHomePage.getPageTitle(GoogleHomePage.java:75)
	at com.hydra.pages.GoogleHomePage.getPageTitle(GoogleHomePage.java:75)
	at com.hydra.pages.GoogleHomePage.getPageTitle(GoogleHomePage.java:75)
	at com.hydra.pages.GoogleHomePage.getPageTitle(GoogleHomePage.java:75)
	at com.hydra.pages.GoogleHomePage.getPageTitle(GoogleHomePage.java:75)
	at com.hydra.pages.GoogleHomePage.getPageTitle(GoogleHomePage.java:75)
	at com.hydra.pages.GoogleHomePage.getPageTitle(GoogleHomePage.java:75)
	at com.hydra.pages.GoogleHomePage.getPageTitle(GoogleHomePage.java:75)
	at com.hydra.pages.GoogleHomePage.getPageTitle(GoogleHomePage.java:75)
	at com.hydra.pages.GoogleHomePage.getPageTitle(GoogleHomePage.java:75)
	at com.hydra.pages.GoogleHomePage.getPageTitle(GoogleHomePage.java:75)
	at com.hydra.pages.GoogleHomePage.getPageTitle(GoogleHomePage.java:75)
	at com.hydra.pages.GoogleHomePage.getPageTitle(GoogleHomePage.java:75)
	at com.hydra.pages.GoogleHomePage.getPageTitle(GoogleHomePage.java:75)
	at com.hydra.pages.GoogleHomePage.getPageTitle(GoogleHomePage.java:75)
	at com.hydra.pages.GoogleHomePage.getPageTitle(GoogleHomePage.java:75)
	at com.hydra.pages.GoogleHomePage.getPageTitle(GoogleHomePage.java:75)
	at com.hydra.pages.GoogleHomePage.getPageTitle(GoogleHomePage.java:75)
	at com.hydra.pages.GoogleHomePage.getPageTitle(GoogleHomePage.java:75)
	at com.hydra.pages.GoogleHomePage.getPageTitle(GoogleHomePage.java:75)
	at com.hydra.pages.GoogleHomePage.getPageTitle(GoogleHomePage.java:75)
	at com.hydra.pages.GoogleHomePage.getPageTitle(GoogleHomePage.java:75)
	at com.hydra.pages.GoogleHomePage.getPageTitle(GoogleHomePage.java:75)
	at com.hydra.pages.GoogleHomePage.getPageTitle(GoogleHomePage.java:75)
	at com.hydra.pages.GoogleHomePage.getPageTitle(GoogleHomePage.java:75)
	at com.hydra.pages.GoogleHomePage.getPageTitle(GoogleHomePage.java:75)
	at com.hydra.pages.GoogleHomePage.getPageTitle(GoogleHomePage.java:75)
	at com.hydra.pages.GoogleHomePage.getPageTitle(GoogleHomePage.java:75)
	at com.hydra.pages.GoogleHomePage.getPageTitle(GoogleHomePage.java:75)
	at com.hydra.pages.GoogleHomePage.getPageTitle(GoogleHomePage.java:75)
	at com.hydra.pages.GoogleHomePage.getPageTitle(GoogleHomePage.java:75)
	at com.hydra.pages.GoogleHomePage.getPageTitle(GoogleHomePage.java:75)
	at com.hydra.pages.GoogleHomePage.getPageTitle(GoogleHomePage.java:75)
	at com.hydra.pages.GoogleHomePage.getPageTitle(GoogleHomePage.java:75)
	at com.hydra.pages.GoogleHomePage.getPageTitle(GoogleHomePage.java:75)
	at com.hydra.pages.GoogleHomePage.getPageTitle(GoogleHomePage.java:75)
	at com.hydra.pages.GoogleHomePage.getPageTitle(GoogleHomePage.java:75)
	at com.hydra.pages.GoogleHomePage.getPageTitle(GoogleHomePage.java:75)
	at com.hydra.pages.GoogleHomePage.getPageTitle(GoogleHomePage.java:75)
	at com.hydra.pages.GoogleHomePage.getPageTitle(GoogleHomePage.java:75)
	at com.hydra.pages.GoogleHomePage.getPageTitle(GoogleHomePage.java:75)
	at com.hydra.pages.GoogleHomePage.getPageTitle(GoogleHomePage.java:75)
	at com.hydra.pages.GoogleHomePage.getPageTitle(GoogleHomePage.java:75)
	at com.hydra.pages.GoogleHomePage.getPageTitle(GoogleHomePage.java:75)
	at com.hydra.pages.GoogleHomePage.getPageTitle(GoogleHomePage.java:75)
	at com.hydra.pages.GoogleHomePage.getPageTitle(GoogleHomePage.java:75)
	at com.hydra.pages.GoogleHomePage.getPageTitle(GoogleHomePage.java:75)
	at com.hydra.pages.GoogleHomePage.getPageTitle(GoogleHomePage.java:75)
	at com.hydra.pages.GoogleHomePage.getPageTitle(GoogleHomePage.java:75)
	at com.hydra.pages.GoogleHomePage.getPageTitle(GoogleHomePage.java:75)
	at com.hydra.pages.GoogleHomePage.getPageTitle(GoogleHomePage.java:75)
	at com.hydra.pages.GoogleHomePage.getPageTitle(GoogleHomePage.java:75)
	at com.hydra.pages.GoogleHomePage.getPageTitle(GoogleHomePage.java:75)
	at com.hydra.pages.GoogleHomePage.getPageTitle(GoogleHomePage.java:75)
	at com.hydra.pages.GoogleHomePage.getPageTitle(GoogleHomePage.java:75)
	at com.hydra.pages.GoogleHomePage.getPageTitle(GoogleHomePage.java:75)
	at com.hydra.pages.GoogleHomePage.getPageTitle(GoogleHomePage.java:75)
	at com.hydra.pages.GoogleHomePage.getPageTitle(GoogleHomePage.java:75)
	at com.hydra.pages.GoogleHomePage.getPageTitle(GoogleHomePage.java:75)
	at com.hydra.pages.GoogleHomePage.getPageTitle(GoogleHomePage.java:75)
	at com.hydra.pages.GoogleHomePage.getPageTitle(GoogleHomePage.java:75)
	at com.hydra.pages.GoogleHomePage.getPageTitle(GoogleHomePage.java:75)
	at com.hydra.pages.GoogleHomePage.getPageTitle(GoogleHomePage.java:75)
	at com.hydra.pages.GoogleHomePage.getPageTitle(GoogleHomePage.java:75)
	at com.hydra.pages.GoogleHomePage.getPageTitle(GoogleHomePage.java:75)
	at com.hydra.pages.GoogleHomePage.getPageTitle(GoogleHomePage.java:75)
	at com.hydra.pages.GoogleHomePage.getPageTitle(GoogleHomePage.java:75)
	at com.hydra.pages.GoogleHomePage.getPageTitle(GoogleHomePage.java:75)
	at com.hydra.pages.GoogleHomePage.getPageTitle(GoogleHomePage.java:75)
	at com.hydra.pages.GoogleHomePage.getPageTitle(GoogleHomePage.java:75)
	at com.hydra.pages.GoogleHomePage.getPageTitle(GoogleHomePage.java:75)
	at com.hydra.pages.GoogleHomePage.getPageTitle(GoogleHomePage.java:75)
	at com.hydra.pages.GoogleHomePage.getPageTitle(GoogleHomePage.java:75)
	at com.hydra.pages.GoogleHomePage.getPageTitle(GoogleHomePage.java:75)
	at com.hydra.pages.GoogleHomePage.getPageTitle(GoogleHomePage.java:75)
	at com.hydra.pages.GoogleHomePage.getPageTitle(GoogleHomePage.java:75)
	at com.hydra.pages.GoogleHomePage.getPageTitle(GoogleHomePage.java:75)
	at com.hydra.pages.GoogleHomePage.getPageTitle(GoogleHomePage.java:75)
	at com.hydra.pages.GoogleHomePage.getPageTitle(GoogleHomePage.java:75)
	at com.hydra.pages.GoogleHomePage.getPageTitle(GoogleHomePage.java:75)
	at com.hydra.pages.GoogleHomePage.getPageTitle(GoogleHomePage.java:75)
	at com.hydra.pages.GoogleHomePage.getPageTitle(GoogleHomePage.java:75)
	at com.hydra.pages.GoogleHomePage.getPageTitle(GoogleHomePage.java:75)
	at com.hydra.pages.GoogleHomePage.getPageTitle(GoogleHomePage.java:75)
	at com.hydra.pages.GoogleHomePage.getPageTitle(GoogleHomePage.java:75)
	at com.hydra.pages.GoogleHomePage.getPageTitle(GoogleHomePage.java:75)
	at com.hydra.pages.GoogleHomePage.getPageTitle(GoogleHomePage.java:75)
	at com.hydra.pages.GoogleHomePage.getPageTitle(GoogleHomePage.java:75)
	at com.hydra.pages.GoogleHomePage.getPageTitle(GoogleHomePage.java:75)
	at com.hydra.pages.GoogleHomePage.getPageTitle(GoogleHomePage.java:75)
	at com.hydra.pages.GoogleHomePage.getPageTitle(GoogleHomePage.java:75)
	at com.hydra.pages.GoogleHomePage.getPageTitle(GoogleHomePage.java:75)
	at com.hydra.pages.GoogleHomePage.getPageTitle(GoogleHomePage.java:75)
	at com.hydra.pages.GoogleHomePage.getPageTitle(GoogleHomePage.java:75)
	at com.hydra.pages.GoogleHomePage.getPageTitle(GoogleHomePage.java:75)
	at com.hydra.pages.GoogleHomePage.getPageTitle(GoogleHomePage.java:75)
	at com.hydra.pages.GoogleHomePage.getPageTitle(GoogleHomePage.java:75)
	at com.hydra.pages.GoogleHomePage.getPageTitle(GoogleHomePage.java:75)
	at com.hydra.pages.GoogleHomePage.getPageTitle(GoogleHomePage.java:75)
	at com.hydra.pages.GoogleHomePage.getPageTitle(GoogleHomePage.java:75)
	at com.hydra.pages.GoogleHomePage.getPageTitle(GoogleHomePage.java:75)
	at com.hydra.pages.GoogleHomePage.getPageTitle(GoogleHomePage.java:75)
	at com.hydra.pages.GoogleHomePage.getPageTitle(GoogleHomePage.java:75)
	at com.hydra.pages.GoogleHomePage.getPageTitle(GoogleHomePage.java:75)
	at com.hydra.pages.GoogleHomePage.getPageTitle(GoogleHomePage.java:75)
	at com.hydra.pages.GoogleHomePage.getPageTitle(GoogleHomePage.java:75)
	at com.hydra.pages.GoogleHomePage.getPageTitle(GoogleHomePage.java:75)
	at com.hydra.pages.GoogleHomePage.getPageTitle(GoogleHomePage.java:75)
	at com.hydra.pages.GoogleHomePage.getPageTitle(GoogleHomePage.java:75)
	at com.hydra.pages.GoogleHomePage.getPageTitle(GoogleHomePage.java:75)
	at com.hydra.pages.GoogleHomePage.getPageTitle(GoogleHomePage.java:75)
	at com.hydra.pages.GoogleHomePage.getPageTitle(GoogleHomePage.java:75)
	at com.hydra.pages.GoogleHomePage.getPageTitle(GoogleHomePage.java:75)
	at com.hydra.pages.GoogleHomePage.getPageTitle(GoogleHomePage.java:75)
	at com.hydra.pages.GoogleHomePage.getPageTitle(GoogleHomePage.java:75)
	at com.hydra.pages.GoogleHomePage.getPageTitle(GoogleHomePage.java:75)
	at com.hydra.pages.GoogleHomePage.getPageTitle(GoogleHomePage.java:75)
	at com.hydra.pages.GoogleHomePage.getPageTitle(GoogleHomePage.java:75)
	at com.hydra.pages.GoogleHomePage.getPageTitle(GoogleHomePage.java:75)
	at com.hydra.pages.GoogleHomePage.getPageTitle(GoogleHomePage.java:75)
	at com.hydra.pages.GoogleHomePage.getPageTitle(GoogleHomePage.java:75)
	at com.hydra.pages.GoogleHomePage.getPageTitle(GoogleHomePage.java:75)
	at com.hydra.pages.GoogleHomePage.getPageTitle(GoogleHomePage.java:75)
	at com.hydra.pages.GoogleHomePage.getPageTitle(GoogleHomePage.java:75)
	at com.hydra.pages.GoogleHomePage.getPageTitle(GoogleHomePage.java:75)
	at com.hydra.pages.GoogleHomePage.getPageTitle(GoogleHomePage.java:75)
	at com.hydra.pages.GoogleHomePage.getPageTitle(GoogleHomePage.java:75)
	at com.hydra.pages.GoogleHomePage.getPageTitle(GoogleHomePage.java:75)
	at com.hydra.pages.GoogleHomePage.getPageTitle(GoogleHomePage.java:75)
	at com.hydra.pages.GoogleHomePage.getPageTitle(GoogleHomePage.java:75)
	at com.hydra.pages.GoogleHomePage.getPageTitle(GoogleHomePage.java:75)
	at com.hydra.pages.GoogleHomePage.getPageTitle(GoogleHomePage.java:75)
	at com.hydra.pages.GoogleHomePage.getPageTitle(GoogleHomePage.java:75)
	at com.hydra.pages.GoogleHomePage.getPageTitle(GoogleHomePage.java:75)
	at com.hydra.pages.GoogleHomePage.getPageTitle(GoogleHomePage.java:75)
	at com.hydra.pages.GoogleHomePage.getPageTitle(GoogleHomePage.java:75)
	at com.hydra.pages.GoogleHomePage.getPageTitle(GoogleHomePage.java:75)
	at com.hydra.pages.GoogleHomePage.getPageTitle(GoogleHomePage.java:75)
	at com.hydra.pages.GoogleHomePage.getPageTitle(GoogleHomePage.java:75)
	at com.hydra.pages.GoogleHomePage.getPageTitle(GoogleHomePage.java:75)
	at com.hydra.pages.GoogleHomePage.getPageTitle(GoogleHomePage.java:75)
	at com.hydra.pages.GoogleHomePage.getPageTitle(GoogleHomePage.java:75)
	at com.hydra.pages.GoogleHomePage.getPageTitle(GoogleHomePage.java:75)
	at com.hydra.pages.GoogleHomePage.getPageTitle(GoogleHomePage.java:75)
	at com.hydra.pages.GoogleHomePage.getPageTitle(GoogleHomePage.java:75)
	at com.hydra.pages.GoogleHomePage.getPageTitle(GoogleHomePage.java:75)
	at com.hydra.pages.GoogleHomePage.getPageTitle(GoogleHomePage.java:75)
	at com.hydra.pages.GoogleHomePage.getPageTitle(GoogleHomePage.java:75)
	at com.hydra.pages.GoogleHomePage.getPageTitle(GoogleHomePage.java:75)
	at com.hydra.pages.GoogleHomePage.getPageTitle(GoogleHomePage.java:75)
	at com.hydra.pages.GoogleHomePage.getPageTitle(GoogleHomePage.java:75)
	at com.hydra.pages.GoogleHomePage.getPageTitle(GoogleHomePage.java:75)
	at com.hydra.pages.GoogleHomePage.getPageTitle(GoogleHomePage.java:75)
	at com.hydra.pages.GoogleHomePage.getPageTitle(GoogleHomePage.java:75)
	at com.hydra.pages.GoogleHomePage.getPageTitle(GoogleHomePage.java:75)
	at com.hydra.pages.GoogleHomePage.getPageTitle(GoogleHomePage.java:75)
	at com.hydra.pages.GoogleHomePage.getPageTitle(GoogleHomePage.java:75)
	at com.hydra.pages.GoogleHomePage.getPageTitle(GoogleHomePage.java:75)
	at com.hydra.pages.GoogleHomePage.getPageTitle(GoogleHomePage.java:75)
	at com.hydra.pages.GoogleHomePage.getPageTitle(GoogleHomePage.java:75)
	at com.hydra.pages.GoogleHomePage.getPageTitle(GoogleHomePage.java:75)
	at com.hydra.pages.GoogleHomePage.getPageTitle(GoogleHomePage.java:75)
	at com.hydra.pages.GoogleHomePage.getPageTitle(GoogleHomePage.java:75)
	at com.hydra.pages.GoogleHomePage.getPageTitle(GoogleHomePage.java:75)
	at com.hydra.pages.GoogleHomePage.getPageTitle(GoogleHomePage.java:75)
	at com.hydra.pages.GoogleHomePage.getPageTitle(GoogleHomePage.java:75)
	at com.hydra.pages.GoogleHomePage.getPageTitle(GoogleHomePage.java:75)
	at com.hydra.pages.GoogleHomePage.getPageTitle(GoogleHomePage.java:75)
	at com.hydra.pages.GoogleHomePage.getPageTitle(GoogleHomePage.java:75)
	at com.hydra.pages.GoogleHomePage.getPageTitle(GoogleHomePage.java:75)
	at com.hydra.pages.GoogleHomePage.getPageTitle(GoogleHomePage.java:75)
	at com.hydra.pages.GoogleHomePage.getPageTitle(GoogleHomePage.java:75)
	at com.hydra.pages.GoogleHomePage.getPageTitle(GoogleHomePage.java:75)
	at com.hydra.pages.GoogleHomePage.getPageTitle(GoogleHomePage.java:75)
	at com.hydra.pages.GoogleHomePage.getPageTitle(GoogleHomePage.java:75)
	at com.hydra.pages.GoogleHomePage.getPageTitle(GoogleHomePage.java:75)
	at com.hydra.pages.GoogleHomePage.getPageTitle(GoogleHomePage.java:75)
	at com.hydra.pages.GoogleHomePage.getPageTitle(GoogleHomePage.java:75)
	at com.hydra.pages.GoogleHomePage.getPageTitle(GoogleHomePage.java:75)
	at com.hydra.pages.GoogleHomePage.getPageTitle(GoogleHomePage.java:75)
	at com.hydra.pages.GoogleHomePage.getPageTitle(GoogleHomePage.java:75)
	at com.hydra.pages.GoogleHomePage.getPageTitle(GoogleHomePage.java:75)
	at com.hydra.pages.GoogleHomePage.getPageTitle(GoogleHomePage.java:75)
	at com.hydra.pages.GoogleHomePage.getPageTitle(GoogleHomePage.java:75)
	at com.hydra.pages.GoogleHomePage.getPageTitle(GoogleHomePage.java:75)
	at com.hydra.pages.GoogleHomePage.getPageTitle(GoogleHomePage.java:75)
	at com.hydra.pages.GoogleHomePage.getPageTitle(GoogleHomePage.java:75)
	at com.hydra.pages.GoogleHomePage.getPageTitle(GoogleHomePage.java:75)
	at com.hydra.pages.GoogleHomePage.getPageTitle(GoogleHomePage.java:75)
	at com.hydra.pages.GoogleHomePage.getPageTitle(GoogleHomePage.java:75)
	at com.hydra.pages.GoogleHomePage.getPageTitle(GoogleHomePage.java:75)
	at com.hydra.pages.GoogleHomePage.getPageTitle(GoogleHomePage.java:75)
	at com.hydra.pages.GoogleHomePage.getPageTitle(GoogleHomePage.java:75)
	at com.hydra.pages.GoogleHomePage.getPageTitle(GoogleHomePage.java:75)
	at com.hydra.pages.GoogleHomePage.getPageTitle(GoogleHomePage.java:75)
	at com.hydra.pages.GoogleHomePage.getPageTitle(GoogleHomePage.java:75)
	at com.hydra.pages.GoogleHomePage.getPageTitle(GoogleHomePage.java:75)
	at com.hydra.pages.GoogleHomePage.getPageTitle(GoogleHomePage.java:75)
	at com.hydra.pages.GoogleHomePage.getPageTitle(GoogleHomePage.java:75)
	at com.hydra.pages.GoogleHomePage.getPageTitle(GoogleHomePage.java:75)
	at com.hydra.pages.GoogleHomePage.getPageTitle(GoogleHomePage.java:75)
	at com.hydra.pages.GoogleHomePage.getPageTitle(GoogleHomePage.java:75)
	at com.hydra.pages.GoogleHomePage.getPageTitle(GoogleHomePage.java:75)
	at com.hydra.pages.GoogleHomePage.getPageTitle(GoogleHomePage.java:75)
	at com.hydra.pages.GoogleHomePage.getPageTitle(GoogleHomePage.java:75)
	at com.hydra.pages.GoogleHomePage.getPageTitle(GoogleHomePage.java:75)
	at com.hydra.pages.GoogleHomePage.getPageTitle(GoogleHomePage.java:75)
	at com.hydra.pages.GoogleHomePage.getPageTitle(GoogleHomePage.java:75)
	at com.hydra.pages.GoogleHomePage.getPageTitle(GoogleHomePage.java:75)
	at com.hydra.pages.GoogleHomePage.getPageTitle(GoogleHomePage.java:75)
	at com.hydra.pages.GoogleHomePage.getPageTitle(GoogleHomePage.java:75)
	at com.hydra.pages.GoogleHomePage.getPageTitle(GoogleHomePage.java:75)
	at com.hydra.pages.GoogleHomePage.getPageTitle(GoogleHomePage.java:75)
	at com.hydra.pages.GoogleHomePage.getPageTitle(GoogleHomePage.java:75)
	at com.hydra.pages.GoogleHomePage.getPageTitle(GoogleHomePage.java:75)
	at com.hydra.pages.GoogleHomePage.getPageTitle(GoogleHomePage.java:75)
	at com.hydra.pages.GoogleHomePage.getPageTitle(GoogleHomePage.java:75)
	at com.hydra.pages.GoogleHomePage.getPageTitle(GoogleHomePage.java:75)
	at com.hydra.pages.GoogleHomePage.getPageTitle(GoogleHomePage.java:75)
	at com.hydra.pages.GoogleHomePage.getPageTitle(GoogleHomePage.java:75)
	at com.hydra.pages.GoogleHomePage.getPageTitle(GoogleHomePage.java:75)
	at com.hydra.pages.GoogleHomePage.getPageTitle(GoogleHomePage.java:75)
	at com.hydra.pages.GoogleHomePage.getPageTitle(GoogleHomePage.java:75)
	at com.hydra.pages.GoogleHomePage.getPageTitle(GoogleHomePage.java:75)
	at com.hydra.pages.GoogleHomePage.getPageTitle(GoogleHomePage.java:75)
	at com.hydra.pages.GoogleHomePage.getPageTitle(GoogleHomePage.java:75)
	at com.hydra.pages.GoogleHomePage.getPageTitle(GoogleHomePage.java:75)
	at com.hydra.pages.GoogleHomePage.getPageTitle(GoogleHomePage.java:75)
	at com.hydra.pages.GoogleHomePage.getPageTitle(GoogleHomePage.java:75)
	at com.hydra.pages.GoogleHomePage.getPageTitle(GoogleHomePage.java:75)
	at com.hydra.pages.GoogleHomePage.getPageTitle(GoogleHomePage.java:75)
	at com.hydra.pages.GoogleHomePage.getPageTitle(GoogleHomePage.java:75)
	at com.hydra.pages.GoogleHomePage.getPageTitle(GoogleHomePage.java:75)
	at com.hydra.pages.GoogleHomePage.getPageTitle(GoogleHomePage.java:75)
	at com.hydra.pages.GoogleHomePage.getPageTitle(GoogleHomePage.java:75)
	at com.hydra.pages.GoogleHomePage.getPageTitle(GoogleHomePage.java:75)
	at com.hydra.pages.GoogleHomePage.getPageTitle(GoogleHomePage.java:75)
	at com.hydra.pages.GoogleHomePage.getPageTitle(GoogleHomePage.java:75)
	at com.hydra.pages.GoogleHomePage.getPageTitle(GoogleHomePage.java:75)
	at com.hydra.pages.GoogleHomePage.getPageTitle(GoogleHomePage.java:75)
	at com.hydra.pages.GoogleHomePage.getPageTitle(GoogleHomePage.java:75)
	at com.hydra.pages.GoogleHomePage.getPageTitle(GoogleHomePage.java:75)
	at com.hydra.pages.GoogleHomePage.getPageTitle(GoogleHomePage.java:75)
	at com.hydra.pages.GoogleHomePage.getPageTitle(GoogleHomePage.java:75)
	at com.hydra.pages.GoogleHomePage.getPageTitle(GoogleHomePage.java:75)
	at com.hydra.pages.GoogleHomePage.getPageTitle(GoogleHomePage.java:75)
	at com.hydra.pages.GoogleHomePage.getPageTitle(GoogleHomePage.java:75)
	at com.hydra.pages.GoogleHomePage.getPageTitle(GoogleHomePage.java:75)
	at com.hydra.pages.GoogleHomePage.getPageTitle(GoogleHomePage.java:75)
	at com.hydra.pages.GoogleHomePage.getPageTitle(GoogleHomePage.java:75)
	at com.hydra.pages.GoogleHomePage.getPageTitle(GoogleHomePage.java:75)
	at com.hydra.pages.GoogleHomePage.getPageTitle(GoogleHomePage.java:75)
	at com.hydra.pages.GoogleHomePage.getPageTitle(GoogleHomePage.java:75)
	at com.hydra.pages.GoogleHomePage.getPageTitle(GoogleHomePage.java:75)
	at com.hydra.pages.GoogleHomePage.getPageTitle(GoogleHomePage.java:75)
	at com.hydra.pages.GoogleHomePage.getPageTitle(GoogleHomePage.java:75)
	at com.hydra.pages.GoogleHomePage.getPageTitle(GoogleHomePage.java:75)
	at com.hydra.pages.GoogleHomePage.getPageTitle(GoogleHomePage.java:75)
	at com.hydra.pages.GoogleHomePage.getPageTitle(GoogleHomePage.java:75)
	at com.hydra.pages.GoogleHomePage.getPageTitle(GoogleHomePage.java:75)
	at com.hydra.pages.GoogleHomePage.getPageTitle(GoogleHomePage.java:75)
	at com.hydra.pages.GoogleHomePage.getPageTitle(GoogleHomePage.java:75)
	at com.hydra.pages.GoogleHomePage.getPageTitle(GoogleHomePage.java:75)
	at com.hydra.pages.GoogleHomePage.getPageTitle(GoogleHomePage.java:75)
	at com.hydra.pages.GoogleHomePage.getPageTitle(GoogleHomePage.java:75)
	at com.hydra.pages.GoogleHomePage.getPageTitle(GoogleHomePage.java:75)
	at com.hydra.pages.GoogleHomePage.getPageTitle(GoogleHomePage.java:75)
	at com.hydra.pages.GoogleHomePage.getPageTitle(GoogleHomePage.java:75)
	at com.hydra.pages.GoogleHomePage.getPageTitle(GoogleHomePage.java:75)
	at com.hydra.pages.GoogleHomePage.getPageTitle(GoogleHomePage.java:75)
	at com.hydra.pages.GoogleHomePage.getPageTitle(GoogleHomePage.java:75)
	at com.hydra.pages.GoogleHomePage.getPageTitle(GoogleHomePage.java:75)
	at com.hydra.pages.GoogleHomePage.getPageTitle(GoogleHomePage.java:75)
	at com.hydra.pages.GoogleHomePage.getPageTitle(GoogleHomePage.java:75)
	at com.hydra.pages.GoogleHomePage.getPageTitle(GoogleHomePage.java:75)
	at com.hydra.pages.GoogleHomePage.getPageTitle(GoogleHomePage.java:75)
	at com.hydra.pages.GoogleHomePage.getPageTitle(GoogleHomePage.java:75)
	at com.hydra.pages.GoogleHomePage.getPageTitle(GoogleHomePage.java:75)
	at com.hydra.pages.GoogleHomePage.getPageTitle(GoogleHomePage.java:75)
	at com.hydra.pages.GoogleHomePage.getPageTitle(GoogleHomePage.java:75)
	at com.hydra.pages.GoogleHomePage.getPageTitle(GoogleHomePage.java:75)
	at com.hydra.pages.GoogleHomePage.getPageTitle(GoogleHomePage.java:75)
	at com.hydra.pages.GoogleHomePage.getPageTitle(GoogleHomePage.java:75)
	at com.hydra.pages.GoogleHomePage.getPageTitle(GoogleHomePage.java:75)
	at com.hydra.pages.GoogleHomePage.getPageTitle(GoogleHomePage.java:75)
	at com.hydra.pages.GoogleHomePage.getPageTitle(GoogleHomePage.java:75)
	at com.hydra.pages.GoogleHomePage.getPageTitle(GoogleHomePage.java:75)
	at com.hydra.pages.GoogleHomePage.getPageTitle(GoogleHomePage.java:75)
	at com.hydra.pages.GoogleHomePage.getPageTitle(GoogleHomePage.java:75)
	at com.hydra.pages.GoogleHomePage.getPageTitle(GoogleHomePage.java:75)
	at com.hydra.pages.GoogleHomePage.getPageTitle(GoogleHomePage.java:75)
	at com.hydra.pages.GoogleHomePage.getPageTitle(GoogleHomePage.java:75)
	at com.hydra.pages.GoogleHomePage.getPageTitle(GoogleHomePage.java:75)
	at com.hydra.pages.GoogleHomePage.getPageTitle(GoogleHomePage.java:75)
	at com.hydra.pages.GoogleHomePage.getPageTitle(GoogleHomePage.java:75)
	at com.hydra.pages.GoogleHomePage.getPageTitle(GoogleHomePage.java:75)
	at com.hydra.pages.GoogleHomePage.getPageTitle(GoogleHomePage.java:75)
	at com.hydra.pages.GoogleHomePage.getPageTitle(GoogleHomePage.java:75)
	at com.hydra.pages.GoogleHomePage.getPageTitle(GoogleHomePage.java:75)
	at com.hydra.pages.GoogleHomePage.getPageTitle(GoogleHomePage.java:75)
	at com.hydra.pages.GoogleHomePage.getPageTitle(GoogleHomePage.java:75)
	at com.hydra.pages.GoogleHomePage.getPageTitle(GoogleHomePage.java:75)
	at com.hydra.pages.GoogleHomePage.getPageTitle(GoogleHomePage.java:75)
	at com.hydra.pages.GoogleHomePage.getPageTitle(GoogleHomePage.java:75)
	at com.hydra.pages.GoogleHomePage.getPageTitle(GoogleHomePage.java:75)
	at com.hydra.pages.GoogleHomePage.getPageTitle(GoogleHomePage.java:75)
	at com.hydra.pages.GoogleHomePage.getPageTitle(GoogleHomePage.java:75)
	at com.hydra.pages.GoogleHomePage.getPageTitle(GoogleHomePage.java:75)
	at com.hydra.pages.GoogleHomePage.getPageTitle(GoogleHomePage.java:75)
	at com.hydra.pages.GoogleHomePage.getPageTitle(GoogleHomePage.java:75)
	at com.hydra.pages.GoogleHomePage.getPageTitle(GoogleHomePage.java:75)
	at com.hydra.pages.GoogleHomePage.getPageTitle(GoogleHomePage.java:75)
	at com.hydra.pages.GoogleHomePage.getPageTitle(GoogleHomePage.java:75)
	at com.hydra.pages.GoogleHomePage.getPageTitle(GoogleHomePage.java:75)
	at com.hydra.pages.GoogleHomePage.getPageTitle(GoogleHomePage.java:75)
	at com.hydra.pages.GoogleHomePage.getPageTitle(GoogleHomePage.java:75)
	at com.hydra.pages.GoogleHomePage.getPageTitle(GoogleHomePage.java:75)
	at com.hydra.pages.GoogleHomePage.getPageTitle(GoogleHomePage.java:75)
	at com.hydra.pages.GoogleHomePage.getPageTitle(GoogleHomePage.java:75)
	at com.hydra.pages.GoogleHomePage.getPageTitle(GoogleHomePage.java:75)
	at com.hydra.pages.GoogleHomePage.getPageTitle(GoogleHomePage.java:75)
	at com.hydra.pages.GoogleHomePage.getPageTitle(GoogleHomePage.java:75)
	at com.hydra.pages.GoogleHomePage.getPageTitle(GoogleHomePage.java:75)
	at com.hydra.pages.GoogleHomePage.getPageTitle(GoogleHomePage.java:75)
	at com.hydra.pages.GoogleHomePage.getPageTitle(GoogleHomePage.java:75)
	at com.hydra.pages.GoogleHomePage.getPageTitle(GoogleHomePage.java:75)
	at com.hydra.pages.GoogleHomePage.getPageTitle(GoogleHomePage.java:75)
	at com.hydra.pages.GoogleHomePage.getPageTitle(GoogleHomePage.java:75)
	at com.hydra.pages.GoogleHomePage.getPageTitle(GoogleHomePage.java:75)
	at com.hydra.pages.GoogleHomePage.getPageTitle(GoogleHomePage.java:75)
	at com.hydra.pages.GoogleHomePage.getPageTitle(GoogleHomePage.java:75)
	at com.hydra.pages.GoogleHomePage.getPageTitle(GoogleHomePage.java:75)
	at com.hydra.pages.GoogleHomePage.getPageTitle(GoogleHomePage.java:75)
	at com.hydra.pages.GoogleHomePage.getPageTitle(GoogleHomePage.java:75)
	at com.hydra.pages.GoogleHomePage.getPageTitle(GoogleHomePage.java:75)
	at com.hydra.pages.GoogleHomePage.getPageTitle(GoogleHomePage.java:75)
	at com.hydra.pages.GoogleHomePage.getPageTitle(GoogleHomePage.java:75)
	at com.hydra.pages.GoogleHomePage.getPageTitle(GoogleHomePage.java:75)
	at com.hydra.pages.GoogleHomePage.getPageTitle(GoogleHomePage.java:75)
	at com.hydra.pages.GoogleHomePage.getPageTitle(GoogleHomePage.java:75)
	at com.hydra.pages.GoogleHomePage.getPageTitle(GoogleHomePage.java:75)
	at com.hydra.pages.GoogleHomePage.getPageTitle(GoogleHomePage.java:75)
	at com.hydra.pages.GoogleHomePage.getPageTitle(GoogleHomePage.java:75)
	at com.hydra.pages.GoogleHomePage.getPageTitle(GoogleHomePage.java:75)
	at com.hydra.pages.GoogleHomePage.getPageTitle(GoogleHomePage.java:75)
	at com.hydra.pages.GoogleHomePage.getPageTitle(GoogleHomePage.java:75)
	at com.hydra.pages.GoogleHomePage.getPageTitle(GoogleHomePage.java:75)
	at com.hydra.pages.GoogleHomePage.getPageTitle(GoogleHomePage.java:75)
	at com.hydra.pages.GoogleHomePage.getPageTitle(GoogleHomePage.java:75)
	at com.hydra.pages.GoogleHomePage.getPageTitle(GoogleHomePage.java:75)
	at com.hydra.pages.GoogleHomePage.getPageTitle(GoogleHomePage.java:75)
	at com.hydra.pages.GoogleHomePage.getPageTitle(GoogleHomePage.java:75)
	at com.hydra.pages.GoogleHomePage.getPageTitle(GoogleHomePage.java:75)
	at com.hydra.pages.GoogleHomePage.getPageTitle(GoogleHomePage.java:75)
	at com.hydra.pages.GoogleHomePage.getPageTitle(GoogleHomePage.java:75)
	at com.hydra.pages.GoogleHomePage.getPageTitle(GoogleHomePage.java:75)
	at com.hydra.pages.GoogleHomePage.getPageTitle(GoogleHomePage.java:75)
	at com.hydra.pages.GoogleHomePage.getPageTitle(GoogleHomePage.java:75)
	at com.hydra.pages.GoogleHomePage.getPageTitle(GoogleHomePage.java:75)
	at com.hydra.pages.GoogleHomePage.getPageTitle(GoogleHomePage.java:75)
	at com.hydra.pages.GoogleHomePage.getPageTitle(GoogleHomePage.java:75)
	at com.hydra.pages.GoogleHomePage.getPageTitle(GoogleHomePage.java:75)
	at com.hydra.pages.GoogleHomePage.getPageTitle(GoogleHomePage.java:75)
	at com.hydra.pages.GoogleHomePage.getPageTitle(GoogleHomePage.java:75)
	at com.hydra.pages.GoogleHomePage.getPageTitle(GoogleHomePage.java:75)
	at com.hydra.pages.GoogleHomePage.getPageTitle(GoogleHomePage.java:75)
	at com.hydra.pages.GoogleHomePage.getPageTitle(GoogleHomePage.java:75)
	at com.hydra.pages.GoogleHomePage.getPageTitle(GoogleHomePage.java:75)
	at com.hydra.pages.GoogleHomePage.getPageTitle(GoogleHomePage.java:75)
	at com.hydra.pages.GoogleHomePage.getPageTitle(GoogleHomePage.java:75)
	at com.hydra.pages.GoogleHomePage.getPageTitle(GoogleHomePage.java:75)
	at com.hydra.pages.GoogleHomePage.getPageTitle(GoogleHomePage.java:75)
	at com.hydra.pages.GoogleHomePage.getPageTitle(GoogleHomePage.java:75)
	at com.hydra.pages.GoogleHomePage.getPageTitle(GoogleHomePage.java:75)
	at com.hydra.pages.GoogleHomePage.getPageTitle(GoogleHomePage.java:75)
	at com.hydra.pages.GoogleHomePage.getPageTitle(GoogleHomePage.java:75)
	at com.hydra.pages.GoogleHomePage.getPageTitle(GoogleHomePage.java:75)
	at com.hydra.pages.GoogleHomePage.getPageTitle(GoogleHomePage.java:75)
	at com.hydra.pages.GoogleHomePage.getPageTitle(GoogleHomePage.java:75)
	at com.hydra.pages.GoogleHomePage.getPageTitle(GoogleHomePage.java:75)
	at com.hydra.pages.GoogleHomePage.getPageTitle(GoogleHomePage.java:75)
	at com.hydra.pages.GoogleHomePage.getPageTitle(GoogleHomePage.java:75)
	at com.hydra.pages.GoogleHomePage.getPageTitle(GoogleHomePage.java:75)
	at com.hydra.pages.GoogleHomePage.getPageTitle(GoogleHomePage.java:75)
	at com.hydra.pages.GoogleHomePage.getPageTitle(GoogleHomePage.java:75)
	at com.hydra.pages.GoogleHomePage.getPageTitle(GoogleHomePage.java:75)
	at com.hydra.pages.GoogleHomePage.getPageTitle(GoogleHomePage.java:75)
	at com.hydra.pages.GoogleHomePage.getPageTitle(GoogleHomePage.java:75)
	at com.hydra.pages.GoogleHomePage.getPageTitle(GoogleHomePage.java:75)
	at com.hydra.pages.GoogleHomePage.getPageTitle(GoogleHomePage.java:75)
	at com.hydra.pages.GoogleHomePage.getPageTitle(GoogleHomePage.java:75)
	at com.hydra.pages.GoogleHomePage.getPageTitle(GoogleHomePage.java:75)
	at com.hydra.pages.GoogleHomePage.getPageTitle(GoogleHomePage.java:75)
	at com.hydra.pages.GoogleHomePage.getPageTitle(GoogleHomePage.java:75)
	at com.hydra.pages.GoogleHomePage.getPageTitle(GoogleHomePage.java:75)
	at com.hydra.pages.GoogleHomePage.getPageTitle(GoogleHomePage.java:75)
	at com.hydra.pages.GoogleHomePage.getPageTitle(GoogleHomePage.java:75)
	at com.hydra.pages.GoogleHomePage.getPageTitle(GoogleHomePage.java:75)
	at com.hydra.pages.GoogleHomePage.getPageTitle(GoogleHomePage.java:75)
	at com.hydra.pages.GoogleHomePage.getPageTitle(GoogleHomePage.java:75)
	at com.hydra.pages.GoogleHomePage.getPageTitle(GoogleHomePage.java:75)
	at com.hydra.pages.GoogleHomePage.getPageTitle(GoogleHomePage.java:75)
	at com.hydra.pages.GoogleHomePage.getPageTitle(GoogleHomePage.java:75)
	at com.hydra.pages.GoogleHomePage.getPageTitle(GoogleHomePage.java:75)
	at com.hydra.pages.GoogleHomePage.getPageTitle(GoogleHomePage.java:75)
	at com.hydra.pages.GoogleHomePage.getPageTitle(GoogleHomePage.java:75)
	at com.hydra.pages.GoogleHomePage.getPageTitle(GoogleHomePage.java:75)
	at com.hydra.pages.GoogleHomePage.getPageTitle(GoogleHomePage.java:75)
	at com.hydra.pages.GoogleHomePage.getPageTitle(GoogleHomePage.java:75)
	at com.hydra.pages.GoogleHomePage.getPageTitle(GoogleHomePage.java:75)
	at com.hydra.pages.GoogleHomePage.getPageTitle(GoogleHomePage.java:75)
	at com.hydra.pages.GoogleHomePage.getPageTitle(GoogleHomePage.java:75)
	at com.hydra.pages.GoogleHomePage.getPageTitle(GoogleHomePage.java:75)
	at com.hydra.pages.GoogleHomePage.getPageTitle(GoogleHomePage.java:75)
	at com.hydra.pages.GoogleHomePage.getPageTitle(GoogleHomePage.java:75)
	at com.hydra.pages.GoogleHomePage.getPageTitle(GoogleHomePage.java:75)
	at com.hydra.pages.GoogleHomePage.getPageTitle(GoogleHomePage.java:75)
	at com.hydra.pages.GoogleHomePage.getPageTitle(GoogleHomePage.java:75)
	at com.hydra.pages.GoogleHomePage.getPageTitle(GoogleHomePage.java:75)
	at com.hydra.pages.GoogleHomePage.getPageTitle(GoogleHomePage.java:75)
	at com.hydra.pages.GoogleHomePage.getPageTitle(GoogleHomePage.java:75)
	at com.hydra.pages.GoogleHomePage.getPageTitle(GoogleHomePage.java:75)
	at com.hydra.pages.GoogleHomePage.getPageTitle(GoogleHomePage.java:75)
	at com.hydra.pages.GoogleHomePage.getPageTitle(GoogleHomePage.java:75)
	at com.hydra.pages.GoogleHomePage.getPageTitle(GoogleHomePage.java:75)
	at com.hydra.pages.GoogleHomePage.getPageTitle(GoogleHomePage.java:75)
	at com.hydra.pages.GoogleHomePage.getPageTitle(GoogleHomePage.java:75)
	at com.hydra.pages.GoogleHomePage.getPageTitle(GoogleHomePage.java:75)
	at com.hydra.pages.GoogleHomePage.getPageTitle(GoogleHomePage.java:75)
	at com.hydra.pages.GoogleHomePage.getPageTitle(GoogleHomePage.java:75)
	at com.hydra.pages.GoogleHomePage.getPageTitle(GoogleHomePage.java:75)
	at com.hydra.pages.GoogleHomePage.getPageTitle(GoogleHomePage.java:75)
	at com.hydra.pages.GoogleHomePage.getPageTitle(GoogleHomePage.java:75)
	at com.hydra.pages.GoogleHomePage.getPageTitle(GoogleHomePage.java:75)
	at com.hydra.pages.GoogleHomePage.getPageTitle(GoogleHomePage.java:75)
	at com.hydra.pages.GoogleHomePage.getPageTitle(GoogleHomePage.java:75)
	at com.hydra.pages.GoogleHomePage.getPageTitle(GoogleHomePage.java:75)
	at com.hydra.pages.GoogleHomePage.getPageTitle(GoogleHomePage.java:75)
	at com.hydra.pages.GoogleHomePage.getPageTitle(GoogleHomePage.java:75)
	at com.hydra.pages.GoogleHomePage.getPageTitle(GoogleHomePage.java:75)
	at com.hydra.pages.GoogleHomePage.getPageTitle(GoogleHomePage.java:75)
	at com.hydra.pages.GoogleHomePage.getPageTitle(GoogleHomePage.java:75)
	at com.hydra.pages.GoogleHomePage.getPageTitle(GoogleHomePage.java:75)
	at com.hydra.pages.GoogleHomePage.getPageTitle(GoogleHomePage.java:75)
	at com.hydra.pages.GoogleHomePage.getPageTitle(GoogleHomePage.java:75)
	at com.hydra.pages.GoogleHomePage.getPageTitle(GoogleHomePage.java:75)
	at com.hydra.pages.GoogleHomePage.getPageTitle(GoogleHomePage.java:75)
	at com.hydra.pages.GoogleHomePage.getPageTitle(GoogleHomePage.java:75)
	at com.hydra.pages.GoogleHomePage.getPageTitle(GoogleHomePage.java:75)
	at com.hydra.pages.GoogleHomePage.getPageTitle(GoogleHomePage.java:75)
	at com.hydra.pages.GoogleHomePage.getPageTitle(GoogleHomePage.java:75)
	at com.hydra.pages.GoogleHomePage.getPageTitle(GoogleHomePage.java:75)
	at com.hydra.pages.GoogleHomePage.getPageTitle(GoogleHomePage.java:75)
	at com.hydra.pages.GoogleHomePage.getPageTitle(GoogleHomePage.java:75)
	at com.hydra.pages.GoogleHomePage.getPageTitle(GoogleHomePage.java:75)
	at com.hydra.pages.GoogleHomePage.getPageTitle(GoogleHomePage.java:75)
	at com.hydra.pages.GoogleHomePage.getPageTitle(GoogleHomePage.java:75)
	at com.hydra.pages.GoogleHomePage.getPageTitle(GoogleHomePage.java:75)
	at com.hydra.pages.GoogleHomePage.getPageTitle(GoogleHomePage.java:75)
	at com.hydra.pages.GoogleHomePage.getPageTitle(GoogleHomePage.java:75)
	at com.hydra.pages.GoogleHomePage.getPageTitle(GoogleHomePage.java:75)
	at com.hydra.pages.GoogleHomePage.getPageTitle(GoogleHomePage.java:75)
	at com.hydra.pages.GoogleHomePage.getPageTitle(GoogleHomePage.java:75)
	at com.hydra.pages.GoogleHomePage.getPageTitle(GoogleHomePage.java:75)
	at com.hydra.pages.GoogleHomePage.getPageTitle(GoogleHomePage.java:75)
	at com.hydra.pages.GoogleHomePage.getPageTitle(GoogleHomePage.java:75)
	at com.hydra.pages.GoogleHomePage.getPageTitle(GoogleHomePage.java:75)
	at com.hydra.pages.GoogleHomePage.getPageTitle(GoogleHomePage.java:75)
	at com.hydra.pages.GoogleHomePage.getPageTitle(GoogleHomePage.java:75)
	at com.hydra.pages.GoogleHomePage.getPageTitle(GoogleHomePage.java:75)
	at com.hydra.pages.GoogleHomePage.getPageTitle(GoogleHomePage.java:75)
	at com.hydra.pages.GoogleHomePage.getPageTitle(GoogleHomePage.java:75)
	at com.hydra.pages.GoogleHomePage.getPageTitle(GoogleHomePage.java:75)
	at com.hydra.pages.GoogleHomePage.getPageTitle(GoogleHomePage.java:75)
	at com.hydra.pages.GoogleHomePage.getPageTitle(GoogleHomePage.java:75)
	at com.hydra.pages.GoogleHomePage.getPageTitle(GoogleHomePage.java:75)
	at com.hydra.pages.GoogleHomePage.getPageTitle(GoogleHomePage.java:75)
	at com.hydra.pages.GoogleHomePage.getPageTitle(GoogleHomePage.java:75)
	at com.hydra.pages.GoogleHomePage.getPageTitle(GoogleHomePage.java:75)
	at com.hydra.pages.GoogleHomePage.getPageTitle(GoogleHomePage.java:75)
	at com.hydra.pages.GoogleHomePage.getPageTitle(GoogleHomePage.java:75)
	at com.hydra.pages.GoogleHomePage.getPageTitle(GoogleHomePage.java:75)
	at com.hydra.pages.GoogleHomePage.getPageTitle(GoogleHomePage.java:75)
	at com.hydra.pages.GoogleHomePage.getPageTitle(GoogleHomePage.java:75)
	at com.hydra.pages.GoogleHomePage.getPageTitle(GoogleHomePage.java:75)
	at com.hydra.pages.GoogleHomePage.getPageTitle(GoogleHomePage.java:75)
	at com.hydra.pages.GoogleHomePage.getPageTitle(GoogleHomePage.java:75)
	at com.hydra.pages.GoogleHomePage.getPageTitle(GoogleHomePage.java:75)
	at com.hydra.pages.GoogleHomePage.getPageTitle(GoogleHomePage.java:75)
	at com.hydra.pages.GoogleHomePage.getPageTitle(GoogleHomePage.java:75)
	at com.hydra.pages.GoogleHomePage.getPageTitle(GoogleHomePage.java:75)
	at com.hydra.pages.GoogleHomePage.getPageTitle(GoogleHomePage.java:75)
	at com.hydra.pages.GoogleHomePage.getPageTitle(GoogleHomePage.java:75)
	at com.hydra.pages.GoogleHomePage.getPageTitle(GoogleHomePage.java:75)
	at com.hydra.pages.GoogleHomePage.getPageTitle(GoogleHomePage.java:75)
	at com.hydra.pages.GoogleHomePage.getPageTitle(GoogleHomePage.java:75)
	at com.hydra.pages.GoogleHomePage.getPageTitle(GoogleHomePage.java:75)
	at com.hydra.pages.GoogleHomePage.getPageTitle(GoogleHomePage.java:75)
	at com.hydra.pages.GoogleHomePage.getPageTitle(GoogleHomePage.java:75)
	at com.hydra.pages.GoogleHomePage.getPageTitle(GoogleHomePage.java:75)
	at com.hydra.pages.GoogleHomePage.getPageTitle(GoogleHomePage.java:75)
	at com.hydra.pages.GoogleHomePage.getPageTitle(GoogleHomePage.java:75)
	at com.hydra.pages.GoogleHomePage.getPageTitle(GoogleHomePage.java:75)
	at com.hydra.pages.GoogleHomePage.getPageTitle(GoogleHomePage.java:75)

com.hydra.tests.GoogleSearchTest.testClearSearchBox  Time elapsed: 7.819 s  <<< FAILURE!
org.openqa.selenium.NoSuchSessionException: 
invalid session id
Build info: version: '4.15.0', revision: '1d14b5521b'
System info: os.name: 'Windows 11', os.arch: 'amd64', os.version: '10.0', java.version: '19.0.2'
Driver info: org.openqa.selenium.chrome.ChromeDriver
Command: [0a4e4729faa24a85660740ee63f6a1fa, findElement {using=name, value=q}]
Capabilities {acceptInsecureCerts: false, browserName: chrome, browserVersion: 146.0.7680.154, chrome: {chromedriverVersion: 146.0.7680.165 (4b989da09e1..., userDataDir: C:\Users\AVINMALI\AppData\L...}, fedcm:accounts: true, goog:chromeOptions: {debuggerAddress: localhost:59526}, goog:processID: 1192, networkConnectionEnabled: false, pageLoadStrategy: normal, platformName: windows, proxy: Proxy(), se:cdp: ws://localhost:59526/devtoo..., se:cdpVersion: 146.0.7680.154, setWindowRect: true, strictFileInteractability: false, timeouts: {implicit: 0, pageLoad: 300000, script: 30000}, unhandledPromptBehavior: dismiss and notify, webauthn:extension:credBlob: true, webauthn:extension:largeBlob: true, webauthn:extension:minPinLength: true, webauthn:extension:prf: true, webauthn:virtualAuthenticators: true}
Session ID: 0a4e4729faa24a85660740ee63f6a1fa
	at java.base/jdk.internal.reflect.DirectConstructorHandleAccessor.newInstance(DirectConstructorHandleAccessor.java:67)
	at java.base/java.lang.reflect.Constructor.newInstanceWithCaller(Constructor.java:500)
	at java.base/java.lang.reflect.Constructor.newInstance(Constructor.java:484)
	at org.openqa.selenium.remote.codec.w3c.W3CHttpResponseCodec.createException(W3CHttpResponseCodec.java:200)
	at org.openqa.selenium.remote.codec.w3c.W3CHttpResponseCodec.decode(W3CHttpResponseCodec.java:133)
	at org.openqa.selenium.remote.codec.w3c.W3CHttpResponseCodec.decode(W3CHttpResponseCodec.java:52)
	at org.openqa.selenium.remote.HttpCommandExecutor.execute(HttpCommandExecutor.java:191)
	at org.openqa.selenium.remote.service.DriverCommandExecutor.invokeExecute(DriverCommandExecutor.java:200)
	at org.openqa.selenium.remote.service.DriverCommandExecutor.execute(DriverCommandExecutor.java:175)
	at org.openqa.selenium.remote.RemoteWebDriver.execute(RemoteWebDriver.java:607)
	at org.openqa.selenium.remote.ElementLocation$ElementFinder$2.findElement(ElementLocation.java:165)
	at org.openqa.selenium.remote.ElementLocation.findElement(ElementLocation.java:66)
	at org.openqa.selenium.remote.RemoteWebDriver.findElement(RemoteWebDriver.java:364)
	at org.openqa.selenium.remote.RemoteWebDriver.findElement(RemoteWebDriver.java:358)
	at org.openqa.selenium.support.ui.ExpectedConditions$7.apply(ExpectedConditions.java:194)
	at org.openqa.selenium.support.ui.ExpectedConditions$7.apply(ExpectedConditions.java:190)
	at org.openqa.selenium.support.ui.FluentWait.until(FluentWait.java:204)
	at com.hydra.base.BasePage.waitForElementToBeVisible(BasePage.java:40)
	at com.hydra.base.BasePage.typeText(BasePage.java:154)
	at com.hydra.pages.GoogleHomePage.searchQuery(GoogleHomePage.java:27)
	at com.hydra.tests.GoogleSearchTest.testClearSearchBox(GoogleSearchTest.java:102)
	at java.base/jdk.internal.reflect.DirectMethodHandleAccessor.invoke(DirectMethodHandleAccessor.java:104)
	at java.base/java.lang.reflect.Method.invoke(Method.java:578)
	at org.testng.internal.invokers.MethodInvocationHelper.invokeMethod(MethodInvocationHelper.java:139)
	at org.testng.internal.invokers.TestInvoker.invokeMethod(TestInvoker.java:677)
	at org.testng.internal.invokers.TestInvoker.invokeTestMethod(TestInvoker.java:221)
	at org.testng.internal.invokers.MethodRunner.runInSequence(MethodRunner.java:50)
	at org.testng.internal.invokers.TestInvoker$MethodInvocationAgent.invoke(TestInvoker.java:969)
	at org.testng.internal.invokers.TestInvoker.invokeTestMethods(TestInvoker.java:194)
	at org.testng.internal.invokers.TestMethodWorker.invokeTestMethods(TestMethodWorker.java:148)
	at org.testng.internal.invokers.TestMethodWorker.run(TestMethodWorker.java:128)
	at java.base/java.util.concurrent.ThreadPoolExecutor.runWorker(ThreadPoolExecutor.java:1144)
	at java.base/java.util.concurrent.ThreadPoolExecutor$Worker.run(ThreadPoolExecutor.java:642)
	at java.base/java.lang.Thread.run(Thread.java:1589)

com.hydra.tests.LoginPageTest.testLoginPageDisplay  Time elapsed: 11.336 s  <<< FAILURE!
java.lang.AssertionError: Login page should be displayed expected [true] but found [false]
	at org.testng.Assert.fail(Assert.java:110)
	at org.testng.Assert.failNotEquals(Assert.java:1577)
	at org.testng.Assert.assertTrue(Assert.java:56)
	at com.hydra.tests.LoginPageTest.testLoginPageDisplay(LoginPageTest.java:28)
	at java.base/jdk.internal.reflect.DirectMethodHandleAccessor.invoke(DirectMethodHandleAccessor.java:104)
[...]
	at java.base/java.lang.Thread.run(Thread.java:1589)

com.hydra.tests.LoginPageTest.testSuccessfulLogin  Time elapsed: 9.654 s  <<< FAILURE!
org.openqa.selenium.NoSuchSessionException: 
invalid session id: session deleted as the browser has closed the connection
from disconnected: unable to send message to renderer
  (Session info: chrome=146.0.7680.154)
Build info: version: '4.15.0', revision: '1d14b5521b'
System info: os.name: 'Windows 11', os.arch: 'amd64', os.version: '10.0', java.version: '19.0.2'
Driver info: org.openqa.selenium.chrome.ChromeDriver
Command: [25c099ca59be17c4db41069b11183df1, findElement {using=id, value=username}]
Capabilities {acceptInsecureCerts: false, browserName: chrome, browserVersion: 146.0.7680.154, chrome: {chromedriverVersion: 146.0.7680.165 (4b989da09e1..., userDataDir: C:\Users\AVINMALI\AppData\L...}, fedcm:accounts: true, goog:chromeOptions: {debuggerAddress: localhost:52640}, goog:processID: 26836, networkConnectionEnabled: false, pageLoadStrategy: normal, platformName: windows, proxy: Proxy(), se:cdp: ws://localhost:52640/devtoo..., se:cdpVersion: 146.0.7680.154, setWindowRect: true, strictFileInteractability: false, timeouts: {implicit: 0, pageLoad: 300000, script: 30000}, unhandledPromptBehavior: dismiss and notify, webauthn:extension:credBlob: true, webauthn:extension:largeBlob: true, webauthn:extension:minPinLength: true, webauthn:extension:prf: true, webauthn:virtualAuthenticators: true}
Session ID: 25c099ca59be17c4db41069b11183df1
	at java.base/jdk.internal.reflect.DirectConstructorHandleAccessor.newInstance(DirectConstructorHandleAccessor.java:67)
	at java.base/java.lang.reflect.Constructor.newInstanceWithCaller(Constructor.java:500)
	at java.base/java.lang.reflect.Constructor.newInstance(Constructor.java:484)
	at org.openqa.selenium.remote.codec.w3c.W3CHttpResponseCodec.createException(W3CHttpResponseCodec.java:200)
	at org.openqa.selenium.remote.codec.w3c.W3CHttpResponseCodec.decode(W3CHttpResponseCodec.java:133)
	at org.openqa.selenium.remote.codec.w3c.W3CHttpResponseCodec.decode(W3CHttpResponseCodec.java:52)
	at org.openqa.selenium.remote.HttpCommandExecutor.execute(HttpCommandExecutor.java:191)
	at org.openqa.selenium.remote.service.DriverCommandExecutor.invokeExecute(DriverCommandExecutor.java:200)
	at org.openqa.selenium.remote.service.DriverCommandExecutor.execute(DriverCommandExecutor.java:175)
	at org.openqa.selenium.remote.RemoteWebDriver.execute(RemoteWebDriver.java:607)
	at org.openqa.selenium.remote.ElementLocation$ElementFinder$2.findElement(ElementLocation.java:165)
	at org.openqa.selenium.remote.ElementLocation.findElement(ElementLocation.java:66)
	at org.openqa.selenium.remote.RemoteWebDriver.findElement(RemoteWebDriver.java:364)
	at org.openqa.selenium.remote.RemoteWebDriver.findElement(RemoteWebDriver.java:358)
	at org.openqa.selenium.support.ui.ExpectedConditions$7.apply(ExpectedConditions.java:194)
	at org.openqa.selenium.support.ui.ExpectedConditions$7.apply(ExpectedConditions.java:190)
	at org.openqa.selenium.support.ui.FluentWait.until(FluentWait.java:204)
	at com.hydra.base.BasePage.waitForElementToBeVisible(BasePage.java:40)
	at com.hydra.base.BasePage.typeText(BasePage.java:154)
	at com.hydra.pages.LoginPage.enterUsername(LoginPage.java:29)
	at com.hydra.pages.LoginPage.login(LoginPage.java:53)
	at com.hydra.tests.LoginPageTest.testSuccessfulLogin(LoginPageTest.java:53)
	at java.base/jdk.internal.reflect.DirectMethodHandleAccessor.invoke(DirectMethodHandleAccessor.java:104)
	at java.base/java.lang.reflect.Method.invoke(Method.java:578)
	at org.testng.internal.invokers.MethodInvocationHelper.invokeMethod(MethodInvocationHelper.java:139)
	at org.testng.internal.invokers.TestInvoker.invokeMethod(TestInvoker.java:677)
	at org.testng.internal.invokers.TestInvoker.invokeTestMethod(TestInvoker.java:221)
	at org.testng.internal.invokers.MethodRunner.runInSequence(MethodRunner.java:50)
	at org.testng.internal.invokers.TestInvoker$MethodInvocationAgent.invoke(TestInvoker.java:969)
	at org.testng.internal.invokers.TestInvoker.invokeTestMethods(TestInvoker.java:194)
	at org.testng.internal.invokers.TestMethodWorker.invokeTestMethods(TestMethodWorker.java:148)
	at org.testng.internal.invokers.TestMethodWorker.run(TestMethodWorker.java:128)
	at java.base/java.util.concurrent.ThreadPoolExecutor.runWorker(ThreadPoolExecutor.java:1144)
	at java.base/java.util.concurrent.ThreadPoolExecutor$Worker.run(ThreadPoolExecutor.java:642)
	at java.base/java.lang.Thread.run(Thread.java:1589)

com.hydra.tests.LoginPageTest.testLoginWithInvalidCredentials  Time elapsed: 5.342 s  <<< FAILURE!
org.openqa.selenium.NoSuchSessionException: 
invalid session id: session deleted as the browser has closed the connection
from disconnected: unable to send message to renderer
  (Session info: chrome=146.0.7680.154)
Build info: version: '4.15.0', revision: '1d14b5521b'
System info: os.name: 'Windows 11', os.arch: 'amd64', os.version: '10.0', java.version: '19.0.2'
Driver info: org.openqa.selenium.chrome.ChromeDriver
Command: [8abd1907945578c97086e4ca95978427, findElement {using=id, value=username}]
Capabilities {acceptInsecureCerts: false, browserName: chrome, browserVersion: 146.0.7680.154, chrome: {chromedriverVersion: 146.0.7680.165 (4b989da09e1..., userDataDir: C:\Users\AVINMALI\AppData\L...}, fedcm:accounts: true, goog:chromeOptions: {debuggerAddress: localhost:50527}, goog:processID: 19564, networkConnectionEnabled: false, pageLoadStrategy: normal, platformName: windows, proxy: Proxy(), se:cdp: ws://localhost:50527/devtoo..., se:cdpVersion: 146.0.7680.154, setWindowRect: true, strictFileInteractability: false, timeouts: {implicit: 0, pageLoad: 300000, script: 30000}, unhandledPromptBehavior: dismiss and notify, webauthn:extension:credBlob: true, webauthn:extension:largeBlob: true, webauthn:extension:minPinLength: true, webauthn:extension:prf: true, webauthn:virtualAuthenticators: true}
Session ID: 8abd1907945578c97086e4ca95978427
	at java.base/jdk.internal.reflect.DirectConstructorHandleAccessor.newInstance(DirectConstructorHandleAccessor.java:67)
	at java.base/java.lang.reflect.Constructor.newInstanceWithCaller(Constructor.java:500)
	at java.base/java.lang.reflect.Constructor.newInstance(Constructor.java:484)
	at org.openqa.selenium.remote.codec.w3c.W3CHttpResponseCodec.createException(W3CHttpResponseCodec.java:200)
	at org.openqa.selenium.remote.codec.w3c.W3CHttpResponseCodec.decode(W3CHttpResponseCodec.java:133)
	at org.openqa.selenium.remote.codec.w3c.W3CHttpResponseCodec.decode(W3CHttpResponseCodec.java:52)
	at org.openqa.selenium.remote.HttpCommandExecutor.execute(HttpCommandExecutor.java:191)
	at org.openqa.selenium.remote.service.DriverCommandExecutor.invokeExecute(DriverCommandExecutor.java:200)
	at org.openqa.selenium.remote.service.DriverCommandExecutor.execute(DriverCommandExecutor.java:175)
	at org.openqa.selenium.remote.RemoteWebDriver.execute(RemoteWebDriver.java:607)
	at org.openqa.selenium.remote.ElementLocation$ElementFinder$2.findElement(ElementLocation.java:165)
	at org.openqa.selenium.remote.ElementLocation.findElement(ElementLocation.java:66)
	at org.openqa.selenium.remote.RemoteWebDriver.findElement(RemoteWebDriver.java:364)
	at org.openqa.selenium.remote.RemoteWebDriver.findElement(RemoteWebDriver.java:358)
	at org.openqa.selenium.support.ui.ExpectedConditions$7.apply(ExpectedConditions.java:194)
	at org.openqa.selenium.support.ui.ExpectedConditions$7.apply(ExpectedConditions.java:190)
	at org.openqa.selenium.support.ui.FluentWait.until(FluentWait.java:204)
	at com.hydra.base.BasePage.waitForElementToBeVisible(BasePage.java:40)
	at com.hydra.base.BasePage.typeText(BasePage.java:154)
	at com.hydra.pages.LoginPage.enterUsername(LoginPage.java:29)
	at com.hydra.pages.LoginPage.login(LoginPage.java:53)
	at com.hydra.tests.LoginPageTest.testLoginWithInvalidCredentials(LoginPageTest.java:88)
	at java.base/jdk.internal.reflect.DirectMethodHandleAccessor.invoke(DirectMethodHandleAccessor.java:104)
	at java.base/java.lang.reflect.Method.invoke(Method.java:578)
	at org.testng.internal.invokers.MethodInvocationHelper.invokeMethod(MethodInvocationHelper.java:139)
	at org.testng.internal.invokers.TestInvoker.invokeMethod(TestInvoker.java:677)
	at org.testng.internal.invokers.TestInvoker.invokeTestMethod(TestInvoker.java:221)
	at org.testng.internal.invokers.MethodRunner.runInSequence(MethodRunner.java:50)
	at org.testng.internal.invokers.TestInvoker$MethodInvocationAgent.invoke(TestInvoker.java:969)
	at org.testng.internal.invokers.TestInvoker.invokeTestMethods(TestInvoker.java:194)
	at org.testng.internal.invokers.TestMethodWorker.invokeTestMethods(TestMethodWorker.java:148)
	at org.testng.internal.invokers.TestMethodWorker.run(TestMethodWorker.java:128)
	at java.base/java.util.concurrent.ThreadPoolExecutor.runWorker(ThreadPoolExecutor.java:1144)
	at java.base/java.util.concurrent.ThreadPoolExecutor$Worker.run(ThreadPoolExecutor.java:642)
	at java.base/java.lang.Thread.run(Thread.java:1589)

com.hydra.tests.LoginPageTest.testRememberMeCheckbox  Time elapsed: 2.962 s  <<< FAILURE!
org.openqa.selenium.NoSuchSessionException: 
invalid session id: session deleted as the browser has closed the connection
from disconnected: unable to send message to renderer
  (Session info: chrome=146.0.7680.154)
Build info: version: '4.15.0', revision: '1d14b5521b'
System info: os.name: 'Windows 11', os.arch: 'amd64', os.version: '10.0', java.version: '19.0.2'
Driver info: org.openqa.selenium.chrome.ChromeDriver
Command: [b124ffcf83af2198cedceeb70891178c, findElement {using=id, value=remember_me}]
Capabilities {acceptInsecureCerts: false, browserName: chrome, browserVersion: 146.0.7680.154, chrome: {chromedriverVersion: 146.0.7680.165 (4b989da09e1..., userDataDir: C:\Users\AVINMALI\AppData\L...}, fedcm:accounts: true, goog:chromeOptions: {debuggerAddress: localhost:55244}, goog:processID: 19068, networkConnectionEnabled: false, pageLoadStrategy: normal, platformName: windows, proxy: Proxy(), se:cdp: ws://localhost:55244/devtoo..., se:cdpVersion: 146.0.7680.154, setWindowRect: true, strictFileInteractability: false, timeouts: {implicit: 0, pageLoad: 300000, script: 30000}, unhandledPromptBehavior: dismiss and notify, webauthn:extension:credBlob: true, webauthn:extension:largeBlob: true, webauthn:extension:minPinLength: true, webauthn:extension:prf: true, webauthn:virtualAuthenticators: true}
Session ID: b124ffcf83af2198cedceeb70891178c
	at java.base/jdk.internal.reflect.DirectConstructorHandleAccessor.newInstance(DirectConstructorHandleAccessor.java:67)
	at java.base/java.lang.reflect.Constructor.newInstanceWithCaller(Constructor.java:500)
	at java.base/java.lang.reflect.Constructor.newInstance(Constructor.java:484)
	at org.openqa.selenium.remote.codec.w3c.W3CHttpResponseCodec.createException(W3CHttpResponseCodec.java:200)
	at org.openqa.selenium.remote.codec.w3c.W3CHttpResponseCodec.decode(W3CHttpResponseCodec.java:133)
	at org.openqa.selenium.remote.codec.w3c.W3CHttpResponseCodec.decode(W3CHttpResponseCodec.java:52)
	at org.openqa.selenium.remote.HttpCommandExecutor.execute(HttpCommandExecutor.java:191)
	at org.openqa.selenium.remote.service.DriverCommandExecutor.invokeExecute(DriverCommandExecutor.java:200)
	at org.openqa.selenium.remote.service.DriverCommandExecutor.execute(DriverCommandExecutor.java:175)
	at org.openqa.selenium.remote.RemoteWebDriver.execute(RemoteWebDriver.java:607)
	at org.openqa.selenium.remote.ElementLocation$ElementFinder$2.findElement(ElementLocation.java:165)
	at org.openqa.selenium.remote.ElementLocation.findElement(ElementLocation.java:66)
	at org.openqa.selenium.remote.RemoteWebDriver.findElement(RemoteWebDriver.java:364)
	at org.openqa.selenium.remote.RemoteWebDriver.findElement(RemoteWebDriver.java:358)
	at org.openqa.selenium.support.ui.ExpectedConditions$7.apply(ExpectedConditions.java:194)
	at org.openqa.selenium.support.ui.ExpectedConditions$7.apply(ExpectedConditions.java:190)
	at org.openqa.selenium.support.ui.ExpectedConditions$22.apply(ExpectedConditions.java:627)
	at org.openqa.selenium.support.ui.ExpectedConditions$22.apply(ExpectedConditions.java:624)
	at org.openqa.selenium.support.ui.FluentWait.until(FluentWait.java:204)
	at com.hydra.base.BasePage.waitForElementToBeClickable(BasePage.java:53)
	at com.hydra.base.BasePage.click(BasePage.java:93)
	at com.hydra.pages.LoginPage.clickRememberMe(LoginPage.java:77)
	at com.hydra.tests.LoginPageTest.testRememberMeCheckbox(LoginPageTest.java:128)
	at java.base/jdk.internal.reflect.DirectMethodHandleAccessor.invoke(DirectMethodHandleAccessor.java:104)
	at java.base/java.lang.reflect.Method.invoke(Method.java:578)
	at org.testng.internal.invokers.MethodInvocationHelper.invokeMethod(MethodInvocationHelper.java:139)
	at org.testng.internal.invokers.TestInvoker.invokeMethod(TestInvoker.java:677)
	at org.testng.internal.invokers.TestInvoker.invokeTestMethod(TestInvoker.java:221)
	at org.testng.internal.invokers.MethodRunner.runInSequence(MethodRunner.java:50)
	at org.testng.internal.invokers.TestInvoker$MethodInvocationAgent.invoke(TestInvoker.java:969)
	at org.testng.internal.invokers.TestInvoker.invokeTestMethods(TestInvoker.java:194)
	at org.testng.internal.invokers.TestMethodWorker.invokeTestMethods(TestMethodWorker.java:148)
	at org.testng.internal.invokers.TestMethodWorker.run(TestMethodWorker.java:128)
	at java.base/java.util.concurrent.ThreadPoolExecutor.runWorker(ThreadPoolExecutor.java:1144)
	at java.base/java.util.concurrent.ThreadPoolExecutor$Worker.run(ThreadPoolExecutor.java:642)
	at java.base/java.lang.Thread.run(Thread.java:1589)

com.hydra.tests.LoginPageTest.testForgotPasswordLink  Time elapsed: 1.8 s  <<< FAILURE!
org.openqa.selenium.NoSuchSessionException: 
invalid session id: session deleted as the browser has closed the connection
from disconnected: unable to send message to renderer
  (Session info: chrome=146.0.7680.154)
Build info: version: '4.15.0', revision: '1d14b5521b'
System info: os.name: 'Windows 11', os.arch: 'amd64', os.version: '10.0', java.version: '19.0.2'
Driver info: org.openqa.selenium.chrome.ChromeDriver
Command: [0b9bde1138bbcaf6bccdb1fd33634c76, findElement {using=link text, value=Forgot Password}]
Capabilities {acceptInsecureCerts: false, browserName: chrome, browserVersion: 146.0.7680.154, chrome: {chromedriverVersion: 146.0.7680.165 (4b989da09e1..., userDataDir: C:\Users\AVINMALI\AppData\L...}, fedcm:accounts: true, goog:chromeOptions: {debuggerAddress: localhost:55102}, goog:processID: 8368, networkConnectionEnabled: false, pageLoadStrategy: normal, platformName: windows, proxy: Proxy(), se:cdp: ws://localhost:55102/devtoo..., se:cdpVersion: 146.0.7680.154, setWindowRect: true, strictFileInteractability: false, timeouts: {implicit: 0, pageLoad: 300000, script: 30000}, unhandledPromptBehavior: dismiss and notify, webauthn:extension:credBlob: true, webauthn:extension:largeBlob: true, webauthn:extension:minPinLength: true, webauthn:extension:prf: true, webauthn:virtualAuthenticators: true}
Session ID: 0b9bde1138bbcaf6bccdb1fd33634c76
	at java.base/jdk.internal.reflect.DirectConstructorHandleAccessor.newInstance(DirectConstructorHandleAccessor.java:67)
	at java.base/java.lang.reflect.Constructor.newInstanceWithCaller(Constructor.java:500)
	at java.base/java.lang.reflect.Constructor.newInstance(Constructor.java:484)
	at org.openqa.selenium.remote.codec.w3c.W3CHttpResponseCodec.createException(W3CHttpResponseCodec.java:200)
	at org.openqa.selenium.remote.codec.w3c.W3CHttpResponseCodec.decode(W3CHttpResponseCodec.java:133)
	at org.openqa.selenium.remote.codec.w3c.W3CHttpResponseCodec.decode(W3CHttpResponseCodec.java:52)
	at org.openqa.selenium.remote.HttpCommandExecutor.execute(HttpCommandExecutor.java:191)
	at org.openqa.selenium.remote.service.DriverCommandExecutor.invokeExecute(DriverCommandExecutor.java:200)
	at org.openqa.selenium.remote.service.DriverCommandExecutor.execute(DriverCommandExecutor.java:175)
	at org.openqa.selenium.remote.RemoteWebDriver.execute(RemoteWebDriver.java:607)
	at org.openqa.selenium.remote.ElementLocation$ElementFinder$2.findElement(ElementLocation.java:165)
	at org.openqa.selenium.remote.ElementLocation.findElement(ElementLocation.java:59)
	at org.openqa.selenium.remote.RemoteWebDriver.findElement(RemoteWebDriver.java:364)
	at org.openqa.selenium.remote.RemoteWebDriver.findElement(RemoteWebDriver.java:358)
	at org.openqa.selenium.support.ui.ExpectedConditions$7.apply(ExpectedConditions.java:194)
	at org.openqa.selenium.support.ui.ExpectedConditions$7.apply(ExpectedConditions.java:190)
	at org.openqa.selenium.support.ui.ExpectedConditions$22.apply(ExpectedConditions.java:627)
	at org.openqa.selenium.support.ui.ExpectedConditions$22.apply(ExpectedConditions.java:624)
	at org.openqa.selenium.support.ui.FluentWait.until(FluentWait.java:204)
	at com.hydra.base.BasePage.waitForElementToBeClickable(BasePage.java:53)
	at com.hydra.base.BasePage.click(BasePage.java:93)
	at com.hydra.pages.LoginPage.clickForgotPasswordLink(LoginPage.java:92)
	at com.hydra.tests.LoginPageTest.testForgotPasswordLink(LoginPageTest.java:156)
	at java.base/jdk.internal.reflect.DirectMethodHandleAccessor.invoke(DirectMethodHandleAccessor.java:104)
	at java.base/java.lang.reflect.Method.invoke(Method.java:578)
	at org.testng.internal.invokers.MethodInvocationHelper.invokeMethod(MethodInvocationHelper.java:139)
	at org.testng.internal.invokers.TestInvoker.invokeMethod(TestInvoker.java:677)
	at org.testng.internal.invokers.TestInvoker.invokeTestMethod(TestInvoker.java:221)
	at org.testng.internal.invokers.MethodRunner.runInSequence(MethodRunner.java:50)
	at org.testng.internal.invokers.TestInvoker$MethodInvocationAgent.invoke(TestInvoker.java:969)
	at org.testng.internal.invokers.TestInvoker.invokeTestMethods(TestInvoker.java:194)
	at org.testng.internal.invokers.TestMethodWorker.invokeTestMethods(TestMethodWorker.java:148)
	at org.testng.internal.invokers.TestMethodWorker.run(TestMethodWorker.java:128)
	at java.base/java.util.concurrent.ThreadPoolExecutor.runWorker(ThreadPoolExecutor.java:1144)
	at java.base/java.util.concurrent.ThreadPoolExecutor$Worker.run(ThreadPoolExecutor.java:642)
	at java.base/java.lang.Thread.run(Thread.java:1589)

com.hydra.tests.LoginPageTest.testLoginPageDisplay  Time elapsed: 11.269 s  <<< FAILURE!
java.lang.AssertionError: Login page should be displayed expected [true] but found [false]
	at org.testng.Assert.fail(Assert.java:110)
	at org.testng.Assert.failNotEquals(Assert.java:1577)
	at org.testng.Assert.assertTrue(Assert.java:56)
	at com.hydra.tests.LoginPageTest.testLoginPageDisplay(LoginPageTest.java:28)
	at java.base/jdk.internal.reflect.DirectMethodHandleAccessor.invoke(DirectMethodHandleAccessor.java:104)
	at java.base/java.lang.reflect.Method.invoke(Method.java:578)
	at org.testng.internal.invokers.MethodInvocationHelper.invokeMethod(MethodInvocationHelper.java:139)
	at org.testng.internal.invokers.TestInvoker.invokeMethod(TestInvoker.java:677)
	at org.testng.internal.invokers.TestInvoker.invokeTestMethod(TestInvoker.java:221)
	at org.testng.internal.invokers.MethodRunner.runInSequence(MethodRunner.java:50)
	at org.testng.internal.invokers.TestInvoker$MethodInvocationAgent.invoke(TestInvoker.java:969)
	at org.testng.internal.invokers.TestInvoker.invokeTestMethods(TestInvoker.java:194)
	at org.testng.internal.invokers.TestMethodWorker.invokeTestMethods(TestMethodWorker.java:148)
	at org.testng.internal.invokers.TestMethodWorker.run(TestMethodWorker.java:128)
	at java.base/java.util.concurrent.ThreadPoolExecutor.runWorker(ThreadPoolExecutor.java:1144)
	at java.base/java.util.concurrent.ThreadPoolExecutor$Worker.run(ThreadPoolExecutor.java:642)
	at java.base/java.lang.Thread.run(Thread.java:1589)

