<?xml version="1.0" encoding="UTF-8"?>
<testsuite xmlns:xsi="http://www.w3.org/2001/XMLSchema-instance" xsi:noNamespaceSchemaLocation="https://maven.apache.org/surefire/maven-surefire-plugin/xsd/surefire-test-report-3.0.xsd" version="3.0" name="TestSuite" time="173.286" tests="10" errors="0" skipped="0" failures="8">
  <properties>
[...]
</properties>
  <testcase name="testGoogleSearch" classname="com.hydra.tests.GoogleSearchTest" time="18.483">
    <system-out><![CDATA[...
... TestNG 7.7.1 by Cédric Beust (cedric@beust.com)
...

13:02:09.534 [TestNG-test=Google Search Tests-1] INFO  com.hydra.config.ConfigManager - Configuration file loaded successfully from: src/test/resources/properties/config.properties
13:02:09.536 [TestNG-test=Google Search Tests-1] INFO  com.hydra.base.BaseTest - ====================================
13:02:09.536 [TestNG-test=Google Search Tests-1] INFO  com.hydra.base.BaseTest - Starting test setup with browser: chrome
13:02:09.536 [TestNG-test=Google Search Tests-1] INFO  com.hydra.base.BaseTest - ====================================
13:02:17.607 [TestNG-test=Google Search Tests-1] INFO  com.hydra.base.WebDriverFactory - Chrome driver initialized successfully
13:02:17.655 [TestNG-test=Google Search Tests-1] INFO  com.hydra.base.BaseTest - WebDriver initialized and configured successfully
13:02:17.656 [TestNG-test=Google Search Tests-1] INFO  com.hydra.base.BaseTest - Implicit wait: 10 seconds
13:02:17.657 [TestNG-test=Google Search Tests-1] INFO  com.hydra.base.BaseTest - Page load timeout: 30 seconds
13:02:17.662 [TestNG-test=Google Search Tests-1] INFO  com.hydra.base.BaseTest - ====================================
13:02:17.663 [TestNG-test=Google Search Tests-1] INFO  com.hydra.base.BaseTest - Starting test setup with browser: chrome
13:02:17.664 [TestNG-test=Google Search Tests-1] INFO  com.hydra.base.BaseTest - ====================================
13:02:20.417 [TestNG-test=Google Search Tests-1] INFO  com.hydra.base.WebDriverFactory - Chrome driver initialized successfully
13:02:20.492 [TestNG-test=Google Search Tests-1] INFO  com.hydra.base.BaseTest - WebDriver initialized and configured successfully
13:02:20.503 [TestNG-test=Google Search Tests-1] INFO  com.hydra.base.BaseTest - TEST STARTED: testGoogleSearch
13:02:20.859 [TestNG-test=Google Search Tests-1] INFO  com.hydra.base.BasePage - Navigated to URL: https://www.google.com
13:02:20.870 [TestNG-test=Google Search Tests-1] INFO  com.hydra.base.BaseTest - Navigated to Google
13:02:31.901 [TestNG-test=Google Search Tests-1] WARN  com.hydra.base.BasePage - Element not displayed: By.xpath: //button[contains(text(), 'Accept all')]
13:02:32.072 [TestNG-test=Google Search Tests-1] INFO  com.hydra.base.BasePage - Element displayed check: By.id: hplogo - true
13:02:32.077 [TestNG-test=Google Search Tests-1] INFO  com.hydra.base.BaseTest - Google logo is displayed
13:02:32.077 [TestNG-test=Google Search Tests-1] INFO  com.hydra.base.BasePage - Waiting for element to be visible: By.name: q
13:02:32.886 [TestNG-test=Google Search Tests-1] INFO  com.hydra.base.BasePage - Typed text 'Selenium WebDriver' into element: By.name: q
13:02:32.887 [TestNG-test=Google Search Tests-1] INFO  com.hydra.base.BasePage - Waiting for element to be clickable: By.name: btnK
13:02:36.037 [TestNG-test=Google Search Tests-1] INFO  com.hydra.base.BasePage - Clicked on element: By.name: btnK
13:02:36.039 [TestNG-test=Google Search Tests-1] INFO  com.hydra.base.BasePage - Searched for: Selenium WebDriver
13:02:36.040 [TestNG-test=Google Search Tests-1] INFO  com.hydra.base.BaseTest - Search performed for: Selenium WebDriver
13:02:38.976 [TestNG-test=Google Search Tests-1] INFO  com.hydra.base.BasePage - Current URL: https://www.google.com/sorry/index?continue=https://www.google.com/search%3Fsafe%3Dactive%26q%3DSelenium%2BWebDriver%26sca_esv%3D8382a0438d800e4e%26source%3Dhp%26ei%3DBITHafXTJfSMseMP8M2DsA4%26iflsig%3DAFdpzrgAAAAAaceSFFBYrx-QLNjVw_eLP9hBSl34uf15%26ved%3D0ahUKEwj15b3xicKTAxV0RmwGHfDmAOYQ4dUDCCg%26oq%3DSelenium%2BWebDriver%26gs_lp%3DEgdnd3Mtd2l6IhJTZWxlbml1bSBXZWJEcml2ZXIyCBAAGIAEGLEDMgUQABiABDIFEAAYgAQyBRAAGIAEMgUQABiABDIFEAAYgAQyBRAAGIAEMgUQABiABDIFEAAYgAQyBRAAGIAESOYXUABYZHAAeACQAQCYAbsGoAHlGKoBAzYtNLgBDMgBAPgBAZgCBKACqhmYAwCSBwU1LTEuM6AH4BayBwU1LTEuM7gHqhnCBwcyLTIuMS4xyAczgAgA%26sclient%3Dgws-wiz%26sei%3DE4THaeOSOu65seMP49fYsQs%26safe%3Dactive&q=EgSnZ7xRGJSIns4GIjAizuq7U04JmfCGfS1uRSq0nG_n9ZyGZz5QdNca7UNFcvyPtL-s9Gt0pz_NdRZZwF0yAVJaAUM
13:02:38.977 [TestNG-test=Google Search Tests-1] INFO  com.hydra.base.BaseTest - Search results page displayed successfully
13:02:38.978 [TestNG-test=Google Search Tests-1] INFO  com.hydra.base.BaseTest - TEST PASSED: testGoogleSearch
]]></system-out>
    <system-err><![CDATA[SLF4J: No SLF4J providers were found.
SLF4J: Defaulting to no-operation (NOP) logger implementation
SLF4J: See https://www.slf4j.org/codes.html#noProviders for further details.
Mar 28, 2026 1:02:17 PM org.openqa.selenium.devtools.CdpVersionFinder findNearestMatch
WARNING: Unable to find CDP implementation matching 146
Mar 28, 2026 1:02:17 PM org.openqa.selenium.chromium.ChromiumDriver lambda$new$5
WARNING: Unable to find version of CDP to use for 146.0.7680.154. You may need to include a dependency on a specific version of the CDP using something similar to `org.seleniumhq.selenium:selenium-devtools-v86:4.15.0` where the version ("v86") matches the version of the chromium-based browser you're using and the version number of the artifact is the same as Selenium's.
Mar 28, 2026 1:02:20 PM org.openqa.selenium.devtools.CdpVersionFinder findNearestMatch
WARNING: Unable to find CDP implementation matching 146
Mar 28, 2026 1:02:20 PM org.openqa.selenium.chromium.ChromiumDriver lambda$new$5
WARNING: Unable to find version of CDP to use for 146.0.7680.154. You may need to include a dependency on a specific version of the CDP using something similar to `org.seleniumhq.selenium:selenium-devtools-v86:4.15.0` where the version ("v86") matches the version of the chromium-based browser you're using and the version number of the artifact is the same as Selenium's.
]]></system-err>
  </testcase>
  <testcase name="testGoogleSearch" classname="com.hydra.tests.GoogleSearchTest" time="19.583">
    <system-out><![CDATA[13:04:10.832 [TestNG-test=Login Page Tests-1] INFO  com.hydra.base.BaseTest - ====================================
13:04:10.834 [TestNG-test=Login Page Tests-1] INFO  com.hydra.base.BaseTest - Test Execution Finished
13:04:10.834 [TestNG-test=Login Page Tests-1] INFO  com.hydra.base.BaseTest - Test Status: 2
13:04:10.834 [TestNG-test=Login Page Tests-1] ERROR com.hydra.base.BaseTest - Test FAILED: testForgotPasswordLink
13:04:10.834 [TestNG-test=Login Page Tests-1] ERROR com.hydra.base.BaseTest - Failure Message: invalid session id: session deleted as the browser has closed the connection
from disconnected: unable to send message to renderer
  (Session info: chrome=146.0.7680.154)
Build info: version: '4.15.0', revision: '1d14b5521b'
System info: os.name: 'Windows 11', os.arch: 'amd64', os.version: '10.0', java.version: '19.0.2'
Driver info: org.openqa.selenium.chrome.ChromeDriver
Command: [0b9bde1138bbcaf6bccdb1fd33634c76, findElement {using=link text, value=Forgot Password}]
Capabilities {acceptInsecureCerts: false, browserName: chrome, browserVersion: 146.0.7680.154, chrome: {chromedriverVersion: 146.0.7680.165 (4b989da09e1..., userDataDir: C:\Users\AVINMALI\AppData\L...}, fedcm:accounts: true, goog:chromeOptions: {debuggerAddress: localhost:55102}, goog:processID: 8368, networkConnectionEnabled: false, pageLoadStrategy: normal, platformName: windows, proxy: Proxy(), se:cdp: ws://localhost:55102/devtoo..., se:cdpVersion: 146.0.7680.154, setWindowRect: true, strictFileInteractability: false, timeouts: {implicit: 0, pageLoad: 300000, script: 30000}, unhandledPromptBehavior: dismiss and notify, webauthn:extension:credBlob: true, webauthn:extension:largeBlob: true, webauthn:extension:minPinLength: true, webauthn:extension:prf: true, webauthn:virtualAuthenticators: true}
Session ID: 0b9bde1138bbcaf6bccdb1fd33634c76
13:04:11.068 [TestNG-test=Login Page Tests-1] ERROR com.hydra.utils.ScreenshotUtils - Failed to capture screenshot: invalid session id
Build info: version: '4.15.0', revision: '1d14b5521b'
System info: os.name: 'Windows 11', os.arch: 'amd64', os.version: '10.0', java.version: '19.0.2'
Driver info: org.openqa.selenium.chrome.ChromeDriver
Command: [0b9bde1138bbcaf6bccdb1fd33634c76, screenshot {}]
Capabilities {acceptInsecureCerts: false, browserName: chrome, browserVersion: 146.0.7680.154, chrome: {chromedriverVersion: 146.0.7680.165 (4b989da09e1..., userDataDir: C:\Users\AVINMALI\AppData\L...}, fedcm:accounts: true, goog:chromeOptions: {debuggerAddress: localhost:55102}, goog:processID: 8368, networkConnectionEnabled: false, pageLoadStrategy: normal, platformName: windows, proxy: Proxy(), se:cdp: ws://localhost:55102/devtoo..., se:cdpVersion: 146.0.7680.154, setWindowRect: true, strictFileInteractability: false, timeouts: {implicit: 0, pageLoad: 300000, script: 30000}, unhandledPromptBehavior: dismiss and notify, webauthn:extension:credBlob: true, webauthn:extension:largeBlob: true, webauthn:extension:minPinLength: true, webauthn:extension:prf: true, webauthn:virtualAuthenticators: true}
Session ID: 0b9bde1138bbcaf6bccdb1fd33634c76
13:04:11.068 [TestNG-test=Login Page Tests-1] INFO  com.hydra.base.BaseTest - Screenshot taken: null
13:04:11.068 [TestNG-test=Login Page Tests-1] INFO  com.hydra.base.BaseTest - ====================================
13:04:11.097 [TestNG-test=Login Page Tests-1] INFO  com.hydra.base.WebDriverFactory - WebDriver closed successfully
13:04:11.097 [TestNG-test=Login Page Tests-1] INFO  com.hydra.base.BaseTest - WebDriver closed successfully
13:04:11.127 [TestNG-test=Smoke Tests-1] INFO  com.hydra.base.BaseTest - ====================================
13:04:11.127 [TestNG-test=Smoke Tests-1] INFO  com.hydra.base.BaseTest - Starting test setup with browser: chrome
13:04:11.127 [TestNG-test=Smoke Tests-1] INFO  com.hydra.base.BaseTest - ====================================
13:04:14.103 [TestNG-test=Smoke Tests-1] INFO  com.hydra.base.WebDriverFactory - Chrome driver initialized successfully
13:04:14.146 [TestNG-test=Smoke Tests-1] INFO  com.hydra.base.BaseTest - WebDriver initialized and configured successfully
13:04:14.148 [TestNG-test=Smoke Tests-1] INFO  com.hydra.base.BaseTest - Implicit wait: 10 seconds
13:04:14.148 [TestNG-test=Smoke Tests-1] INFO  com.hydra.base.BaseTest - Page load timeout: 30 seconds
13:04:14.150 [TestNG-test=Smoke Tests-1] INFO  com.hydra.base.BaseTest - ====================================
13:04:14.150 [TestNG-test=Smoke Tests-1] INFO  com.hydra.base.BaseTest - Starting test setup with browser: chrome
13:04:14.150 [TestNG-test=Smoke Tests-1] INFO  com.hydra.base.BaseTest - ====================================
13:04:17.247 [TestNG-test=Smoke Tests-1] INFO  com.hydra.base.WebDriverFactory - Chrome driver initialized successfully
13:04:17.278 [TestNG-test=Smoke Tests-1] INFO  com.hydra.base.BaseTest - WebDriver initialized and configured successfully
13:04:17.278 [TestNG-test=Smoke Tests-1] INFO  com.hydra.base.BaseTest - TEST STARTED: testGoogleSearch
13:04:18.916 [TestNG-test=Smoke Tests-1] INFO  com.hydra.base.BasePage - Navigated to URL: https://www.google.com
13:04:18.916 [TestNG-test=Smoke Tests-1] INFO  com.hydra.base.BaseTest - Navigated to Google
13:04:29.085 [TestNG-test=Smoke Tests-1] WARN  com.hydra.base.BasePage - Element not displayed: By.xpath: //button[contains(text(), 'Accept all')]
13:04:29.341 [TestNG-test=Smoke Tests-1] INFO  com.hydra.base.BasePage - Element displayed check: By.id: hplogo - true
13:04:29.342 [TestNG-test=Smoke Tests-1] INFO  com.hydra.base.BaseTest - Google logo is displayed
13:04:29.342 [TestNG-test=Smoke Tests-1] INFO  com.hydra.base.BasePage - Waiting for element to be visible: By.name: q
13:04:32.205 [TestNG-test=Smoke Tests-1] INFO  com.hydra.base.BasePage - Typed text 'Selenium WebDriver' into element: By.name: q
13:04:32.207 [TestNG-test=Smoke Tests-1] INFO  com.hydra.base.BasePage - Waiting for element to be clickable: By.name: btnK
13:04:34.524 [TestNG-test=Smoke Tests-1] INFO  com.hydra.base.BasePage - Clicked on element: By.name: btnK
13:04:34.525 [TestNG-test=Smoke Tests-1] INFO  com.hydra.base.BasePage - Searched for: Selenium WebDriver
13:04:34.525 [TestNG-test=Smoke Tests-1] INFO  com.hydra.base.BaseTest - Search performed for: Selenium WebDriver
13:04:36.859 [TestNG-test=Smoke Tests-1] INFO  com.hydra.base.BasePage - Current URL: https://www.google.com/sorry/index?continue=https://www.google.com/search%3Fsafe%3Dactive%26q%3DSelenium%2BWebDriver%26sca_esv%3D8382a0438d800e4e%26source%3Dhp%26ei%3DeYTHaeu7JLbf2roP2cq1mQE%26iflsig%3DAFdpzrgAAAAAaceSiQN9sFiA6XtFAE1Dbwlxta9xXJ_F%26ved%3D0ahUKEwir3KGpisKTAxW2r1YBHVllLRMQ4dUDCCg%26oq%3DSelenium%2BWebDriver%26gs_lp%3DEgdnd3Mtd2l6IhJTZWxlbml1bSBXZWJEcml2ZXIyCBAAGIAEGLEDMgUQABiABDIFEAAYgAQyBRAAGIAEMgUQABiABDIFEAAYgAQyBRAAGIAEMgUQABiABDIFEAAYgAQyBRAAGIAESMwUUABYlwlwAHgAkAEAmAHQAaABgxSqAQYwLjE2LjG4AQzIAQD4AQGYAhGgAswVwgILEAAYgAQYsQMYgwHCAgsQLhiABBjRAxjHAcICDhAAGIAEGLEDGIMBGIoFwgIFEC4YgATCAg4QLhiABBixAxjRAxjHAcICCxAuGIAEGLEDGIMBwgIREC4YgAQYsQMY0QMYgwEYxwHCAggQLhiABBixA5gDAJIHBjAuMTYuMaAH-2qyBwYwLjE2LjG4B8wVwgcIMi0xMC42LjHIB58BgAgA%26sclient%3Dgws-wiz%26sei%3DiYTHaZmKJr7l4-EPy76X0AI%26safe%3Dactive&q=EgSnZ7xRGIqJns4GIjDQAGGwtGrGlXCt6a31q9DlL8eI1lnSu25l8rZnyoKjRP_kUy031G-I6-_r-qp_zU4yAVJaAUM
13:04:36.859 [TestNG-test=Smoke Tests-1] INFO  com.hydra.base.BaseTest - Search results page displayed successfully
13:04:36.859 [TestNG-test=Smoke Tests-1] INFO  com.hydra.base.BaseTest - TEST PASSED: testGoogleSearch
]]></system-out>
    <system-err><![CDATA[Mar 28, 2026 1:04:14 PM org.openqa.selenium.devtools.CdpVersionFinder findNearestMatch
WARNING: Unable to find CDP implementation matching 146
Mar 28, 2026 1:04:14 PM org.openqa.selenium.chromium.ChromiumDriver lambda$new$5
WARNING: Unable to find version of CDP to use for 146.0.7680.154. You may need to include a dependency on a specific version of the CDP using something similar to `org.seleniumhq.selenium:selenium-devtools-v86:4.15.0` where the version ("v86") matches the version of the chromium-based browser you're using and the version number of the artifact is the same as Selenium's.
Mar 28, 2026 1:04:17 PM org.openqa.selenium.devtools.CdpVersionFinder findNearestMatch
WARNING: Unable to find CDP implementation matching 146
Mar 28, 2026 1:04:17 PM org.openqa.selenium.chromium.ChromiumDriver lambda$new$5
WARNING: Unable to find version of CDP to use for 146.0.7680.154. You may need to include a dependency on a specific version of the CDP using something similar to `org.seleniumhq.selenium:selenium-devtools-v86:4.15.0` where the version ("v86") matches the version of the chromium-based browser you're using and the version number of the artifact is the same as Selenium's.
]]></system-err>
  </testcase>
  <testcase name="testGooglePageTitle" classname="com.hydra.tests.GoogleSearchTest" time="2.185">
    <failure type="java.lang.StackOverflowError"><![CDATA[java.lang.StackOverflowError
	at com.hydra.pages.GoogleHomePage.getPageTitle(GoogleHomePage.java:75)
	at com.hydra.pages.GoogleHomePage.getPageTitle(GoogleHomePage.java:75)
	at com.hydra.pages.GoogleHomePage.getPageTitle(GoogleHomePage.java:75)
	at com.hydra.pages.GoogleHomePage.getPageTitle(GoogleHomePage.java:75)
	at com.hydra.pages.GoogleHomePage.getPageTitle(GoogleHomePage.java:75)
	at com.hydra.pages.GoogleHomePage.getPageTitle(GoogleHomePage.java:75)
	at com.hydra.pages.GoogleHomePage.getPageTitle(GoogleHomePage.java:75)
	at com.hydra.pages.GoogleHomePage.getPageTitle(GoogleHomePage.java:75)
	at com.hydra.pages.GoogleHomePage.getPageTitle(GoogleHomePage.java:75)
	at com.hydra.pages.GoogleHomePage.getPageTitle(GoogleHomePage.java:75)
	at com.hydra.pages.GoogleHomePage.getPageTitle(GoogleHomePage.java:75)
	at com.hydra.pages.GoogleHomePage.getPageTitle(GoogleHomePage.java:75)
	at com.hydra.pages.GoogleHomePage.getPageTitle(GoogleHomePage.java:75)
	at com.hydra.pages.GoogleHomePage.getPageTitle(GoogleHomePage.java:75)
	at com.hydra.pages.GoogleHomePage.getPageTitle(GoogleHomePage.java:75)
	at com.hydra.pages.GoogleHomePage.getPageTitle(GoogleHomePage.java:75)
	at com.hydra.pages.GoogleHomePage.getPageTitle(GoogleHomePage.java:75)
	at com.hydra.pages.GoogleHomePage.getPageTitle(GoogleHomePage.java:75)
	at com.hydra.pages.GoogleHomePage.getPageTitle(GoogleHomePage.java:75)
	at com.hydra.pages.GoogleHomePage.getPageTitle(GoogleHomePage.java:75)
	at com.hydra.pages.GoogleHomePage.getPageTitle(GoogleHomePage.java:75)
	at com.hydra.pages.GoogleHomePage.getPageTitle(GoogleHomePage.java:75)
	at com.hydra.pages.GoogleHomePage.getPageTitle(GoogleHomePage.java:75)
	at com.hydra.pages.GoogleHomePage.getPageTitle(GoogleHomePage.java:75)
	at com.hydra.pages.GoogleHomePage.getPageTitle(GoogleHomePage.java:75)
	at com.hydra.pages.GoogleHomePage.getPageTitle(GoogleHomePage.java:75)
	at com.hydra.pages.GoogleHomePage.getPageTitle(GoogleHomePage.java:75)
	at com.hydra.pages.GoogleHomePage.getPageTitle(GoogleHomePage.java:75)
	at com.hydra.pages.GoogleHomePage.getPageTitle(GoogleHomePage.java:75)
	at com.hydra.pages.GoogleHomePage.getPageTitle(GoogleHomePage.java:75)
	at com.hydra.pages.GoogleHomePage.getPageTitle(GoogleHomePage.java:75)
	at com.hydra.pages.GoogleHomePage.getPageTitle(GoogleHomePage.java:75)
	at com.hydra.pages.GoogleHomePage.getPageTitle(GoogleHomePage.java:75)
	at com.hydra.pages.GoogleHomePage.getPageTitle(GoogleHomePage.java:75)
	at com.hydra.pages.GoogleHomePage.getPageTitle(GoogleHomePage.java:75)
	at com.hydra.pages.GoogleHomePage.getPageTitle(GoogleHomePage.java:75)
	at com.hydra.pages.GoogleHomePage.getPageTitle(GoogleHomePage.java:75)
	at com.hydra.pages.GoogleHomePage.getPageTitle(GoogleHomePage.java:75)
	at com.hydra.pages.GoogleHomePage.getPageTitle(GoogleHomePage.java:75)
	at com.hydra.pages.GoogleHomePage.getPageTitle(GoogleHomePage.java:75)
	at com.hydra.pages.GoogleHomePage.getPageTitle(GoogleHomePage.java:75)
	at com.hydra.pages.GoogleHomePage.getPageTitle(GoogleHomePage.java:75)
	at com.hydra.pages.GoogleHomePage.getPageTitle(GoogleHomePage.java:75)
	at com.hydra.pages.GoogleHomePage.getPageTitle(GoogleHomePage.java:75)
	at com.hydra.pages.GoogleHomePage.getPageTitle(GoogleHomePage.java:75)
	at com.hydra.pages.GoogleHomePage.getPageTitle(GoogleHomePage.java:75)
	at com.hydra.pages.GoogleHomePage.getPageTitle(GoogleHomePage.java:75)
	at com.hydra.pages.GoogleHomePage.getPageTitle(GoogleHomePage.java:75)
	at com.hydra.pages.GoogleHomePage.getPageTitle(GoogleHomePage.java:75)
	at com.hydra.pages.GoogleHomePage.getPageTitle(GoogleHomePage.java:75)
	at com.hydra.pages.GoogleHomePage.getPageTitle(GoogleHomePage.java:75)
	at com.hydra.pages.GoogleHomePage.getPageTitle(GoogleHomePage.java:75)
	at com.hydra.pages.GoogleHomePage.getPageTitle(GoogleHomePage.java:75)
	at com.hydra.pages.GoogleHomePage.getPageTitle(GoogleHomePage.java:75)
	at com.hydra.pages.GoogleHomePage.getPageTitle(GoogleHomePage.java:75)
	at com.hydra.pages.GoogleHomePage.getPageTitle(GoogleHomePage.java:75)
	at com.hydra.pages.GoogleHomePage.getPageTitle(GoogleHomePage.java:75)
	at com.hydra.pages.GoogleHomePage.getPageTitle(GoogleHomePage.java:75)
	at com.hydra.pages.GoogleHomePage.getPageTitle(GoogleHomePage.java:75)
	at com.hydra.pages.GoogleHomePage.getPageTitle(GoogleHomePage.java:75)
	at com.hydra.pages.GoogleHomePage.getPageTitle(GoogleHomePage.java:75)
	at com.hydra.pages.GoogleHomePage.getPageTitle(GoogleHomePage.java:75)
	at com.hydra.pages.GoogleHomePage.getPageTitle(GoogleHomePage.java:75)
	at com.hydra.pages.GoogleHomePage.getPageTitle(GoogleHomePage.java:75)
	at com.hydra.pages.GoogleHomePage.getPageTitle(GoogleHomePage.java:75)
	at com.hydra.pages.GoogleHomePage.getPageTitle(GoogleHomePage.java:75)
	at com.hydra.pages.GoogleHomePage.getPageTitle(GoogleHomePage.java:75)
	at com.hydra.pages.GoogleHomePage.getPageTitle(GoogleHomePage.java:75)
	at com.hydra.pages.GoogleHomePage.getPageTitle(GoogleHomePage.java:75)
	at com.hydra.pages.GoogleHomePage.getPageTitle(GoogleHomePage.java:75)
	at com.hydra.pages.GoogleHomePage.getPageTitle(GoogleHomePage.java:75)
	at com.hydra.pages.GoogleHomePage.getPageTitle(GoogleHomePage.java:75)
	at com.hydra.pages.GoogleHomePage.getPageTitle(GoogleHomePage.java:75)
	at com.hydra.pages.GoogleHomePage.getPageTitle(GoogleHomePage.java:75)
	at com.hydra.pages.GoogleHomePage.getPageTitle(GoogleHomePage.java:75)
	at com.hydra.pages.GoogleHomePage.getPageTitle(GoogleHomePage.java:75)
	at com.hydra.pages.GoogleHomePage.getPageTitle(GoogleHomePage.java:75)
	at com.hydra.pages.GoogleHomePage.getPageTitle(GoogleHomePage.java:75)
	at com.hydra.pages.GoogleHomePage.getPageTitle(GoogleHomePage.java:75)
	at com.hydra.pages.GoogleHomePage.getPageTitle(GoogleHomePage.java:75)
	at com.hydra.pages.GoogleHomePage.getPageTitle(GoogleHomePage.java:75)
	at com.hydra.pages.GoogleHomePage.getPageTitle(GoogleHomePage.java:75)
	at com.hydra.pages.GoogleHomePage.getPageTitle(GoogleHomePage.java:75)
	at com.hydra.pages.GoogleHomePage.getPageTitle(GoogleHomePage.java:75)
	at com.hydra.pages.GoogleHomePage.getPageTitle(GoogleHomePage.java:75)
	at com.hydra.pages.GoogleHomePage.getPageTitle(GoogleHomePage.java:75)
	at com.hydra.pages.GoogleHomePage.getPageTitle(GoogleHomePage.java:75)
	at com.hydra.pages.GoogleHomePage.getPageTitle(GoogleHomePage.java:75)
	at com.hydra.pages.GoogleHomePage.getPageTitle(GoogleHomePage.java:75)
	at com.hydra.pages.GoogleHomePage.getPageTitle(GoogleHomePage.java:75)
	at com.hydra.pages.GoogleHomePage.getPageTitle(GoogleHomePage.java:75)
	at com.hydra.pages.GoogleHomePage.getPageTitle(GoogleHomePage.java:75)
	at com.hydra.pages.GoogleHomePage.getPageTitle(GoogleHomePage.java:75)
	at com.hydra.pages.GoogleHomePage.getPageTitle(GoogleHomePage.java:75)
	at com.hydra.pages.GoogleHomePage.getPageTitle(GoogleHomePage.java:75)
	at com.hydra.pages.GoogleHomePage.getPageTitle(GoogleHomePage.java:75)
	at com.hydra.pages.GoogleHomePage.getPageTitle(GoogleHomePage.java:75)
	at com.hydra.pages.GoogleHomePage.getPageTitle(GoogleHomePage.java:75)
	at com.hydra.pages.GoogleHomePage.getPageTitle(GoogleHomePage.java:75)
	at com.hydra.pages.GoogleHomePage.getPageTitle(GoogleHomePage.java:75)
	at com.hydra.pages.GoogleHomePage.getPageTitle(GoogleHomePage.java:75)
	at com.hydra.pages.GoogleHomePage.getPageTitle(GoogleHomePage.java:75)
	at com.hydra.pages.GoogleHomePage.getPageTitle(GoogleHomePage.java:75)
	at com.hydra.pages.GoogleHomePage.getPageTitle(GoogleHomePage.java:75)
	at com.hydra.pages.GoogleHomePage.getPageTitle(GoogleHomePage.java:75)
	at com.hydra.pages.GoogleHomePage.getPageTitle(GoogleHomePage.java:75)
	at com.hydra.pages.GoogleHomePage.getPageTitle(GoogleHomePage.java:75)
	at com.hydra.pages.GoogleHomePage.getPageTitle(GoogleHomePage.java:75)
	at com.hydra.pages.GoogleHomePage.getPageTitle(GoogleHomePage.java:75)
	at com.hydra.pages.GoogleHomePage.getPageTitle(GoogleHomePage.java:75)
	at com.hydra.pages.GoogleHomePage.getPageTitle(GoogleHomePage.java:75)
	at com.hydra.pages.GoogleHomePage.getPageTitle(GoogleHomePage.java:75)
	at com.hydra.pages.GoogleHomePage.getPageTitle(GoogleHomePage.java:75)
	at com.hydra.pages.GoogleHomePage.getPageTitle(GoogleHomePage.java:75)
	at com.hydra.pages.GoogleHomePage.getPageTitle(GoogleHomePage.java:75)
	at com.hydra.pages.GoogleHomePage.getPageTitle(GoogleHomePage.java:75)
	at com.hydra.pages.GoogleHomePage.getPageTitle(GoogleHomePage.java:75)
	at com.hydra.pages.GoogleHomePage.getPageTitle(GoogleHomePage.java:75)
	at com.hydra.pages.GoogleHomePage.getPageTitle(GoogleHomePage.java:75)
	at com.hydra.pages.GoogleHomePage.getPageTitle(GoogleHomePage.java:75)
	at com.hydra.pages.GoogleHomePage.getPageTitle(GoogleHomePage.java:75)
	at com.hydra.pages.GoogleHomePage.getPageTitle(GoogleHomePage.java:75)
	at com.hydra.pages.GoogleHomePage.getPageTitle(GoogleHomePage.java:75)
	at com.hydra.pages.GoogleHomePage.getPageTitle(GoogleHomePage.java:75)
	at com.hydra.pages.GoogleHomePage.getPageTitle(GoogleHomePage.java:75)
	at com.hydra.pages.GoogleHomePage.getPageTitle(GoogleHomePage.java:75)
	at com.hydra.pages.GoogleHomePage.getPageTitle(GoogleHomePage.java:75)
	at com.hydra.pages.GoogleHomePage.getPageTitle(GoogleHomePage.java:75)
	at com.hydra.pages.GoogleHomePage.getPageTitle(GoogleHomePage.java:75)
	at com.hydra.pages.GoogleHomePage.getPageTitle(GoogleHomePage.java:75)
	at com.hydra.pages.GoogleHomePage.getPageTitle(GoogleHomePage.java:75)
	at com.hydra.pages.GoogleHomePage.getPageTitle(GoogleHomePage.java:75)
	at com.hydra.pages.GoogleHomePage.getPageTitle(GoogleHomePage.java:75)
	at com.hydra.pages.GoogleHomePage.getPageTitle(GoogleHomePage.java:75)
	at com.hydra.pages.GoogleHomePage.getPageTitle(GoogleHomePage.java:75)
	at com.hydra.pages.GoogleHomePage.getPageTitle(GoogleHomePage.java:75)
	at com.hydra.pages.GoogleHomePage.getPageTitle(GoogleHomePage.java:75)
	at com.hydra.pages.GoogleHomePage.getPageTitle(GoogleHomePage.java:75)
	at com.hydra.pages.GoogleHomePage.getPageTitle(GoogleHomePage.java:75)
	at com.hydra.pages.GoogleHomePage.getPageTitle(GoogleHomePage.java:75)
	at com.hydra.pages.GoogleHomePage.getPageTitle(GoogleHomePage.java:75)
	at com.hydra.pages.GoogleHomePage.getPageTitle(GoogleHomePage.java:75)
	at com.hydra.pages.GoogleHomePage.getPageTitle(GoogleHomePage.java:75)
	at com.hydra.pages.GoogleHomePage.getPageTitle(GoogleHomePage.java:75)
	at com.hydra.pages.GoogleHomePage.getPageTitle(GoogleHomePage.java:75)
	at com.hydra.pages.GoogleHomePage.getPageTitle(GoogleHomePage.java:75)
	at com.hydra.pages.GoogleHomePage.getPageTitle(GoogleHomePage.java:75)
	at com.hydra.pages.GoogleHomePage.getPageTitle(GoogleHomePage.java:75)
	at com.hydra.pages.GoogleHomePage.getPageTitle(GoogleHomePage.java:75)
	at com.hydra.pages.GoogleHomePage.getPageTitle(GoogleHomePage.java:75)
	at com.hydra.pages.GoogleHomePage.getPageTitle(GoogleHomePage.java:75)
	at com.hydra.pages.GoogleHomePage.getPageTitle(GoogleHomePage.java:75)
	at com.hydra.pages.GoogleHomePage.getPageTitle(GoogleHomePage.java:75)
	at com.hydra.pages.GoogleHomePage.getPageTitle(GoogleHomePage.java:75)
	at com.hydra.pages.GoogleHomePage.getPageTitle(GoogleHomePage.java:75)
	at com.hydra.pages.GoogleHomePage.getPageTitle(GoogleHomePage.java:75)
	at com.hydra.pages.GoogleHomePage.getPageTitle(GoogleHomePage.java:75)
	at com.hydra.pages.GoogleHomePage.getPageTitle(GoogleHomePage.java:75)
	at com.hydra.pages.GoogleHomePage.getPageTitle(GoogleHomePage.java:75)
	at com.hydra.pages.GoogleHomePage.getPageTitle(GoogleHomePage.java:75)
	at com.hydra.pages.GoogleHomePage.getPageTitle(GoogleHomePage.java:75)
	at com.hydra.pages.GoogleHomePage.getPageTitle(GoogleHomePage.java:75)
	at com.hydra.pages.GoogleHomePage.getPageTitle(GoogleHomePage.java:75)
	at com.hydra.pages.GoogleHomePage.getPageTitle(GoogleHomePage.java:75)
	at com.hydra.pages.GoogleHomePage.getPageTitle(GoogleHomePage.java:75)
	at com.hydra.pages.GoogleHomePage.getPageTitle(GoogleHomePage.java:75)
	at com.hydra.pages.GoogleHomePage.getPageTitle(GoogleHomePage.java:75)
	at com.hydra.pages.GoogleHomePage.getPageTitle(GoogleHomePage.java:75)
	at com.hydra.pages.GoogleHomePage.getPageTitle(GoogleHomePage.java:75)
	at com.hydra.pages.GoogleHomePage.getPageTitle(GoogleHomePage.java:75)
	at com.hydra.pages.GoogleHomePage.getPageTitle(GoogleHomePage.java:75)
	at com.hydra.pages.GoogleHomePage.getPageTitle(GoogleHomePage.java:75)
	at com.hydra.pages.GoogleHomePage.getPageTitle(GoogleHomePage.java:75)
	at com.hydra.pages.GoogleHomePage.getPageTitle(GoogleHomePage.java:75)
	at com.hydra.pages.GoogleHomePage.getPageTitle(GoogleHomePage.java:75)
	at com.hydra.pages.GoogleHomePage.getPageTitle(GoogleHomePage.java:75)
	at com.hydra.pages.GoogleHomePage.getPageTitle(GoogleHomePage.java:75)
	at com.hydra.pages.GoogleHomePage.getPageTitle(GoogleHomePage.java:75)
	at com.hydra.pages.GoogleHomePage.getPageTitle(GoogleHomePage.java:75)
	at com.hydra.pages.GoogleHomePage.getPageTitle(GoogleHomePage.java:75)
	at com.hydra.pages.GoogleHomePage.getPageTitle(GoogleHomePage.java:75)
	at com.hydra.pages.GoogleHomePage.getPageTitle(GoogleHomePage.java:75)
	at com.hydra.pages.GoogleHomePage.getPageTitle(GoogleHomePage.java:75)
	at com.hydra.pages.GoogleHomePage.getPageTitle(GoogleHomePage.java:75)
	at com.hydra.pages.GoogleHomePage.getPageTitle(GoogleHomePage.java:75)
	at com.hydra.pages.GoogleHomePage.getPageTitle(GoogleHomePage.java:75)
	at com.hydra.pages.GoogleHomePage.getPageTitle(GoogleHomePage.java:75)
	at com.hydra.pages.GoogleHomePage.getPageTitle(GoogleHomePage.java:75)
	at com.hydra.pages.GoogleHomePage.getPageTitle(GoogleHomePage.java:75)
	at com.hydra.pages.GoogleHomePage.getPageTitle(GoogleHomePage.java:75)
	at com.hydra.pages.GoogleHomePage.getPageTitle(GoogleHomePage.java:75)
	at com.hydra.pages.GoogleHomePage.getPageTitle(GoogleHomePage.java:75)
	at com.hydra.pages.GoogleHomePage.getPageTitle(GoogleHomePage.java:75)
	at com.hydra.pages.GoogleHomePage.getPageTitle(GoogleHomePage.java:75)
	at com.hydra.pages.GoogleHomePage.getPageTitle(GoogleHomePage.java:75)
	at com.hydra.pages.GoogleHomePage.getPageTitle(GoogleHomePage.java:75)
	at com.hydra.pages.GoogleHomePage.getPageTitle(GoogleHomePage.java:75)
	at com.hydra.pages.GoogleHomePage.getPageTitle(GoogleHomePage.java:75)
	at com.hydra.pages.GoogleHomePage.getPageTitle(GoogleHomePage.java:75)
	at com.hydra.pages.GoogleHomePage.getPageTitle(GoogleHomePage.java:75)
	at com.hydra.pages.GoogleHomePage.getPageTitle(GoogleHomePage.java:75)
	at com.hydra.pages.GoogleHomePage.getPageTitle(GoogleHomePage.java:75)
	at com.hydra.pages.GoogleHomePage.getPageTitle(GoogleHomePage.java:75)
	at com.hydra.pages.GoogleHomePage.getPageTitle(GoogleHomePage.java:75)
	at com.hydra.pages.GoogleHomePage.getPageTitle(GoogleHomePage.java:75)
	at com.hydra.pages.GoogleHomePage.getPageTitle(GoogleHomePage.java:75)
	at com.hydra.pages.GoogleHomePage.getPageTitle(GoogleHomePage.java:75)
	at com.hydra.pages.GoogleHomePage.getPageTitle(GoogleHomePage.java:75)
	at com.hydra.pages.GoogleHomePage.getPageTitle(GoogleHomePage.java:75)
	at com.hydra.pages.GoogleHomePage.getPageTitle(GoogleHomePage.java:75)
	at com.hydra.pages.GoogleHomePage.getPageTitle(GoogleHomePage.java:75)
	at com.hydra.pages.GoogleHomePage.getPageTitle(GoogleHomePage.java:75)
	at com.hydra.pages.GoogleHomePage.getPageTitle(GoogleHomePage.java:75)
	at com.hydra.pages.GoogleHomePage.getPageTitle(GoogleHomePage.java:75)
	at com.hydra.pages.GoogleHomePage.getPageTitle(GoogleHomePage.java:75)
	at com.hydra.pages.GoogleHomePage.getPageTitle(GoogleHomePage.java:75)
	at com.hydra.pages.GoogleHomePage.getPageTitle(GoogleHomePage.java:75)
	at com.hydra.pages.GoogleHomePage.getPageTitle(GoogleHomePage.java:75)
	at com.hydra.pages.GoogleHomePage.getPageTitle(GoogleHomePage.java:75)
	at com.hydra.pages.GoogleHomePage.getPageTitle(GoogleHomePage.java:75)
	at com.hydra.pages.GoogleHomePage.getPageTitle(GoogleHomePage.java:75)
	at com.hydra.pages.GoogleHomePage.getPageTitle(GoogleHomePage.java:75)
	at com.hydra.pages.GoogleHomePage.getPageTitle(GoogleHomePage.java:75)
	at com.hydra.pages.GoogleHomePage.getPageTitle(GoogleHomePage.java:75)
	at com.hydra.pages.GoogleHomePage.getPageTitle(GoogleHomePage.java:75)
	at com.hydra.pages.GoogleHomePage.getPageTitle(GoogleHomePage.java:75)
	at com.hydra.pages.GoogleHomePage.getPageTitle(GoogleHomePage.java:75)
	at com.hydra.pages.GoogleHomePage.getPageTitle(GoogleHomePage.java:75)
	at com.hydra.pages.GoogleHomePage.getPageTitle(GoogleHomePage.java:75)
	at com.hydra.pages.GoogleHomePage.getPageTitle(GoogleHomePage.java:75)
	at com.hydra.pages.GoogleHomePage.getPageTitle(GoogleHomePage.java:75)
	at com.hydra.pages.GoogleHomePage.getPageTitle(GoogleHomePage.java:75)
	at com.hydra.pages.GoogleHomePage.getPageTitle(GoogleHomePage.java:75)
	at com.hydra.pages.GoogleHomePage.getPageTitle(GoogleHomePage.java:75)
	at com.hydra.pages.GoogleHomePage.getPageTitle(GoogleHomePage.java:75)
	at com.hydra.pages.GoogleHomePage.getPageTitle(GoogleHomePage.java:75)
	at com.hydra.pages.GoogleHomePage.getPageTitle(GoogleHomePage.java:75)
	at com.hydra.pages.GoogleHomePage.getPageTitle(GoogleHomePage.java:75)
	at com.hydra.pages.GoogleHomePage.getPageTitle(GoogleHomePage.java:75)
	at com.hydra.pages.GoogleHomePage.getPageTitle(GoogleHomePage.java:75)
	at com.hydra.pages.GoogleHomePage.getPageTitle(GoogleHomePage.java:75)
	at com.hydra.pages.GoogleHomePage.getPageTitle(GoogleHomePage.java:75)
	at com.hydra.pages.GoogleHomePage.getPageTitle(GoogleHomePage.java:75)
	at com.hydra.pages.GoogleHomePage.getPageTitle(GoogleHomePage.java:75)
	at com.hydra.pages.GoogleHomePage.getPageTitle(GoogleHomePage.java:75)
	at com.hydra.pages.GoogleHomePage.getPageTitle(GoogleHomePage.java:75)
	at com.hydra.pages.GoogleHomePage.getPageTitle(GoogleHomePage.java:75)
	at com.hydra.pages.GoogleHomePage.getPageTitle(GoogleHomePage.java:75)
	at com.hydra.pages.GoogleHomePage.getPageTitle(GoogleHomePage.java:75)
	at com.hydra.pages.GoogleHomePage.getPageTitle(GoogleHomePage.java:75)
	at com.hydra.pages.GoogleHomePage.getPageTitle(GoogleHomePage.java:75)
	at com.hydra.pages.GoogleHomePage.getPageTitle(GoogleHomePage.java:75)
	at com.hydra.pages.GoogleHomePage.getPageTitle(GoogleHomePage.java:75)
	at com.hydra.pages.GoogleHomePage.getPageTitle(GoogleHomePage.java:75)
	at com.hydra.pages.GoogleHomePage.getPageTitle(GoogleHomePage.java:75)
	at com.hydra.pages.GoogleHomePage.getPageTitle(GoogleHomePage.java:75)
	at com.hydra.pages.GoogleHomePage.getPageTitle(GoogleHomePage.java:75)
	at com.hydra.pages.GoogleHomePage.getPageTitle(GoogleHomePage.java:75)
	at com.hydra.pages.GoogleHomePage.getPageTitle(GoogleHomePage.java:75)
	at com.hydra.pages.GoogleHomePage.getPageTitle(GoogleHomePage.java:75)
	at com.hydra.pages.GoogleHomePage.getPageTitle(GoogleHomePage.java:75)
	at com.hydra.pages.GoogleHomePage.getPageTitle(GoogleHomePage.java:75)
	at com.hydra.pages.GoogleHomePage.getPageTitle(GoogleHomePage.java:75)
	at com.hydra.pages.GoogleHomePage.getPageTitle(GoogleHomePage.java:75)
	at com.hydra.pages.GoogleHomePage.getPageTitle(GoogleHomePage.java:75)
	at com.hydra.pages.GoogleHomePage.getPageTitle(GoogleHomePage.java:75)
	at com.hydra.pages.GoogleHomePage.getPageTitle(GoogleHomePage.java:75)
	at com.hydra.pages.GoogleHomePage.getPageTitle(GoogleHomePage.java:75)
	at com.hydra.pages.GoogleHomePage.getPageTitle(GoogleHomePage.java:75)
	at com.hydra.pages.GoogleHomePage.getPageTitle(GoogleHomePage.java:75)
	at com.hydra.pages.GoogleHomePage.getPageTitle(GoogleHomePage.java:75)
	at com.hydra.pages.GoogleHomePage.getPageTitle(GoogleHomePage.java:75)
	at com.hydra.pages.GoogleHomePage.getPageTitle(GoogleHomePage.java:75)
	at com.hydra.pages.GoogleHomePage.getPageTitle(GoogleHomePage.java:75)
	at com.hydra.pages.GoogleHomePage.getPageTitle(GoogleHomePage.java:75)
	at com.hydra.pages.GoogleHomePage.getPageTitle(GoogleHomePage.java:75)
	at com.hydra.pages.GoogleHomePage.getPageTitle(GoogleHomePage.java:75)
	at com.hydra.pages.GoogleHomePage.getPageTitle(GoogleHomePage.java:75)
	at com.hydra.pages.GoogleHomePage.getPageTitle(GoogleHomePage.java:75)
	at com.hydra.pages.GoogleHomePage.getPageTitle(GoogleHomePage.java:75)
	at com.hydra.pages.GoogleHomePage.getPageTitle(GoogleHomePage.java:75)
	at com.hydra.pages.GoogleHomePage.getPageTitle(GoogleHomePage.java:75)
	at com.hydra.pages.GoogleHomePage.getPageTitle(GoogleHomePage.java:75)
	at com.hydra.pages.GoogleHomePage.getPageTitle(GoogleHomePage.java:75)
	at com.hydra.pages.GoogleHomePage.getPageTitle(GoogleHomePage.java:75)
	at com.hydra.pages.GoogleHomePage.getPageTitle(GoogleHomePage.java:75)
	at com.hydra.pages.GoogleHomePage.getPageTitle(GoogleHomePage.java:75)
	at com.hydra.pages.GoogleHomePage.getPageTitle(GoogleHomePage.java:75)
	at com.hydra.pages.GoogleHomePage.getPageTitle(GoogleHomePage.java:75)
	at com.hydra.pages.GoogleHomePage.getPageTitle(GoogleHomePage.java:75)
	at com.hydra.pages.GoogleHomePage.getPageTitle(GoogleHomePage.java:75)
	at com.hydra.pages.GoogleHomePage.getPageTitle(GoogleHomePage.java:75)
	at com.hydra.pages.GoogleHomePage.getPageTitle(GoogleHomePage.java:75)
	at com.hydra.pages.GoogleHomePage.getPageTitle(GoogleHomePage.java:75)
	at com.hydra.pages.GoogleHomePage.getPageTitle(GoogleHomePage.java:75)
	at com.hydra.pages.GoogleHomePage.getPageTitle(GoogleHomePage.java:75)
	at com.hydra.pages.GoogleHomePage.getPageTitle(GoogleHomePage.java:75)
	at com.hydra.pages.GoogleHomePage.getPageTitle(GoogleHomePage.java:75)
	at com.hydra.pages.GoogleHomePage.getPageTitle(GoogleHomePage.java:75)
	at com.hydra.pages.GoogleHomePage.getPageTitle(GoogleHomePage.java:75)
	at com.hydra.pages.GoogleHomePage.getPageTitle(GoogleHomePage.java:75)
	at com.hydra.pages.GoogleHomePage.getPageTitle(GoogleHomePage.java:75)
	at com.hydra.pages.GoogleHomePage.getPageTitle(GoogleHomePage.java:75)
	at com.hydra.pages.GoogleHomePage.getPageTitle(GoogleHomePage.java:75)
	at com.hydra.pages.GoogleHomePage.getPageTitle(GoogleHomePage.java:75)
	at com.hydra.pages.GoogleHomePage.getPageTitle(GoogleHomePage.java:75)
	at com.hydra.pages.GoogleHomePage.getPageTitle(GoogleHomePage.java:75)
	at com.hydra.pages.GoogleHomePage.getPageTitle(GoogleHomePage.java:75)
	at com.hydra.pages.GoogleHomePage.getPageTitle(GoogleHomePage.java:75)
	at com.hydra.pages.GoogleHomePage.getPageTitle(GoogleHomePage.java:75)
	at com.hydra.pages.GoogleHomePage.getPageTitle(GoogleHomePage.java:75)
	at com.hydra.pages.GoogleHomePage.getPageTitle(GoogleHomePage.java:75)
	at com.hydra.pages.GoogleHomePage.getPageTitle(GoogleHomePage.java:75)
	at com.hydra.pages.GoogleHomePage.getPageTitle(GoogleHomePage.java:75)
	at com.hydra.pages.GoogleHomePage.getPageTitle(GoogleHomePage.java:75)
	at com.hydra.pages.GoogleHomePage.getPageTitle(GoogleHomePage.java:75)
	at com.hydra.pages.GoogleHomePage.getPageTitle(GoogleHomePage.java:75)
	at com.hydra.pages.GoogleHomePage.getPageTitle(GoogleHomePage.java:75)
	at com.hydra.pages.GoogleHomePage.getPageTitle(GoogleHomePage.java:75)
	at com.hydra.pages.GoogleHomePage.getPageTitle(GoogleHomePage.java:75)
	at com.hydra.pages.GoogleHomePage.getPageTitle(GoogleHomePage.java:75)
	at com.hydra.pages.GoogleHomePage.getPageTitle(GoogleHomePage.java:75)
	at com.hydra.pages.GoogleHomePage.getPageTitle(GoogleHomePage.java:75)
	at com.hydra.pages.GoogleHomePage.getPageTitle(GoogleHomePage.java:75)
	at com.hydra.pages.GoogleHomePage.getPageTitle(GoogleHomePage.java:75)
	at com.hydra.pages.GoogleHomePage.getPageTitle(GoogleHomePage.java:75)
	at com.hydra.pages.GoogleHomePage.getPageTitle(GoogleHomePage.java:75)
	at com.hydra.pages.GoogleHomePage.getPageTitle(GoogleHomePage.java:75)
	at com.hydra.pages.GoogleHomePage.getPageTitle(GoogleHomePage.java:75)
	at com.hydra.pages.GoogleHomePage.getPageTitle(GoogleHomePage.java:75)
	at com.hydra.pages.GoogleHomePage.getPageTitle(GoogleHomePage.java:75)
	at com.hydra.pages.GoogleHomePage.getPageTitle(GoogleHomePage.java:75)
	at com.hydra.pages.GoogleHomePage.getPageTitle(GoogleHomePage.java:75)
	at com.hydra.pages.GoogleHomePage.getPageTitle(GoogleHomePage.java:75)
	at com.hydra.pages.GoogleHomePage.getPageTitle(GoogleHomePage.java:75)
	at com.hydra.pages.GoogleHomePage.getPageTitle(GoogleHomePage.java:75)
	at com.hydra.pages.GoogleHomePage.getPageTitle(GoogleHomePage.java:75)
	at com.hydra.pages.GoogleHomePage.getPageTitle(GoogleHomePage.java:75)
	at com.hydra.pages.GoogleHomePage.getPageTitle(GoogleHomePage.java:75)
	at com.hydra.pages.GoogleHomePage.getPageTitle(GoogleHomePage.java:75)
	at com.hydra.pages.GoogleHomePage.getPageTitle(GoogleHomePage.java:75)
	at com.hydra.pages.GoogleHomePage.getPageTitle(GoogleHomePage.java:75)
	at com.hydra.pages.GoogleHomePage.getPageTitle(GoogleHomePage.java:75)
	at com.hydra.pages.GoogleHomePage.getPageTitle(GoogleHomePage.java:75)
	at com.hydra.pages.GoogleHomePage.getPageTitle(GoogleHomePage.java:75)
	at com.hydra.pages.GoogleHomePage.getPageTitle(GoogleHomePage.java:75)
	at com.hydra.pages.GoogleHomePage.getPageTitle(GoogleHomePage.java:75)
	at com.hydra.pages.GoogleHomePage.getPageTitle(GoogleHomePage.java:75)
	at com.hydra.pages.GoogleHomePage.getPageTitle(GoogleHomePage.java:75)
	at com.hydra.pages.GoogleHomePage.getPageTitle(GoogleHomePage.java:75)
	at com.hydra.pages.GoogleHomePage.getPageTitle(GoogleHomePage.java:75)
	at com.hydra.pages.GoogleHomePage.getPageTitle(GoogleHomePage.java:75)
	at com.hydra.pages.GoogleHomePage.getPageTitle(GoogleHomePage.java:75)
	at com.hydra.pages.GoogleHomePage.getPageTitle(GoogleHomePage.java:75)
	at com.hydra.pages.GoogleHomePage.getPageTitle(GoogleHomePage.java:75)
	at com.hydra.pages.GoogleHomePage.getPageTitle(GoogleHomePage.java:75)
	at com.hydra.pages.GoogleHomePage.getPageTitle(GoogleHomePage.java:75)
	at com.hydra.pages.GoogleHomePage.getPageTitle(GoogleHomePage.java:75)
	at com.hydra.pages.GoogleHomePage.getPageTitle(GoogleHomePage.java:75)
	at com.hydra.pages.GoogleHomePage.getPageTitle(GoogleHomePage.java:75)
	at com.hydra.pages.GoogleHomePage.getPageTitle(GoogleHomePage.java:75)
	at com.hydra.pages.GoogleHomePage.getPageTitle(GoogleHomePage.java:75)
	at com.hydra.pages.GoogleHomePage.getPageTitle(GoogleHomePage.java:75)
	at com.hydra.pages.GoogleHomePage.getPageTitle(GoogleHomePage.java:75)
	at com.hydra.pages.GoogleHomePage.getPageTitle(GoogleHomePage.java:75)
	at com.hydra.pages.GoogleHomePage.getPageTitle(GoogleHomePage.java:75)
	at com.hydra.pages.GoogleHomePage.getPageTitle(GoogleHomePage.java:75)
	at com.hydra.pages.GoogleHomePage.getPageTitle(GoogleHomePage.java:75)
	at com.hydra.pages.GoogleHomePage.getPageTitle(GoogleHomePage.java:75)
	at com.hydra.pages.GoogleHomePage.getPageTitle(GoogleHomePage.java:75)
	at com.hydra.pages.GoogleHomePage.getPageTitle(GoogleHomePage.java:75)
	at com.hydra.pages.GoogleHomePage.getPageTitle(GoogleHomePage.java:75)
	at com.hydra.pages.GoogleHomePage.getPageTitle(GoogleHomePage.java:75)
	at com.hydra.pages.GoogleHomePage.getPageTitle(GoogleHomePage.java:75)
	at com.hydra.pages.GoogleHomePage.getPageTitle(GoogleHomePage.java:75)
	at com.hydra.pages.GoogleHomePage.getPageTitle(GoogleHomePage.java:75)
	at com.hydra.pages.GoogleHomePage.getPageTitle(GoogleHomePage.java:75)
	at com.hydra.pages.GoogleHomePage.getPageTitle(GoogleHomePage.java:75)
	at com.hydra.pages.GoogleHomePage.getPageTitle(GoogleHomePage.java:75)
	at com.hydra.pages.GoogleHomePage.getPageTitle(GoogleHomePage.java:75)
	at com.hydra.pages.GoogleHomePage.getPageTitle(GoogleHomePage.java:75)
	at com.hydra.pages.GoogleHomePage.getPageTitle(GoogleHomePage.java:75)
	at com.hydra.pages.GoogleHomePage.getPageTitle(GoogleHomePage.java:75)
	at com.hydra.pages.GoogleHomePage.getPageTitle(GoogleHomePage.java:75)
	at com.hydra.pages.GoogleHomePage.getPageTitle(GoogleHomePage.java:75)
	at com.hydra.pages.GoogleHomePage.getPageTitle(GoogleHomePage.java:75)
	at com.hydra.pages.GoogleHomePage.getPageTitle(GoogleHomePage.java:75)
	at com.hydra.pages.GoogleHomePage.getPageTitle(GoogleHomePage.java:75)
	at com.hydra.pages.GoogleHomePage.getPageTitle(GoogleHomePage.java:75)
	at com.hydra.pages.GoogleHomePage.getPageTitle(GoogleHomePage.java:75)
	at com.hydra.pages.GoogleHomePage.getPageTitle(GoogleHomePage.java:75)
	at com.hydra.pages.GoogleHomePage.getPageTitle(GoogleHomePage.java:75)
	at com.hydra.pages.GoogleHomePage.getPageTitle(GoogleHomePage.java:75)
	at com.hydra.pages.GoogleHomePage.getPageTitle(GoogleHomePage.java:75)
	at com.hydra.pages.GoogleHomePage.getPageTitle(GoogleHomePage.java:75)
	at com.hydra.pages.GoogleHomePage.getPageTitle(GoogleHomePage.java:75)
	at com.hydra.pages.GoogleHomePage.getPageTitle(GoogleHomePage.java:75)
	at com.hydra.pages.GoogleHomePage.getPageTitle(GoogleHomePage.java:75)
	at com.hydra.pages.GoogleHomePage.getPageTitle(GoogleHomePage.java:75)
	at com.hydra.pages.GoogleHomePage.getPageTitle(GoogleHomePage.java:75)
	at com.hydra.pages.GoogleHomePage.getPageTitle(GoogleHomePage.java:75)
	at com.hydra.pages.GoogleHomePage.getPageTitle(GoogleHomePage.java:75)
	at com.hydra.pages.GoogleHomePage.getPageTitle(GoogleHomePage.java:75)
	at com.hydra.pages.GoogleHomePage.getPageTitle(GoogleHomePage.java:75)
	at com.hydra.pages.GoogleHomePage.getPageTitle(GoogleHomePage.java:75)
	at com.hydra.pages.GoogleHomePage.getPageTitle(GoogleHomePage.java:75)
	at com.hydra.pages.GoogleHomePage.getPageTitle(GoogleHomePage.java:75)
	at com.hydra.pages.GoogleHomePage.getPageTitle(GoogleHomePage.java:75)
	at com.hydra.pages.GoogleHomePage.getPageTitle(GoogleHomePage.java:75)
	at com.hydra.pages.GoogleHomePage.getPageTitle(GoogleHomePage.java:75)
	at com.hydra.pages.GoogleHomePage.getPageTitle(GoogleHomePage.java:75)
	at com.hydra.pages.GoogleHomePage.getPageTitle(GoogleHomePage.java:75)
	at com.hydra.pages.GoogleHomePage.getPageTitle(GoogleHomePage.java:75)
	at com.hydra.pages.GoogleHomePage.getPageTitle(GoogleHomePage.java:75)
	at com.hydra.pages.GoogleHomePage.getPageTitle(GoogleHomePage.java:75)
	at com.hydra.pages.GoogleHomePage.getPageTitle(GoogleHomePage.java:75)
	at com.hydra.pages.GoogleHomePage.getPageTitle(GoogleHomePage.java:75)
	at com.hydra.pages.GoogleHomePage.getPageTitle(GoogleHomePage.java:75)
	at com.hydra.pages.GoogleHomePage.getPageTitle(GoogleHomePage.java:75)
	at com.hydra.pages.GoogleHomePage.getPageTitle(GoogleHomePage.java:75)
	at com.hydra.pages.GoogleHomePage.getPageTitle(GoogleHomePage.java:75)
	at com.hydra.pages.GoogleHomePage.getPageTitle(GoogleHomePage.java:75)
	at com.hydra.pages.GoogleHomePage.getPageTitle(GoogleHomePage.java:75)
	at com.hydra.pages.GoogleHomePage.getPageTitle(GoogleHomePage.java:75)
	at com.hydra.pages.GoogleHomePage.getPageTitle(GoogleHomePage.java:75)
	at com.hydra.pages.GoogleHomePage.getPageTitle(GoogleHomePage.java:75)
	at com.hydra.pages.GoogleHomePage.getPageTitle(GoogleHomePage.java:75)
	at com.hydra.pages.GoogleHomePage.getPageTitle(GoogleHomePage.java:75)
	at com.hydra.pages.GoogleHomePage.getPageTitle(GoogleHomePage.java:75)
	at com.hydra.pages.GoogleHomePage.getPageTitle(GoogleHomePage.java:75)
	at com.hydra.pages.GoogleHomePage.getPageTitle(GoogleHomePage.java:75)
	at com.hydra.pages.GoogleHomePage.getPageTitle(GoogleHomePage.java:75)
	at com.hydra.pages.GoogleHomePage.getPageTitle(GoogleHomePage.java:75)
	at com.hydra.pages.GoogleHomePage.getPageTitle(GoogleHomePage.java:75)
	at com.hydra.pages.GoogleHomePage.getPageTitle(GoogleHomePage.java:75)
	at com.hydra.pages.GoogleHomePage.getPageTitle(GoogleHomePage.java:75)
	at com.hydra.pages.GoogleHomePage.getPageTitle(GoogleHomePage.java:75)
	at com.hydra.pages.GoogleHomePage.getPageTitle(GoogleHomePage.java:75)
	at com.hydra.pages.GoogleHomePage.getPageTitle(GoogleHomePage.java:75)
	at com.hydra.pages.GoogleHomePage.getPageTitle(GoogleHomePage.java:75)
	at com.hydra.pages.GoogleHomePage.getPageTitle(GoogleHomePage.java:75)
	at com.hydra.pages.GoogleHomePage.getPageTitle(GoogleHomePage.java:75)
	at com.hydra.pages.GoogleHomePage.getPageTitle(GoogleHomePage.java:75)
	at com.hydra.pages.GoogleHomePage.getPageTitle(GoogleHomePage.java:75)
	at com.hydra.pages.GoogleHomePage.getPageTitle(GoogleHomePage.java:75)
	at com.hydra.pages.GoogleHomePage.getPageTitle(GoogleHomePage.java:75)
	at com.hydra.pages.GoogleHomePage.getPageTitle(GoogleHomePage.java:75)
	at com.hydra.pages.GoogleHomePage.getPageTitle(GoogleHomePage.java:75)
	at com.hydra.pages.GoogleHomePage.getPageTitle(GoogleHomePage.java:75)
	at com.hydra.pages.GoogleHomePage.getPageTitle(GoogleHomePage.java:75)
	at com.hydra.pages.GoogleHomePage.getPageTitle(GoogleHomePage.java:75)
	at com.hydra.pages.GoogleHomePage.getPageTitle(GoogleHomePage.java:75)
	at com.hydra.pages.GoogleHomePage.getPageTitle(GoogleHomePage.java:75)
	at com.hydra.pages.GoogleHomePage.getPageTitle(GoogleHomePage.java:75)
	at com.hydra.pages.GoogleHomePage.getPageTitle(GoogleHomePage.java:75)
	at com.hydra.pages.GoogleHomePage.getPageTitle(GoogleHomePage.java:75)
	at com.hydra.pages.GoogleHomePage.getPageTitle(GoogleHomePage.java:75)
	at com.hydra.pages.GoogleHomePage.getPageTitle(GoogleHomePage.java:75)
	at com.hydra.pages.GoogleHomePage.getPageTitle(GoogleHomePage.java:75)
	at com.hydra.pages.GoogleHomePage.getPageTitle(GoogleHomePage.java:75)
	at com.hydra.pages.GoogleHomePage.getPageTitle(GoogleHomePage.java:75)
	at com.hydra.pages.GoogleHomePage.getPageTitle(GoogleHomePage.java:75)
	at com.hydra.pages.GoogleHomePage.getPageTitle(GoogleHomePage.java:75)
	at com.hydra.pages.GoogleHomePage.getPageTitle(GoogleHomePage.java:75)
	at com.hydra.pages.GoogleHomePage.getPageTitle(GoogleHomePage.java:75)
	at com.hydra.pages.GoogleHomePage.getPageTitle(GoogleHomePage.java:75)
	at com.hydra.pages.GoogleHomePage.getPageTitle(GoogleHomePage.java:75)
	at com.hydra.pages.GoogleHomePage.getPageTitle(GoogleHomePage.java:75)
	at com.hydra.pages.GoogleHomePage.getPageTitle(GoogleHomePage.java:75)
	at com.hydra.pages.GoogleHomePage.getPageTitle(GoogleHomePage.java:75)
	at com.hydra.pages.GoogleHomePage.getPageTitle(GoogleHomePage.java:75)
	at com.hydra.pages.GoogleHomePage.getPageTitle(GoogleHomePage.java:75)
	at com.hydra.pages.GoogleHomePage.getPageTitle(GoogleHomePage.java:75)
	at com.hydra.pages.GoogleHomePage.getPageTitle(GoogleHomePage.java:75)
	at com.hydra.pages.GoogleHomePage.getPageTitle(GoogleHomePage.java:75)
	at com.hydra.pages.GoogleHomePage.getPageTitle(GoogleHomePage.java:75)
	at com.hydra.pages.GoogleHomePage.getPageTitle(GoogleHomePage.java:75)
	at com.hydra.pages.GoogleHomePage.getPageTitle(GoogleHomePage.java:75)
	at com.hydra.pages.GoogleHomePage.getPageTitle(GoogleHomePage.java:75)
	at com.hydra.pages.GoogleHomePage.getPageTitle(GoogleHomePage.java:75)
	at com.hydra.pages.GoogleHomePage.getPageTitle(GoogleHomePage.java:75)
	at com.hydra.pages.GoogleHomePage.getPageTitle(GoogleHomePage.java:75)
	at com.hydra.pages.GoogleHomePage.getPageTitle(GoogleHomePage.java:75)
	at com.hydra.pages.GoogleHomePage.getPageTitle(GoogleHomePage.java:75)
	at com.hydra.pages.GoogleHomePage.getPageTitle(GoogleHomePage.java:75)
	at com.hydra.pages.GoogleHomePage.getPageTitle(GoogleHomePage.java:75)
	at com.hydra.pages.GoogleHomePage.getPageTitle(GoogleHomePage.java:75)
	at com.hydra.pages.GoogleHomePage.getPageTitle(GoogleHomePage.java:75)
	at com.hydra.pages.GoogleHomePage.getPageTitle(GoogleHomePage.java:75)
	at com.hydra.pages.GoogleHomePage.getPageTitle(GoogleHomePage.java:75)
	at com.hydra.pages.GoogleHomePage.getPageTitle(GoogleHomePage.java:75)
	at com.hydra.pages.GoogleHomePage.getPageTitle(GoogleHomePage.java:75)
	at com.hydra.pages.GoogleHomePage.getPageTitle(GoogleHomePage.java:75)
	at com.hydra.pages.GoogleHomePage.getPageTitle(GoogleHomePage.java:75)
	at com.hydra.pages.GoogleHomePage.getPageTitle(GoogleHomePage.java:75)
	at com.hydra.pages.GoogleHomePage.getPageTitle(GoogleHomePage.java:75)
	at com.hydra.pages.GoogleHomePage.getPageTitle(GoogleHomePage.java:75)
	at com.hydra.pages.GoogleHomePage.getPageTitle(GoogleHomePage.java:75)
	at com.hydra.pages.GoogleHomePage.getPageTitle(GoogleHomePage.java:75)
	at com.hydra.pages.GoogleHomePage.getPageTitle(GoogleHomePage.java:75)
	at com.hydra.pages.GoogleHomePage.getPageTitle(GoogleHomePage.java:75)
	at com.hydra.pages.GoogleHomePage.getPageTitle(GoogleHomePage.java:75)
	at com.hydra.pages.GoogleHomePage.getPageTitle(GoogleHomePage.java:75)
	at com.hydra.pages.GoogleHomePage.getPageTitle(GoogleHomePage.java:75)
	at com.hydra.pages.GoogleHomePage.getPageTitle(GoogleHomePage.java:75)
	at com.hydra.pages.GoogleHomePage.getPageTitle(GoogleHomePage.java:75)
	at com.hydra.pages.GoogleHomePage.getPageTitle(GoogleHomePage.java:75)
	at com.hydra.pages.GoogleHomePage.getPageTitle(GoogleHomePage.java:75)
	at com.hydra.pages.GoogleHomePage.getPageTitle(GoogleHomePage.java:75)
	at com.hydra.pages.GoogleHomePage.getPageTitle(GoogleHomePage.java:75)
	at com.hydra.pages.GoogleHomePage.getPageTitle(GoogleHomePage.java:75)
	at com.hydra.pages.GoogleHomePage.getPageTitle(GoogleHomePage.java:75)
	at com.hydra.pages.GoogleHomePage.getPageTitle(GoogleHomePage.java:75)
	at com.hydra.pages.GoogleHomePage.getPageTitle(GoogleHomePage.java:75)
	at com.hydra.pages.GoogleHomePage.getPageTitle(GoogleHomePage.java:75)
	at com.hydra.pages.GoogleHomePage.getPageTitle(GoogleHomePage.java:75)
	at com.hydra.pages.GoogleHomePage.getPageTitle(GoogleHomePage.java:75)
	at com.hydra.pages.GoogleHomePage.getPageTitle(GoogleHomePage.java:75)
	at com.hydra.pages.GoogleHomePage.getPageTitle(GoogleHomePage.java:75)
	at com.hydra.pages.GoogleHomePage.getPageTitle(GoogleHomePage.java:75)
	at com.hydra.pages.GoogleHomePage.getPageTitle(GoogleHomePage.java:75)
	at com.hydra.pages.GoogleHomePage.getPageTitle(GoogleHomePage.java:75)
	at com.hydra.pages.GoogleHomePage.getPageTitle(GoogleHomePage.java:75)
	at com.hydra.pages.GoogleHomePage.getPageTitle(GoogleHomePage.java:75)
	at com.hydra.pages.GoogleHomePage.getPageTitle(GoogleHomePage.java:75)
	at com.hydra.pages.GoogleHomePage.getPageTitle(GoogleHomePage.java:75)
	at com.hydra.pages.GoogleHomePage.getPageTitle(GoogleHomePage.java:75)
	at com.hydra.pages.GoogleHomePage.getPageTitle(GoogleHomePage.java:75)
	at com.hydra.pages.GoogleHomePage.getPageTitle(GoogleHomePage.java:75)
	at com.hydra.pages.GoogleHomePage.getPageTitle(GoogleHomePage.java:75)
	at com.hydra.pages.GoogleHomePage.getPageTitle(GoogleHomePage.java:75)
	at com.hydra.pages.GoogleHomePage.getPageTitle(GoogleHomePage.java:75)
	at com.hydra.pages.GoogleHomePage.getPageTitle(GoogleHomePage.java:75)
	at com.hydra.pages.GoogleHomePage.getPageTitle(GoogleHomePage.java:75)
	at com.hydra.pages.GoogleHomePage.getPageTitle(GoogleHomePage.java:75)
	at com.hydra.pages.GoogleHomePage.getPageTitle(GoogleHomePage.java:75)
	at com.hydra.pages.GoogleHomePage.getPageTitle(GoogleHomePage.java:75)
	at com.hydra.pages.GoogleHomePage.getPageTitle(GoogleHomePage.java:75)
	at com.hydra.pages.GoogleHomePage.getPageTitle(GoogleHomePage.java:75)
	at com.hydra.pages.GoogleHomePage.getPageTitle(GoogleHomePage.java:75)
	at com.hydra.pages.GoogleHomePage.getPageTitle(GoogleHomePage.java:75)
	at com.hydra.pages.GoogleHomePage.getPageTitle(GoogleHomePage.java:75)
	at com.hydra.pages.GoogleHomePage.getPageTitle(GoogleHomePage.java:75)
	at com.hydra.pages.GoogleHomePage.getPageTitle(GoogleHomePage.java:75)
	at com.hydra.pages.GoogleHomePage.getPageTitle(GoogleHomePage.java:75)
	at com.hydra.pages.GoogleHomePage.getPageTitle(GoogleHomePage.java:75)
	at com.hydra.pages.GoogleHomePage.getPageTitle(GoogleHomePage.java:75)
	at com.hydra.pages.GoogleHomePage.getPageTitle(GoogleHomePage.java:75)
	at com.hydra.pages.GoogleHomePage.getPageTitle(GoogleHomePage.java:75)
	at com.hydra.pages.GoogleHomePage.getPageTitle(GoogleHomePage.java:75)
	at com.hydra.pages.GoogleHomePage.getPageTitle(GoogleHomePage.java:75)
	at com.hydra.pages.GoogleHomePage.getPageTitle(GoogleHomePage.java:75)
	at com.hydra.pages.GoogleHomePage.getPageTitle(GoogleHomePage.java:75)
	at com.hydra.pages.GoogleHomePage.getPageTitle(GoogleHomePage.java:75)
	at com.hydra.pages.GoogleHomePage.getPageTitle(GoogleHomePage.java:75)
	at com.hydra.pages.GoogleHomePage.getPageTitle(GoogleHomePage.java:75)
	at com.hydra.pages.GoogleHomePage.getPageTitle(GoogleHomePage.java:75)
	at com.hydra.pages.GoogleHomePage.getPageTitle(GoogleHomePage.java:75)
	at com.hydra.pages.GoogleHomePage.getPageTitle(GoogleHomePage.java:75)
	at com.hydra.pages.GoogleHomePage.getPageTitle(GoogleHomePage.java:75)
	at com.hydra.pages.GoogleHomePage.getPageTitle(GoogleHomePage.java:75)
	at com.hydra.pages.GoogleHomePage.getPageTitle(GoogleHomePage.java:75)
	at com.hydra.pages.GoogleHomePage.getPageTitle(GoogleHomePage.java:75)
	at com.hydra.pages.GoogleHomePage.getPageTitle(GoogleHomePage.java:75)
	at com.hydra.pages.GoogleHomePage.getPageTitle(GoogleHomePage.java:75)
	at com.hydra.pages.GoogleHomePage.getPageTitle(GoogleHomePage.java:75)
	at com.hydra.pages.GoogleHomePage.getPageTitle(GoogleHomePage.java:75)
	at com.hydra.pages.GoogleHomePage.getPageTitle(GoogleHomePage.java:75)
	at com.hydra.pages.GoogleHomePage.getPageTitle(GoogleHomePage.java:75)
	at com.hydra.pages.GoogleHomePage.getPageTitle(GoogleHomePage.java:75)
	at com.hydra.pages.GoogleHomePage.getPageTitle(GoogleHomePage.java:75)
	at com.hydra.pages.GoogleHomePage.getPageTitle(GoogleHomePage.java:75)
	at com.hydra.pages.GoogleHomePage.getPageTitle(GoogleHomePage.java:75)
	at com.hydra.pages.GoogleHomePage.getPageTitle(GoogleHomePage.java:75)
	at com.hydra.pages.GoogleHomePage.getPageTitle(GoogleHomePage.java:75)
	at com.hydra.pages.GoogleHomePage.getPageTitle(GoogleHomePage.java:75)
	at com.hydra.pages.GoogleHomePage.getPageTitle(GoogleHomePage.java:75)
	at com.hydra.pages.GoogleHomePage.getPageTitle(GoogleHomePage.java:75)
	at com.hydra.pages.GoogleHomePage.getPageTitle(GoogleHomePage.java:75)
	at com.hydra.pages.GoogleHomePage.getPageTitle(GoogleHomePage.java:75)
	at com.hydra.pages.GoogleHomePage.getPageTitle(GoogleHomePage.java:75)
	at com.hydra.pages.GoogleHomePage.getPageTitle(GoogleHomePage.java:75)
	at com.hydra.pages.GoogleHomePage.getPageTitle(GoogleHomePage.java:75)
	at com.hydra.pages.GoogleHomePage.getPageTitle(GoogleHomePage.java:75)
	at com.hydra.pages.GoogleHomePage.getPageTitle(GoogleHomePage.java:75)
	at com.hydra.pages.GoogleHomePage.getPageTitle(GoogleHomePage.java:75)
	at com.hydra.pages.GoogleHomePage.getPageTitle(GoogleHomePage.java:75)
	at com.hydra.pages.GoogleHomePage.getPageTitle(GoogleHomePage.java:75)
	at com.hydra.pages.GoogleHomePage.getPageTitle(GoogleHomePage.java:75)
	at com.hydra.pages.GoogleHomePage.getPageTitle(GoogleHomePage.java:75)
	at com.hydra.pages.GoogleHomePage.getPageTitle(GoogleHomePage.java:75)
	at com.hydra.pages.GoogleHomePage.getPageTitle(GoogleHomePage.java:75)
	at com.hydra.pages.GoogleHomePage.getPageTitle(GoogleHomePage.java:75)
	at com.hydra.pages.GoogleHomePage.getPageTitle(GoogleHomePage.java:75)
	at com.hydra.pages.GoogleHomePage.getPageTitle(GoogleHomePage.java:75)
	at com.hydra.pages.GoogleHomePage.getPageTitle(GoogleHomePage.java:75)
	at com.hydra.pages.GoogleHomePage.getPageTitle(GoogleHomePage.java:75)
	at com.hydra.pages.GoogleHomePage.getPageTitle(GoogleHomePage.java:75)
	at com.hydra.pages.GoogleHomePage.getPageTitle(GoogleHomePage.java:75)
	at com.hydra.pages.GoogleHomePage.getPageTitle(GoogleHomePage.java:75)
	at com.hydra.pages.GoogleHomePage.getPageTitle(GoogleHomePage.java:75)
	at com.hydra.pages.GoogleHomePage.getPageTitle(GoogleHomePage.java:75)
	at com.hydra.pages.GoogleHomePage.getPageTitle(GoogleHomePage.java:75)
	at com.hydra.pages.GoogleHomePage.getPageTitle(GoogleHomePage.java:75)
	at com.hydra.pages.GoogleHomePage.getPageTitle(GoogleHomePage.java:75)
	at com.hydra.pages.GoogleHomePage.getPageTitle(GoogleHomePage.java:75)
	at com.hydra.pages.GoogleHomePage.getPageTitle(GoogleHomePage.java:75)
	at com.hydra.pages.GoogleHomePage.getPageTitle(GoogleHomePage.java:75)
	at com.hydra.pages.GoogleHomePage.getPageTitle(GoogleHomePage.java:75)
	at com.hydra.pages.GoogleHomePage.getPageTitle(GoogleHomePage.java:75)
	at com.hydra.pages.GoogleHomePage.getPageTitle(GoogleHomePage.java:75)
	at com.hydra.pages.GoogleHomePage.getPageTitle(GoogleHomePage.java:75)
	at com.hydra.pages.GoogleHomePage.getPageTitle(GoogleHomePage.java:75)
	at com.hydra.pages.GoogleHomePage.getPageTitle(GoogleHomePage.java:75)
	at com.hydra.pages.GoogleHomePage.getPageTitle(GoogleHomePage.java:75)
	at com.hydra.pages.GoogleHomePage.getPageTitle(GoogleHomePage.java:75)
	at com.hydra.pages.GoogleHomePage.getPageTitle(GoogleHomePage.java:75)
	at com.hydra.pages.GoogleHomePage.getPageTitle(GoogleHomePage.java:75)
	at com.hydra.pages.GoogleHomePage.getPageTitle(GoogleHomePage.java:75)
	at com.hydra.pages.GoogleHomePage.getPageTitle(GoogleHomePage.java:75)
	at com.hydra.pages.GoogleHomePage.getPageTitle(GoogleHomePage.java:75)
	at com.hydra.pages.GoogleHomePage.getPageTitle(GoogleHomePage.java:75)
	at com.hydra.pages.GoogleHomePage.getPageTitle(GoogleHomePage.java:75)
	at com.hydra.pages.GoogleHomePage.getPageTitle(GoogleHomePage.java:75)
	at com.hydra.pages.GoogleHomePage.getPageTitle(GoogleHomePage.java:75)
	at com.hydra.pages.GoogleHomePage.getPageTitle(GoogleHomePage.java:75)
	at com.hydra.pages.GoogleHomePage.getPageTitle(GoogleHomePage.java:75)
	at com.hydra.pages.GoogleHomePage.getPageTitle(GoogleHomePage.java:75)
	at com.hydra.pages.GoogleHomePage.getPageTitle(GoogleHomePage.java:75)
	at com.hydra.pages.GoogleHomePage.getPageTitle(GoogleHomePage.java:75)
	at com.hydra.pages.GoogleHomePage.getPageTitle(GoogleHomePage.java:75)
	at com.hydra.pages.GoogleHomePage.getPageTitle(GoogleHomePage.java:75)
	at com.hydra.pages.GoogleHomePage.getPageTitle(GoogleHomePage.java:75)
	at com.hydra.pages.GoogleHomePage.getPageTitle(GoogleHomePage.java:75)
	at com.hydra.pages.GoogleHomePage.getPageTitle(GoogleHomePage.java:75)
	at com.hydra.pages.GoogleHomePage.getPageTitle(GoogleHomePage.java:75)
	at com.hydra.pages.GoogleHomePage.getPageTitle(GoogleHomePage.java:75)
	at com.hydra.pages.GoogleHomePage.getPageTitle(GoogleHomePage.java:75)
	at com.hydra.pages.GoogleHomePage.getPageTitle(GoogleHomePage.java:75)
	at com.hydra.pages.GoogleHomePage.getPageTitle(GoogleHomePage.java:75)
	at com.hydra.pages.GoogleHomePage.getPageTitle(GoogleHomePage.java:75)
	at com.hydra.pages.GoogleHomePage.getPageTitle(GoogleHomePage.java:75)
	at com.hydra.pages.GoogleHomePage.getPageTitle(GoogleHomePage.java:75)
	at com.hydra.pages.GoogleHomePage.getPageTitle(GoogleHomePage.java:75)
	at com.hydra.pages.GoogleHomePage.getPageTitle(GoogleHomePage.java:75)
	at com.hydra.pages.GoogleHomePage.getPageTitle(GoogleHomePage.java:75)
	at com.hydra.pages.GoogleHomePage.getPageTitle(GoogleHomePage.java:75)
	at com.hydra.pages.GoogleHomePage.getPageTitle(GoogleHomePage.java:75)
	at com.hydra.pages.GoogleHomePage.getPageTitle(GoogleHomePage.java:75)
	at com.hydra.pages.GoogleHomePage.getPageTitle(GoogleHomePage.java:75)
	at com.hydra.pages.GoogleHomePage.getPageTitle(GoogleHomePage.java:75)
	at com.hydra.pages.GoogleHomePage.getPageTitle(GoogleHomePage.java:75)
	at com.hydra.pages.GoogleHomePage.getPageTitle(GoogleHomePage.java:75)
	at com.hydra.pages.GoogleHomePage.getPageTitle(GoogleHomePage.java:75)
	at com.hydra.pages.GoogleHomePage.getPageTitle(GoogleHomePage.java:75)
	at com.hydra.pages.GoogleHomePage.getPageTitle(GoogleHomePage.java:75)
	at com.hydra.pages.GoogleHomePage.getPageTitle(GoogleHomePage.java:75)
	at com.hydra.pages.GoogleHomePage.getPageTitle(GoogleHomePage.java:75)
	at com.hydra.pages.GoogleHomePage.getPageTitle(GoogleHomePage.java:75)
	at com.hydra.pages.GoogleHomePage.getPageTitle(GoogleHomePage.java:75)
	at com.hydra.pages.GoogleHomePage.getPageTitle(GoogleHomePage.java:75)
	at com.hydra.pages.GoogleHomePage.getPageTitle(GoogleHomePage.java:75)
	at com.hydra.pages.GoogleHomePage.getPageTitle(GoogleHomePage.java:75)
	at com.hydra.pages.GoogleHomePage.getPageTitle(GoogleHomePage.java:75)
	at com.hydra.pages.GoogleHomePage.getPageTitle(GoogleHomePage.java:75)
	at com.hydra.pages.GoogleHomePage.getPageTitle(GoogleHomePage.java:75)
	at com.hydra.pages.GoogleHomePage.getPageTitle(GoogleHomePage.java:75)
	at com.hydra.pages.GoogleHomePage.getPageTitle(GoogleHomePage.java:75)
	at com.hydra.pages.GoogleHomePage.getPageTitle(GoogleHomePage.java:75)
	at com.hydra.pages.GoogleHomePage.getPageTitle(GoogleHomePage.java:75)
	at com.hydra.pages.GoogleHomePage.getPageTitle(GoogleHomePage.java:75)
	at com.hydra.pages.GoogleHomePage.getPageTitle(GoogleHomePage.java:75)
	at com.hydra.pages.GoogleHomePage.getPageTitle(GoogleHomePage.java:75)
	at com.hydra.pages.GoogleHomePage.getPageTitle(GoogleHomePage.java:75)
	at com.hydra.pages.GoogleHomePage.getPageTitle(GoogleHomePage.java:75)
	at com.hydra.pages.GoogleHomePage.getPageTitle(GoogleHomePage.java:75)
	at com.hydra.pages.GoogleHomePage.getPageTitle(GoogleHomePage.java:75)
	at com.hydra.pages.GoogleHomePage.getPageTitle(GoogleHomePage.java:75)
	at com.hydra.pages.GoogleHomePage.getPageTitle(GoogleHomePage.java:75)
	at com.hydra.pages.GoogleHomePage.getPageTitle(GoogleHomePage.java:75)
	at com.hydra.pages.GoogleHomePage.getPageTitle(GoogleHomePage.java:75)
	at com.hydra.pages.GoogleHomePage.getPageTitle(GoogleHomePage.java:75)
	at com.hydra.pages.GoogleHomePage.getPageTitle(GoogleHomePage.java:75)
	at com.hydra.pages.GoogleHomePage.getPageTitle(GoogleHomePage.java:75)
	at com.hydra.pages.GoogleHomePage.getPageTitle(GoogleHomePage.java:75)
	at com.hydra.pages.GoogleHomePage.getPageTitle(GoogleHomePage.java:75)
	at com.hydra.pages.GoogleHomePage.getPageTitle(GoogleHomePage.java:75)
	at com.hydra.pages.GoogleHomePage.getPageTitle(GoogleHomePage.java:75)
	at com.hydra.pages.GoogleHomePage.getPageTitle(GoogleHomePage.java:75)
	at com.hydra.pages.GoogleHomePage.getPageTitle(GoogleHomePage.java:75)
	at com.hydra.pages.GoogleHomePage.getPageTitle(GoogleHomePage.java:75)
	at com.hydra.pages.GoogleHomePage.getPageTitle(GoogleHomePage.java:75)
	at com.hydra.pages.GoogleHomePage.getPageTitle(GoogleHomePage.java:75)
	at com.hydra.pages.GoogleHomePage.getPageTitle(GoogleHomePage.java:75)
	at com.hydra.pages.GoogleHomePage.getPageTitle(GoogleHomePage.java:75)
	at com.hydra.pages.GoogleHomePage.getPageTitle(GoogleHomePage.java:75)
	at com.hydra.pages.GoogleHomePage.getPageTitle(GoogleHomePage.java:75)
	at com.hydra.pages.GoogleHomePage.getPageTitle(GoogleHomePage.java:75)
	at com.hydra.pages.GoogleHomePage.getPageTitle(GoogleHomePage.java:75)
	at com.hydra.pages.GoogleHomePage.getPageTitle(GoogleHomePage.java:75)
	at com.hydra.pages.GoogleHomePage.getPageTitle(GoogleHomePage.java:75)
	at com.hydra.pages.GoogleHomePage.getPageTitle(GoogleHomePage.java:75)
	at com.hydra.pages.GoogleHomePage.getPageTitle(GoogleHomePage.java:75)
	at com.hydra.pages.GoogleHomePage.getPageTitle(GoogleHomePage.java:75)
	at com.hydra.pages.GoogleHomePage.getPageTitle(GoogleHomePage.java:75)
	at com.hydra.pages.GoogleHomePage.getPageTitle(GoogleHomePage.java:75)
	at com.hydra.pages.GoogleHomePage.getPageTitle(GoogleHomePage.java:75)
	at com.hydra.pages.GoogleHomePage.getPageTitle(GoogleHomePage.java:75)
	at com.hydra.pages.GoogleHomePage.getPageTitle(GoogleHomePage.java:75)
	at com.hydra.pages.GoogleHomePage.getPageTitle(GoogleHomePage.java:75)
	at com.hydra.pages.GoogleHomePage.getPageTitle(GoogleHomePage.java:75)
	at com.hydra.pages.GoogleHomePage.getPageTitle(GoogleHomePage.java:75)
	at com.hydra.pages.GoogleHomePage.getPageTitle(GoogleHomePage.java:75)
	at com.hydra.pages.GoogleHomePage.getPageTitle(GoogleHomePage.java:75)
	at com.hydra.pages.GoogleHomePage.getPageTitle(GoogleHomePage.java:75)
	at com.hydra.pages.GoogleHomePage.getPageTitle(GoogleHomePage.java:75)
	at com.hydra.pages.GoogleHomePage.getPageTitle(GoogleHomePage.java:75)
	at com.hydra.pages.GoogleHomePage.getPageTitle(GoogleHomePage.java:75)
	at com.hydra.pages.GoogleHomePage.getPageTitle(GoogleHomePage.java:75)
	at com.hydra.pages.GoogleHomePage.getPageTitle(GoogleHomePage.java:75)
	at com.hydra.pages.GoogleHomePage.getPageTitle(GoogleHomePage.java:75)
	at com.hydra.pages.GoogleHomePage.getPageTitle(GoogleHomePage.java:75)
	at com.hydra.pages.GoogleHomePage.getPageTitle(GoogleHomePage.java:75)
	at com.hydra.pages.GoogleHomePage.getPageTitle(GoogleHomePage.java:75)
	at com.hydra.pages.GoogleHomePage.getPageTitle(GoogleHomePage.java:75)
	at com.hydra.pages.GoogleHomePage.getPageTitle(GoogleHomePage.java:75)
	at com.hydra.pages.GoogleHomePage.getPageTitle(GoogleHomePage.java:75)
	at com.hydra.pages.GoogleHomePage.getPageTitle(GoogleHomePage.java:75)
	at com.hydra.pages.GoogleHomePage.getPageTitle(GoogleHomePage.java:75)
	at com.hydra.pages.GoogleHomePage.getPageTitle(GoogleHomePage.java:75)
	at com.hydra.pages.GoogleHomePage.getPageTitle(GoogleHomePage.java:75)
	at com.hydra.pages.GoogleHomePage.getPageTitle(GoogleHomePage.java:75)
	at com.hydra.pages.GoogleHomePage.getPageTitle(GoogleHomePage.java:75)
	at com.hydra.pages.GoogleHomePage.getPageTitle(GoogleHomePage.java:75)
	at com.hydra.pages.GoogleHomePage.getPageTitle(GoogleHomePage.java:75)
	at com.hydra.pages.GoogleHomePage.getPageTitle(GoogleHomePage.java:75)
	at com.hydra.pages.GoogleHomePage.getPageTitle(GoogleHomePage.java:75)
	at com.hydra.pages.GoogleHomePage.getPageTitle(GoogleHomePage.java:75)
	at com.hydra.pages.GoogleHomePage.getPageTitle(GoogleHomePage.java:75)
	at com.hydra.pages.GoogleHomePage.getPageTitle(GoogleHomePage.java:75)
	at com.hydra.pages.GoogleHomePage.getPageTitle(GoogleHomePage.java:75)
	at com.hydra.pages.GoogleHomePage.getPageTitle(GoogleHomePage.java:75)
	at com.hydra.pages.GoogleHomePage.getPageTitle(GoogleHomePage.java:75)
	at com.hydra.pages.GoogleHomePage.getPageTitle(GoogleHomePage.java:75)
	at com.hydra.pages.GoogleHomePage.getPageTitle(GoogleHomePage.java:75)
	at com.hydra.pages.GoogleHomePage.getPageTitle(GoogleHomePage.java:75)
	at com.hydra.pages.GoogleHomePage.getPageTitle(GoogleHomePage.java:75)
	at com.hydra.pages.GoogleHomePage.getPageTitle(GoogleHomePage.java:75)
	at com.hydra.pages.GoogleHomePage.getPageTitle(GoogleHomePage.java:75)
	at com.hydra.pages.GoogleHomePage.getPageTitle(GoogleHomePage.java:75)
	at com.hydra.pages.GoogleHomePage.getPageTitle(GoogleHomePage.java:75)
	at com.hydra.pages.GoogleHomePage.getPageTitle(GoogleHomePage.java:75)
	at com.hydra.pages.GoogleHomePage.getPageTitle(GoogleHomePage.java:75)
	at com.hydra.pages.GoogleHomePage.getPageTitle(GoogleHomePage.java:75)
	at com.hydra.pages.GoogleHomePage.getPageTitle(GoogleHomePage.java:75)
	at com.hydra.pages.GoogleHomePage.getPageTitle(GoogleHomePage.java:75)
	at com.hydra.pages.GoogleHomePage.getPageTitle(GoogleHomePage.java:75)
	at com.hydra.pages.GoogleHomePage.getPageTitle(GoogleHomePage.java:75)
	at com.hydra.pages.GoogleHomePage.getPageTitle(GoogleHomePage.java:75)
	at com.hydra.pages.GoogleHomePage.getPageTitle(GoogleHomePage.java:75)
	at com.hydra.pages.GoogleHomePage.getPageTitle(GoogleHomePage.java:75)
	at com.hydra.pages.GoogleHomePage.getPageTitle(GoogleHomePage.java:75)
	at com.hydra.pages.GoogleHomePage.getPageTitle(GoogleHomePage.java:75)
	at com.hydra.pages.GoogleHomePage.getPageTitle(GoogleHomePage.java:75)
	at com.hydra.pages.GoogleHomePage.getPageTitle(GoogleHomePage.java:75)
	at com.hydra.pages.GoogleHomePage.getPageTitle(GoogleHomePage.java:75)
	at com.hydra.pages.GoogleHomePage.getPageTitle(GoogleHomePage.java:75)
	at com.hydra.pages.GoogleHomePage.getPageTitle(GoogleHomePage.java:75)
	at com.hydra.pages.GoogleHomePage.getPageTitle(GoogleHomePage.java:75)
	at com.hydra.pages.GoogleHomePage.getPageTitle(GoogleHomePage.java:75)
	at com.hydra.pages.GoogleHomePage.getPageTitle(GoogleHomePage.java:75)
	at com.hydra.pages.GoogleHomePage.getPageTitle(GoogleHomePage.java:75)
	at com.hydra.pages.GoogleHomePage.getPageTitle(GoogleHomePage.java:75)
	at com.hydra.pages.GoogleHomePage.getPageTitle(GoogleHomePage.java:75)
	at com.hydra.pages.GoogleHomePage.getPageTitle(GoogleHomePage.java:75)
	at com.hydra.pages.GoogleHomePage.getPageTitle(GoogleHomePage.java:75)
	at com.hydra.pages.GoogleHomePage.getPageTitle(GoogleHomePage.java:75)
	at com.hydra.pages.GoogleHomePage.getPageTitle(GoogleHomePage.java:75)
	at com.hydra.pages.GoogleHomePage.getPageTitle(GoogleHomePage.java:75)
	at com.hydra.pages.GoogleHomePage.getPageTitle(GoogleHomePage.java:75)
	at com.hydra.pages.GoogleHomePage.getPageTitle(GoogleHomePage.java:75)
	at com.hydra.pages.GoogleHomePage.getPageTitle(GoogleHomePage.java:75)
	at com.hydra.pages.GoogleHomePage.getPageTitle(GoogleHomePage.java:75)
	at com.hydra.pages.GoogleHomePage.getPageTitle(GoogleHomePage.java:75)
	at com.hydra.pages.GoogleHomePage.getPageTitle(GoogleHomePage.java:75)
	at com.hydra.pages.GoogleHomePage.getPageTitle(GoogleHomePage.java:75)
	at com.hydra.pages.GoogleHomePage.getPageTitle(GoogleHomePage.java:75)
	at com.hydra.pages.GoogleHomePage.getPageTitle(GoogleHomePage.java:75)
	at com.hydra.pages.GoogleHomePage.getPageTitle(GoogleHomePage.java:75)
	at com.hydra.pages.GoogleHomePage.getPageTitle(GoogleHomePage.java:75)
	at com.hydra.pages.GoogleHomePage.getPageTitle(GoogleHomePage.java:75)
	at com.hydra.pages.GoogleHomePage.getPageTitle(GoogleHomePage.java:75)
	at com.hydra.pages.GoogleHomePage.getPageTitle(GoogleHomePage.java:75)
	at com.hydra.pages.GoogleHomePage.getPageTitle(GoogleHomePage.java:75)
	at com.hydra.pages.GoogleHomePage.getPageTitle(GoogleHomePage.java:75)
	at com.hydra.pages.GoogleHomePage.getPageTitle(GoogleHomePage.java:75)
	at com.hydra.pages.GoogleHomePage.getPageTitle(GoogleHomePage.java:75)
	at com.hydra.pages.GoogleHomePage.getPageTitle(GoogleHomePage.java:75)
	at com.hydra.pages.GoogleHomePage.getPageTitle(GoogleHomePage.java:75)
	at com.hydra.pages.GoogleHomePage.getPageTitle(GoogleHomePage.java:75)
	at com.hydra.pages.GoogleHomePage.getPageTitle(GoogleHomePage.java:75)
	at com.hydra.pages.GoogleHomePage.getPageTitle(GoogleHomePage.java:75)
	at com.hydra.pages.GoogleHomePage.getPageTitle(GoogleHomePage.java:75)
	at com.hydra.pages.GoogleHomePage.getPageTitle(GoogleHomePage.java:75)
	at com.hydra.pages.GoogleHomePage.getPageTitle(GoogleHomePage.java:75)
	at com.hydra.pages.GoogleHomePage.getPageTitle(GoogleHomePage.java:75)
	at com.hydra.pages.GoogleHomePage.getPageTitle(GoogleHomePage.java:75)
	at com.hydra.pages.GoogleHomePage.getPageTitle(GoogleHomePage.java:75)
	at com.hydra.pages.GoogleHomePage.getPageTitle(GoogleHomePage.java:75)
	at com.hydra.pages.GoogleHomePage.getPageTitle(GoogleHomePage.java:75)
	at com.hydra.pages.GoogleHomePage.getPageTitle(GoogleHomePage.java:75)
	at com.hydra.pages.GoogleHomePage.getPageTitle(GoogleHomePage.java:75)
	at com.hydra.pages.GoogleHomePage.getPageTitle(GoogleHomePage.java:75)
	at com.hydra.pages.GoogleHomePage.getPageTitle(GoogleHomePage.java:75)
	at com.hydra.pages.GoogleHomePage.getPageTitle(GoogleHomePage.java:75)
	at com.hydra.pages.GoogleHomePage.getPageTitle(GoogleHomePage.java:75)
	at com.hydra.pages.GoogleHomePage.getPageTitle(GoogleHomePage.java:75)
	at com.hydra.pages.GoogleHomePage.getPageTitle(GoogleHomePage.java:75)
	at com.hydra.pages.GoogleHomePage.getPageTitle(GoogleHomePage.java:75)
	at com.hydra.pages.GoogleHomePage.getPageTitle(GoogleHomePage.java:75)
	at com.hydra.pages.GoogleHomePage.getPageTitle(GoogleHomePage.java:75)
	at com.hydra.pages.GoogleHomePage.getPageTitle(GoogleHomePage.java:75)
	at com.hydra.pages.GoogleHomePage.getPageTitle(GoogleHomePage.java:75)
	at com.hydra.pages.GoogleHomePage.getPageTitle(GoogleHomePage.java:75)
	at com.hydra.pages.GoogleHomePage.getPageTitle(GoogleHomePage.java:75)
	at com.hydra.pages.GoogleHomePage.getPageTitle(GoogleHomePage.java:75)
	at com.hydra.pages.GoogleHomePage.getPageTitle(GoogleHomePage.java:75)
	at com.hydra.pages.GoogleHomePage.getPageTitle(GoogleHomePage.java:75)
	at com.hydra.pages.GoogleHomePage.getPageTitle(GoogleHomePage.java:75)
	at com.hydra.pages.GoogleHomePage.getPageTitle(GoogleHomePage.java:75)
	at com.hydra.pages.GoogleHomePage.getPageTitle(GoogleHomePage.java:75)
	at com.hydra.pages.GoogleHomePage.getPageTitle(GoogleHomePage.java:75)
	at com.hydra.pages.GoogleHomePage.getPageTitle(GoogleHomePage.java:75)
	at com.hydra.pages.GoogleHomePage.getPageTitle(GoogleHomePage.java:75)
	at com.hydra.pages.GoogleHomePage.getPageTitle(GoogleHomePage.java:75)
	at com.hydra.pages.GoogleHomePage.getPageTitle(GoogleHomePage.java:75)
	at com.hydra.pages.GoogleHomePage.getPageTitle(GoogleHomePage.java:75)
	at com.hydra.pages.GoogleHomePage.getPageTitle(GoogleHomePage.java:75)
	at com.hydra.pages.GoogleHomePage.getPageTitle(GoogleHomePage.java:75)
	at com.hydra.pages.GoogleHomePage.getPageTitle(GoogleHomePage.java:75)
	at com.hydra.pages.GoogleHomePage.getPageTitle(GoogleHomePage.java:75)
	at com.hydra.pages.GoogleHomePage.getPageTitle(GoogleHomePage.java:75)
	at com.hydra.pages.GoogleHomePage.getPageTitle(GoogleHomePage.java:75)
	at com.hydra.pages.GoogleHomePage.getPageTitle(GoogleHomePage.java:75)
	at com.hydra.pages.GoogleHomePage.getPageTitle(GoogleHomePage.java:75)
	at com.hydra.pages.GoogleHomePage.getPageTitle(GoogleHomePage.java:75)
	at com.hydra.pages.GoogleHomePage.getPageTitle(GoogleHomePage.java:75)
	at com.hydra.pages.GoogleHomePage.getPageTitle(GoogleHomePage.java:75)
	at com.hydra.pages.GoogleHomePage.getPageTitle(GoogleHomePage.java:75)
	at com.hydra.pages.GoogleHomePage.getPageTitle(GoogleHomePage.java:75)
	at com.hydra.pages.GoogleHomePage.getPageTitle(GoogleHomePage.java:75)
	at com.hydra.pages.GoogleHomePage.getPageTitle(GoogleHomePage.java:75)
	at com.hydra.pages.GoogleHomePage.getPageTitle(GoogleHomePage.java:75)
	at com.hydra.pages.GoogleHomePage.getPageTitle(GoogleHomePage.java:75)
	at com.hydra.pages.GoogleHomePage.getPageTitle(GoogleHomePage.java:75)
	at com.hydra.pages.GoogleHomePage.getPageTitle(GoogleHomePage.java:75)
	at com.hydra.pages.GoogleHomePage.getPageTitle(GoogleHomePage.java:75)
	at com.hydra.pages.GoogleHomePage.getPageTitle(GoogleHomePage.java:75)
	at com.hydra.pages.GoogleHomePage.getPageTitle(GoogleHomePage.java:75)
	at com.hydra.pages.GoogleHomePage.getPageTitle(GoogleHomePage.java:75)
	at com.hydra.pages.GoogleHomePage.getPageTitle(GoogleHomePage.java:75)
	at com.hydra.pages.GoogleHomePage.getPageTitle(GoogleHomePage.java:75)
	at com.hydra.pages.GoogleHomePage.getPageTitle(GoogleHomePage.java:75)
	at com.hydra.pages.GoogleHomePage.getPageTitle(GoogleHomePage.java:75)
	at com.hydra.pages.GoogleHomePage.getPageTitle(GoogleHomePage.java:75)
	at com.hydra.pages.GoogleHomePage.getPageTitle(GoogleHomePage.java:75)
	at com.hydra.pages.GoogleHomePage.getPageTitle(GoogleHomePage.java:75)
	at com.hydra.pages.GoogleHomePage.getPageTitle(GoogleHomePage.java:75)
	at com.hydra.pages.GoogleHomePage.getPageTitle(GoogleHomePage.java:75)
	at com.hydra.pages.GoogleHomePage.getPageTitle(GoogleHomePage.java:75)
	at com.hydra.pages.GoogleHomePage.getPageTitle(GoogleHomePage.java:75)
	at com.hydra.pages.GoogleHomePage.getPageTitle(GoogleHomePage.java:75)
	at com.hydra.pages.GoogleHomePage.getPageTitle(GoogleHomePage.java:75)
	at com.hydra.pages.GoogleHomePage.getPageTitle(GoogleHomePage.java:75)
	at com.hydra.pages.GoogleHomePage.getPageTitle(GoogleHomePage.java:75)
	at com.hydra.pages.GoogleHomePage.getPageTitle(GoogleHomePage.java:75)
	at com.hydra.pages.GoogleHomePage.getPageTitle(GoogleHomePage.java:75)
	at com.hydra.pages.GoogleHomePage.getPageTitle(GoogleHomePage.java:75)
	at com.hydra.pages.GoogleHomePage.getPageTitle(GoogleHomePage.java:75)
	at com.hydra.pages.GoogleHomePage.getPageTitle(GoogleHomePage.java:75)
	at com.hydra.pages.GoogleHomePage.getPageTitle(GoogleHomePage.java:75)
	at com.hydra.pages.GoogleHomePage.getPageTitle(GoogleHomePage.java:75)
	at com.hydra.pages.GoogleHomePage.getPageTitle(GoogleHomePage.java:75)
	at com.hydra.pages.GoogleHomePage.getPageTitle(GoogleHomePage.java:75)
	at com.hydra.pages.GoogleHomePage.getPageTitle(GoogleHomePage.java:75)
	at com.hydra.pages.GoogleHomePage.getPageTitle(GoogleHomePage.java:75)
[...]
Session ID: 8abd1907945578c97086e4ca95978427
13:03:53.727 [TestNG-test=Login Page Tests-1] INFO  com.hydra.base.BaseTest - Screenshot taken: null
13:03:53.727 [TestNG-test=Login Page Tests-1] INFO  com.hydra.base.BaseTest - ====================================
13:03:53.812 [TestNG-test=Login Page Tests-1] INFO  com.hydra.base.WebDriverFactory - WebDriver closed successfully
13:03:53.813 [TestNG-test=Login Page Tests-1] INFO  com.hydra.base.BaseTest - WebDriver closed successfully
13:03:53.818 [TestNG-test=Login Page Tests-1] INFO  com.hydra.base.BaseTest - ====================================
13:03:53.820 [TestNG-test=Login Page Tests-1] INFO  com.hydra.base.BaseTest - Starting test setup with browser: chrome
13:03:53.821 [TestNG-test=Login Page Tests-1] INFO  com.hydra.base.BaseTest - ====================================
13:03:56.838 [TestNG-test=Login Page Tests-1] INFO  com.hydra.base.WebDriverFactory - Chrome driver initialized successfully
13:03:56.849 [TestNG-test=Login Page Tests-1] INFO  com.hydra.base.BaseTest - WebDriver initialized and configured successfully
13:03:56.850 [TestNG-test=Login Page Tests-1] INFO  com.hydra.base.BaseTest - Implicit wait: 10 seconds
13:03:56.850 [TestNG-test=Login Page Tests-1] INFO  com.hydra.base.BaseTest - Page load timeout: 30 seconds
13:03:56.851 [TestNG-test=Login Page Tests-1] INFO  com.hydra.base.BaseTest - ====================================
13:03:56.851 [TestNG-test=Login Page Tests-1] INFO  com.hydra.base.BaseTest - Starting test setup with browser: chrome
13:03:56.851 [TestNG-test=Login Page Tests-1] INFO  com.hydra.base.BaseTest - ====================================
13:03:59.957 [TestNG-test=Login Page Tests-1] INFO  com.hydra.base.WebDriverFactory - Chrome driver initialized successfully
13:03:59.973 [TestNG-test=Login Page Tests-1] INFO  com.hydra.base.BaseTest - WebDriver initialized and configured successfully
13:03:59.975 [TestNG-test=Login Page Tests-1] INFO  com.hydra.base.BaseTest - TEST STARTED: testRememberMeCheckbox
13:04:01.045 [TestNG-test=Login Page Tests-1] INFO  com.hydra.base.BasePage - Navigated to URL: https://example.com/login
13:04:01.046 [TestNG-test=Login Page Tests-1] INFO  com.hydra.base.BasePage - Waiting for element to be clickable: By.id: remember_me
13:04:02.936 [TestNG-test=Login Page Tests-1] ERROR com.hydra.base.BasePage - Element not clickable: By.id: remember_me
13:04:02.936 [TestNG-test=Login Page Tests-1] ERROR com.hydra.base.BasePage - Failed to click on element: By.id: remember_me
13:04:02.936 [TestNG-test=Login Page Tests-1] ERROR com.hydra.base.BaseTest - TEST FAILED: testRememberMeCheckbox - invalid session id: session deleted as the browser has closed the connection
from disconnected: unable to send message to renderer
  (Session info: chrome=146.0.7680.154)
Build info: version: '4.15.0', revision: '1d14b5521b'
System info: os.name: 'Windows 11', os.arch: 'amd64', os.version: '10.0', java.version: '19.0.2'
Driver info: org.openqa.selenium.chrome.ChromeDriver
Command: [b124ffcf83af2198cedceeb70891178c, findElement {using=id, value=remember_me}]
Capabilities {acceptInsecureCerts: false, browserName: chrome, browserVersion: 146.0.7680.154, chrome: {chromedriverVersion: 146.0.7680.165 (4b989da09e1..., userDataDir: C:\Users\AVINMALI\AppData\L...}, fedcm:accounts: true, goog:chromeOptions: {debuggerAddress: localhost:55244}, goog:processID: 19068, networkConnectionEnabled: false, pageLoadStrategy: normal, platformName: windows, proxy: Proxy(), se:cdp: ws://localhost:55244/devtoo..., se:cdpVersion: 146.0.7680.154, setWindowRect: true, strictFileInteractability: false, timeouts: {implicit: 0, pageLoad: 300000, script: 30000}, unhandledPromptBehavior: dismiss and notify, webauthn:extension:credBlob: true, webauthn:extension:largeBlob: true, webauthn:extension:minPinLength: true, webauthn:extension:prf: true, webauthn:virtualAuthenticators: true}
Session ID: b124ffcf83af2198cedceeb70891178c
]]></system-out>
    <system-err><![CDATA[Mar 28, 2026 1:03:56 PM org.openqa.selenium.devtools.CdpVersionFinder findNearestMatch
WARNING: Unable to find CDP implementation matching 146
Mar 28, 2026 1:03:56 PM org.openqa.selenium.chromium.ChromiumDriver lambda$new$5
WARNING: Unable to find version of CDP to use for 146.0.7680.154. You may need to include a dependency on a specific version of the CDP using something similar to `org.seleniumhq.selenium:selenium-devtools-v86:4.15.0` where the version ("v86") matches the version of the chromium-based browser you're using and the version number of the artifact is the same as Selenium's.
Mar 28, 2026 1:03:59 PM org.openqa.selenium.devtools.CdpVersionFinder findNearestMatch
WARNING: Unable to find CDP implementation matching 146
Mar 28, 2026 1:03:59 PM org.openqa.selenium.chromium.ChromiumDriver lambda$new$5
WARNING: Unable to find version of CDP to use for 146.0.7680.154. You may need to include a dependency on a specific version of the CDP using something similar to `org.seleniumhq.selenium:selenium-devtools-v86:4.15.0` where the version ("v86") matches the version of the chromium-based browser you're using and the version number of the artifact is the same as Selenium's.
]]></system-err>
  </testcase>
  <testcase name="testForgotPasswordLink" classname="com.hydra.tests.LoginPageTest" time="1.8">
    <failure message="invalid session id: session deleted as the browser has closed the connection&#10;from disconnected: unable to send message to renderer&#10;  (Session info: chrome=146.0.7680.154)&#10;Build info: version: &apos;4.15.0&apos;, revision: &apos;1d14b5521b&apos;&#10;System info: os.name: &apos;Windows 11&apos;, os.arch: &apos;amd64&apos;, os.version: &apos;10.0&apos;, java.version: &apos;19.0.2&apos;&#10;Driver info: org.openqa.selenium.chrome.ChromeDriver&#10;Command: [0b9bde1138bbcaf6bccdb1fd33634c76, findElement {using=link text, value=Forgot Password}]&#10;Capabilities {acceptInsecureCerts: false, browserName: chrome, browserVersion: 146.0.7680.154, chrome: {chromedriverVersion: 146.0.7680.165 (4b989da09e1..., userDataDir: C:\Users\AVINMALI\AppData\L...}, fedcm:accounts: true, goog:chromeOptions: {debuggerAddress: localhost:55102}, goog:processID: 8368, networkConnectionEnabled: false, pageLoadStrategy: normal, platformName: windows, proxy: Proxy(), se:cdp: ws://localhost:55102/devtoo..., se:cdpVersion: 146.0.7680.154, setWindowRect: true, strictFileInteractability: false, timeouts: {implicit: 0, pageLoad: 300000, script: 30000}, unhandledPromptBehavior: dismiss and notify, webauthn:extension:credBlob: true, webauthn:extension:largeBlob: true, webauthn:extension:minPinLength: true, webauthn:extension:prf: true, webauthn:virtualAuthenticators: true}&#10;Session ID: 0b9bde1138bbcaf6bccdb1fd33634c76" type="org.openqa.selenium.NoSuchSessionException"><![CDATA[org.openqa.selenium.NoSuchSessionException: 
invalid session id: session deleted as the browser has closed the connection
from disconnected: unable to send message to renderer
  (Session info: chrome=146.0.7680.154)
Build info: version: '4.15.0', revision: '1d14b5521b'
System info: os.name: 'Windows 11', os.arch: 'amd64', os.version: '10.0', java.version: '19.0.2'
Driver info: org.openqa.selenium.chrome.ChromeDriver
Command: [0b9bde1138bbcaf6bccdb1fd33634c76, findElement {using=link text, value=Forgot Password}]
Capabilities {acceptInsecureCerts: false, browserName: chrome, browserVersion: 146.0.7680.154, chrome: {chromedriverVersion: 146.0.7680.165 (4b989da09e1..., userDataDir: C:\Users\AVINMALI\AppData\L...}, fedcm:accounts: true, goog:chromeOptions: {debuggerAddress: localhost:55102}, goog:processID: 8368, networkConnectionEnabled: false, pageLoadStrategy: normal, platformName: windows, proxy: Proxy(), se:cdp: ws://localhost:55102/devtoo..., se:cdpVersion: 146.0.7680.154, setWindowRect: true, strictFileInteractability: false, timeouts: {implicit: 0, pageLoad: 300000, script: 30000}, unhandledPromptBehavior: dismiss and notify, webauthn:extension:credBlob: true, webauthn:extension:largeBlob: true, webauthn:extension:minPinLength: true, webauthn:extension:prf: true, webauthn:virtualAuthenticators: true}
Session ID: 0b9bde1138bbcaf6bccdb1fd33634c76
	at java.base/jdk.internal.reflect.DirectConstructorHandleAccessor.newInstance(DirectConstructorHandleAccessor.java:67)
	at java.base/java.lang.reflect.Constructor.newInstanceWithCaller(Constructor.java:500)
	at java.base/java.lang.reflect.Constructor.newInstance(Constructor.java:484)
	at org.openqa.selenium.remote.codec.w3c.W3CHttpResponseCodec.createException(W3CHttpResponseCodec.java:200)
	at org.openqa.selenium.remote.codec.w3c.W3CHttpResponseCodec.decode(W3CHttpResponseCodec.java:133)
	at org.openqa.selenium.remote.codec.w3c.W3CHttpResponseCodec.decode(W3CHttpResponseCodec.java:52)
	at org.openqa.selenium.remote.HttpCommandExecutor.execute(HttpCommandExecutor.java:191)
	at org.openqa.selenium.remote.service.DriverCommandExecutor.invokeExecute(DriverCommandExecutor.java:200)
	at org.openqa.selenium.remote.service.DriverCommandExecutor.execute(DriverCommandExecutor.java:175)
	at org.openqa.selenium.remote.RemoteWebDriver.execute(RemoteWebDriver.java:607)
	at org.openqa.selenium.remote.ElementLocation$ElementFinder$2.findElement(ElementLocation.java:165)
	at org.openqa.selenium.remote.ElementLocation.findElement(ElementLocation.java:59)
	at org.openqa.selenium.remote.RemoteWebDriver.findElement(RemoteWebDriver.java:364)
	at org.openqa.selenium.remote.RemoteWebDriver.findElement(RemoteWebDriver.java:358)
	at org.openqa.selenium.support.ui.ExpectedConditions$7.apply(ExpectedConditions.java:194)
	at org.openqa.selenium.support.ui.ExpectedConditions$7.apply(ExpectedConditions.java:190)
	at org.openqa.selenium.support.ui.ExpectedConditions$22.apply(ExpectedConditions.java:627)
	at org.openqa.selenium.support.ui.ExpectedConditions$22.apply(ExpectedConditions.java:624)
	at org.openqa.selenium.support.ui.FluentWait.until(FluentWait.java:204)
	at com.hydra.base.BasePage.waitForElementToBeClickable(BasePage.java:53)
	at com.hydra.base.BasePage.click(BasePage.java:93)
	at com.hydra.pages.LoginPage.clickForgotPasswordLink(LoginPage.java:92)
	at com.hydra.tests.LoginPageTest.testForgotPasswordLink(LoginPageTest.java:156)
	at java.base/jdk.internal.reflect.DirectMethodHandleAccessor.invoke(DirectMethodHandleAccessor.java:104)
	at java.base/java.lang.reflect.Method.invoke(Method.java:578)
	at org.testng.internal.invokers.MethodInvocationHelper.invokeMethod(MethodInvocationHelper.java:139)
	at org.testng.internal.invokers.TestInvoker.invokeMethod(TestInvoker.java:677)
	at org.testng.internal.invokers.TestInvoker.invokeTestMethod(TestInvoker.java:221)
	at org.testng.internal.invokers.MethodRunner.runInSequence(MethodRunner.java:50)
	at org.testng.internal.invokers.TestInvoker$MethodInvocationAgent.invoke(TestInvoker.java:969)
	at org.testng.internal.invokers.TestInvoker.invokeTestMethods(TestInvoker.java:194)
	at org.testng.internal.invokers.TestMethodWorker.invokeTestMethods(TestMethodWorker.java:148)
	at org.testng.internal.invokers.TestMethodWorker.run(TestMethodWorker.java:128)
	at java.base/java.util.concurrent.ThreadPoolExecutor.runWorker(ThreadPoolExecutor.java:1144)
	at java.base/java.util.concurrent.ThreadPoolExecutor$Worker.run(ThreadPoolExecutor.java:642)
	at java.base/java.lang.Thread.run(Thread.java:1589)
]]></failure>
    <system-out><![CDATA[13:04:02.938 [TestNG-test=Login Page Tests-1] INFO  com.hydra.base.BaseTest - ====================================
13:04:02.938 [TestNG-test=Login Page Tests-1] INFO  com.hydra.base.BaseTest - Test Execution Finished
13:04:02.938 [TestNG-test=Login Page Tests-1] INFO  com.hydra.base.BaseTest - Test Status: 2
13:04:02.938 [TestNG-test=Login Page Tests-1] ERROR com.hydra.base.BaseTest - Test FAILED: testRememberMeCheckbox
13:04:02.940 [TestNG-test=Login Page Tests-1] ERROR com.hydra.base.BaseTest - Failure Message: invalid session id: session deleted as the browser has closed the connection
from disconnected: unable to send message to renderer
  (Session info: chrome=146.0.7680.154)
Build info: version: '4.15.0', revision: '1d14b5521b'
System info: os.name: 'Windows 11', os.arch: 'amd64', os.version: '10.0', java.version: '19.0.2'
Driver info: org.openqa.selenium.chrome.ChromeDriver
Command: [b124ffcf83af2198cedceeb70891178c, findElement {using=id, value=remember_me}]
Capabilities {acceptInsecureCerts: false, browserName: chrome, browserVersion: 146.0.7680.154, chrome: {chromedriverVersion: 146.0.7680.165 (4b989da09e1..., userDataDir: C:\Users\AVINMALI\AppData\L...}, fedcm:accounts: true, goog:chromeOptions: {debuggerAddress: localhost:55244}, goog:processID: 19068, networkConnectionEnabled: false, pageLoadStrategy: normal, platformName: windows, proxy: Proxy(), se:cdp: ws://localhost:55244/devtoo..., se:cdpVersion: 146.0.7680.154, setWindowRect: true, strictFileInteractability: false, timeouts: {implicit: 0, pageLoad: 300000, script: 30000}, unhandledPromptBehavior: dismiss and notify, webauthn:extension:credBlob: true, webauthn:extension:largeBlob: true, webauthn:extension:minPinLength: true, webauthn:extension:prf: true, webauthn:virtualAuthenticators: true}
Session ID: b124ffcf83af2198cedceeb70891178c
13:04:03.201 [TestNG-test=Login Page Tests-1] ERROR com.hydra.utils.ScreenshotUtils - Failed to capture screenshot: invalid session id
Build info: version: '4.15.0', revision: '1d14b5521b'
System info: os.name: 'Windows 11', os.arch: 'amd64', os.version: '10.0', java.version: '19.0.2'
Driver info: org.openqa.selenium.chrome.ChromeDriver
Command: [b124ffcf83af2198cedceeb70891178c, screenshot {}]
Capabilities {acceptInsecureCerts: false, browserName: chrome, browserVersion: 146.0.7680.154, chrome: {chromedriverVersion: 146.0.7680.165 (4b989da09e1..., userDataDir: C:\Users\AVINMALI\AppData\L...}, fedcm:accounts: true, goog:chromeOptions: {debuggerAddress: localhost:55244}, goog:processID: 19068, networkConnectionEnabled: false, pageLoadStrategy: normal, platformName: windows, proxy: Proxy(), se:cdp: ws://localhost:55244/devtoo..., se:cdpVersion: 146.0.7680.154, setWindowRect: true, strictFileInteractability: false, timeouts: {implicit: 0, pageLoad: 300000, script: 30000}, unhandledPromptBehavior: dismiss and notify, webauthn:extension:credBlob: true, webauthn:extension:largeBlob: true, webauthn:extension:minPinLength: true, webauthn:extension:prf: true, webauthn:virtualAuthenticators: true}
Session ID: b124ffcf83af2198cedceeb70891178c
13:04:03.201 [TestNG-test=Login Page Tests-1] INFO  com.hydra.base.BaseTest - Screenshot taken: null
13:04:03.201 [TestNG-test=Login Page Tests-1] INFO  com.hydra.base.BaseTest - ====================================
13:04:03.231 [TestNG-test=Login Page Tests-1] INFO  com.hydra.base.WebDriverFactory - WebDriver closed successfully
13:04:03.233 [TestNG-test=Login Page Tests-1] INFO  com.hydra.base.BaseTest - WebDriver closed successfully
13:04:03.233 [TestNG-test=Login Page Tests-1] INFO  com.hydra.base.BaseTest - ====================================
13:04:03.235 [TestNG-test=Login Page Tests-1] INFO  com.hydra.base.BaseTest - Starting test setup with browser: chrome
13:04:03.235 [TestNG-test=Login Page Tests-1] INFO  com.hydra.base.BaseTest - ====================================
13:04:05.826 [TestNG-test=Login Page Tests-1] INFO  com.hydra.base.WebDriverFactory - Chrome driver initialized successfully
13:04:05.849 [TestNG-test=Login Page Tests-1] INFO  com.hydra.base.BaseTest - WebDriver initialized and configured successfully
13:04:05.850 [TestNG-test=Login Page Tests-1] INFO  com.hydra.base.BaseTest - Implicit wait: 10 seconds
13:04:05.850 [TestNG-test=Login Page Tests-1] INFO  com.hydra.base.BaseTest - Page load timeout: 30 seconds
13:04:05.861 [TestNG-test=Login Page Tests-1] INFO  com.hydra.base.BaseTest - ====================================
13:04:05.863 [TestNG-test=Login Page Tests-1] INFO  com.hydra.base.BaseTest - Starting test setup with browser: chrome
13:04:05.869 [TestNG-test=Login Page Tests-1] INFO  com.hydra.base.BaseTest - ====================================
13:04:08.970 [TestNG-test=Login Page Tests-1] INFO  com.hydra.base.WebDriverFactory - Chrome driver initialized successfully
13:04:09.032 [TestNG-test=Login Page Tests-1] INFO  com.hydra.base.BaseTest - WebDriver initialized and configured successfully
13:04:09.032 [TestNG-test=Login Page Tests-1] INFO  com.hydra.base.BaseTest - TEST STARTED: testForgotPasswordLink
13:04:10.247 [TestNG-test=Login Page Tests-1] INFO  com.hydra.base.BasePage - Navigated to URL: https://example.com/login
13:04:10.248 [TestNG-test=Login Page Tests-1] INFO  com.hydra.base.BasePage - Waiting for element to be clickable: By.linkText: Forgot Password
13:04:10.830 [TestNG-test=Login Page Tests-1] ERROR com.hydra.base.BasePage - Element not clickable: By.linkText: Forgot Password
13:04:10.830 [TestNG-test=Login Page Tests-1] ERROR com.hydra.base.BasePage - Failed to click on element: By.linkText: Forgot Password
13:04:10.830 [TestNG-test=Login Page Tests-1] ERROR com.hydra.base.BaseTest - TEST FAILED: testForgotPasswordLink - invalid session id: session deleted as the browser has closed the connection
from disconnected: unable to send message to renderer
  (Session info: chrome=146.0.7680.154)
Build info: version: '4.15.0', revision: '1d14b5521b'
System info: os.name: 'Windows 11', os.arch: 'amd64', os.version: '10.0', java.version: '19.0.2'
Driver info: org.openqa.selenium.chrome.ChromeDriver
Command: [0b9bde1138bbcaf6bccdb1fd33634c76, findElement {using=link text, value=Forgot Password}]
Capabilities {acceptInsecureCerts: false, browserName: chrome, browserVersion: 146.0.7680.154, chrome: {chromedriverVersion: 146.0.7680.165 (4b989da09e1..., userDataDir: C:\Users\AVINMALI\AppData\L...}, fedcm:accounts: true, goog:chromeOptions: {debuggerAddress: localhost:55102}, goog:processID: 8368, networkConnectionEnabled: false, pageLoadStrategy: normal, platformName: windows, proxy: Proxy(), se:cdp: ws://localhost:55102/devtoo..., se:cdpVersion: 146.0.7680.154, setWindowRect: true, strictFileInteractability: false, timeouts: {implicit: 0, pageLoad: 300000, script: 30000}, unhandledPromptBehavior: dismiss and notify, webauthn:extension:credBlob: true, webauthn:extension:largeBlob: true, webauthn:extension:minPinLength: true, webauthn:extension:prf: true, webauthn:virtualAuthenticators: true}
Session ID: 0b9bde1138bbcaf6bccdb1fd33634c76
]]></system-out>
    <system-err><![CDATA[Mar 28, 2026 1:04:05 PM org.openqa.selenium.devtools.CdpVersionFinder findNearestMatch
WARNING: Unable to find CDP implementation matching 146
Mar 28, 2026 1:04:05 PM org.openqa.selenium.chromium.ChromiumDriver lambda$new$5
WARNING: Unable to find version of CDP to use for 146.0.7680.154. You may need to include a dependency on a specific version of the CDP using something similar to `org.seleniumhq.selenium:selenium-devtools-v86:4.15.0` where the version ("v86") matches the version of the chromium-based browser you're using and the version number of the artifact is the same as Selenium's.
Mar 28, 2026 1:04:08 PM org.openqa.selenium.devtools.CdpVersionFinder findNearestMatch
WARNING: Unable to find CDP implementation matching 146
Mar 28, 2026 1:04:08 PM org.openqa.selenium.chromium.ChromiumDriver lambda$new$5
WARNING: Unable to find version of CDP to use for 146.0.7680.154. You may need to include a dependency on a specific version of the CDP using something similar to `org.seleniumhq.selenium:selenium-devtools-v86:4.15.0` where the version ("v86") matches the version of the chromium-based browser you're using and the version number of the artifact is the same as Selenium's.
]]></system-err>
  </testcase>
</testsuite>