<?xml version="1.0" encoding="UTF-8"?>
<!-- Generated by org.testng.reporters.JUnitXMLReporter -->
<testsuite ignored="0" hostname="LIN-5CG11522LN" failures="2" tests="3" name="Google Search Tests" time="53.642" errors="0" timestamp="2026-03-28T13:03:03 IST">
  <testcase classname="com.hydra.tests.GoogleSearchTest" name="testGoogleSearch" time="18.485"/>
  <testcase classname="com.hydra.tests.GoogleSearchTest" name="testGooglePageTitle" time="2.075">
    <failure type="java.lang.StackOverflowError">
      <![CDATA[java.lang.StackOverflowError
at com.hydra.pages.GoogleHomePage.getPageTitle(GoogleHomePage.java:75)
at com.hydra.pages.GoogleHomePage.getPageTitle(GoogleHomePage.java:75)
at com.hydra.pages.GoogleHomePage.getPageTitle(GoogleHomePage.java:75)
at com.hydra.pages.GoogleHomePage.getPageTitle(GoogleHomePage.java:75)
at com.hydra.pages.GoogleHomePage.getPageTitle(GoogleHomePage.java:75)
at com.hydra.pages.GoogleHomePage.getPageTitle(GoogleHomePage.java:75)
at com.hydra.pages.GoogleHomePage.getPageTitle(GoogleHomePage.java:75)
at com.hydra.pages.GoogleHomePage.getPageTitle(GoogleHomePage.java:75)
at com.hydra.pages.GoogleHomePage.getPageTitle(GoogleHomePage.java:75)
at com.hydra.pages.GoogleHomePage.getPageTitle(GoogleHomePage.java:75)
at com.hydra.pages.GoogleHomePage.getPageTitle(GoogleHomePage.java:75)
at com.hydra.pages.GoogleHomePage.getPageTitle(GoogleHomePage.java:75)
at com.hydra.pages.GoogleHomePage.getPageTitle(GoogleHomePage.java:75)
at com.hydra.pages.GoogleHomePage.getPageTitle(GoogleHomePage.java:75)
at com.hydra.pages.GoogleHomePage.getPageTitle(GoogleHomePage.java:75)
at com.hydra.pages.GoogleHomePage.getPageTitle(GoogleHomePage.java:75)
at com.hydra.pages.GoogleHomePage.getPageTitle(GoogleHomePage.java:75)
at com.hydra.pages.GoogleHomePage.getPageTitle(GoogleHomePage.java:75)
at com.hydra.pages.GoogleHomePage.getPageTitle(GoogleHomePage.java:75)
at com.hydra.pages.GoogleHomePage.getPageTitle(GoogleHomePage.java:75)
at com.hydra.pages.GoogleHomePage.getPageTitle(GoogleHomePage.java:75)
at com.hydra.pages.GoogleHomePage.getPageTitle(GoogleHomePage.java:75)
at com.hydra.pages.GoogleHomePage.getPageTitle(GoogleHomePage.java:75)
at com.hydra.pages.GoogleHomePage.getPageTitle(GoogleHomePage.java:75)
at com.hydra.pages.GoogleHomePage.getPageTitle(GoogleHomePage.java:75)
at com.hydra.pages.GoogleHomePage.getPageTitle(GoogleHomePage.java:75)
at com.hydra.pages.GoogleHomePage.getPageTitle(GoogleHomePage.java:75)
at com.hydra.pages.GoogleHomePage.getPageTitle(GoogleHomePage.java:75)
at com.hydra.pages.GoogleHomePage.getPageTitle(GoogleHomePage.java:75)
at com.hydra.pages.GoogleHomePage.getPageTitle(GoogleHomePage.java:75)
at com.hydra.pages.GoogleHomePage.getPageTitle(GoogleHomePage.java:75)
at com.hydra.pages.GoogleHomePage.getPageTitle(GoogleHomePage.java:75)
at com.hydra.pages.GoogleHomePage.getPageTitle(GoogleHomePage.java:75)
at com.hydra.pages.GoogleHomePage.getPageTitle(GoogleHomePage.java:75)
at com.hydra.pages.GoogleHomePage.getPageTitle(GoogleHomePage.java:75)
at com.hydra.pages.GoogleHomePage.getPageTitle(GoogleHomePage.java:75)
at com.hydra.pages.GoogleHomePage.getPageTitle(GoogleHomePage.java:75)
at com.hydra.pages.GoogleHomePage.getPageTitle(GoogleHomePage.java:75)
at com.hydra.pages.GoogleHomePage.getPageTitle(GoogleHomePage.java:75)
at com.hydra.pages.GoogleHomePage.getPageTitle(GoogleHomePage.java:75)
at com.hydra.pages.GoogleHomePage.getPageTitle(GoogleHomePage.java:75)
at com.hydra.pages.GoogleHomePage.getPageTitle(GoogleHomePage.java:75)
at com.hydra.pages.GoogleHomePage.getPageTitle(GoogleHomePage.java:75)
at com.hydra.pages.GoogleHomePage.getPageTitle(GoogleHomePage.java:75)
at com.hydra.pages.GoogleHomePage.getPageTitle(GoogleHomePage.java:75)
at com.hydra.pages.GoogleHomePage.getPageTitle(GoogleHomePage.java:75)
at com.hydra.pages.GoogleHomePage.getPageTitle(GoogleHomePage.java:75)
at com.hydra.pages.GoogleHomePage.getPageTitle(GoogleHomePage.java:75)
at com.hydra.pages.GoogleHomePage.getPageTitle(GoogleHomePage.java:75)
at com.hydra.pages.GoogleHomePage.getPageTitle(GoogleHomePage.java:75)
at com.hydra.pages.GoogleHomePage.getPageTitle(GoogleHomePage.java:75)
at com.hydra.pages.GoogleHomePage.getPageTitle(GoogleHomePage.java:75)
at com.hydra.pages.GoogleHomePage.getPageTitle(GoogleHomePage.java:75)
at com.hydra.pages.GoogleHomePage.getPageTitle(GoogleHomePage.java:75)
at com.hydra.pages.GoogleHomePage.getPageTitle(GoogleHomePage.java:75)
at com.hydra.pages.GoogleHomePage.getPageTitle(GoogleHomePage.java:75)
at com.hydra.pages.GoogleHomePage.getPageTitle(GoogleHomePage.java:75)
at com.hydra.pages.GoogleHomePage.getPageTitle(GoogleHomePage.java:75)
at com.hydra.pages.GoogleHomePage.getPageTitle(GoogleHomePage.java:75)
at com.hydra.pages.GoogleHomePage.getPageTitle(GoogleHomePage.java:75)
at com.hydra.pages.GoogleHomePage.getPageTitle(GoogleHomePage.java:75)
at com.hydra.pages.GoogleHomePage.getPageTitle(GoogleHomePage.java:75)
at com.hydra.pages.GoogleHomePage.getPageTitle(GoogleHomePage.java:75)
at com.hydra.pages.GoogleHomePage.getPageTitle(GoogleHomePage.java:75)
at com.hydra.pages.GoogleHomePage.getPageTitle(GoogleHomePage.java:75)
at com.hydra.pages.GoogleHomePage.getPageTitle(GoogleHomePage.java:75)
at com.hydra.pages.GoogleHomePage.getPageTitle(GoogleHomePage.java:75)
at com.hydra.pages.GoogleHomePage.getPageTitle(GoogleHomePage.java:75)
at com.hydra.pages.GoogleHomePage.getPageTitle(GoogleHomePage.java:75)
at com.hydra.pages.GoogleHomePage.getPageTitle(GoogleHomePage.java:75)
at com.hydra.pages.GoogleHomePage.getPageTitle(GoogleHomePage.java:75)
at com.hydra.pages.GoogleHomePage.getPageTitle(GoogleHomePage.java:75)
at com.hydra.pages.GoogleHomePage.getPageTitle(GoogleHomePage.java:75)
at com.hydra.pages.GoogleHomePage.getPageTitle(GoogleHomePage.java:75)
at com.hydra.pages.GoogleHomePage.getPageTitle(GoogleHomePage.java:75)
at com.hydra.pages.GoogleHomePage.getPageTitle(GoogleHomePage.java:75)
at com.hydra.pages.GoogleHomePage.getPageTitle(GoogleHomePage.java:75)
at com.hydra.pages.GoogleHomePage.getPageTitle(GoogleHomePage.java:75)
at com.hydra.pages.GoogleHomePage.getPageTitle(GoogleHomePage.java:75)
at com.hydra.pages.GoogleHomePage.getPageTitle(GoogleHomePage.java:75)
at com.hydra.pages.GoogleHomePage.getPageTitle(GoogleHomePage.java:75)
at com.hydra.pages.GoogleHomePage.getPageTitle(GoogleHomePage.java:75)
at com.hydra.pages.GoogleHomePage.getPageTitle(GoogleHomePage.java:75)
at com.hydra.pages.GoogleHomePage.getPageTitle(GoogleHomePage.java:75)
at com.hydra.pages.GoogleHomePage.getPageTitle(GoogleHomePage.java:75)
at com.hydra.pages.GoogleHomePage.getPageTitle(GoogleHomePage.java:75)
at com.hydra.pages.GoogleHomePage.getPageTitle(GoogleHomePage.java:75)
at com.hydra.pages.GoogleHomePage.getPageTitle(GoogleHomePage.java:75)
at com.hydra.pages.GoogleHomePage.getPageTitle(GoogleHomePage.java:75)
at com.hydra.pages.GoogleHomePage.getPageTitle(GoogleHomePage.java:75)
at com.hydra.pages.GoogleHomePage.getPageTitle(GoogleHomePage.java:75)
at com.hydra.pages.GoogleHomePage.getPageTitle(GoogleHomePage.java:75)
at com.hydra.pages.GoogleHomePage.getPageTitle(GoogleHomePage.java:75)
at com.hydra.pages.GoogleHomePage.getPageTitle(GoogleHomePage.java:75)
at com.hydra.pages.GoogleHomePage.getPageTitle(GoogleHomePage.java:75)
at com.hydra.pages.GoogleHomePage.getPageTitle(GoogleHomePage.java:75)
at com.hydra.pages.GoogleHomePage.getPageTitle(GoogleHomePage.java:75)
at com.hydra.pages.GoogleHomePage.getPageTitle(GoogleHomePage.java:75)
at com.hydra.pages.GoogleHomePage.getPageTitle(GoogleHomePage.java:75)
at com.hydra.pages.GoogleHomePage.getPageTitle(GoogleHomePage.java:75)
at com.hydra.pages.GoogleHomePage.getPageTitle(GoogleHomePage.java:75)
at com.hydra.pages.GoogleHomePage.getPageTitle(GoogleHomePage.java:75)
at com.hydra.pages.GoogleHomePage.getPageTitle(GoogleHomePage.java:75)
at com.hydra.pages.GoogleHomePage.getPageTitle(GoogleHomePage.java:75)
at com.hydra.pages.GoogleHomePage.getPageTitle(GoogleHomePage.java:75)
at com.hydra.pages.GoogleHomePage.getPageTitle(GoogleHomePage.java:75)
at com.hydra.pages.GoogleHomePage.getPageTitle(GoogleHomePage.java:75)
at com.hydra.pages.GoogleHomePage.getPageTitle(GoogleHomePage.java:75)
at com.hydra.pages.GoogleHomePage.getPageTitle(GoogleHomePage.java:75)
at com.hydra.pages.GoogleHomePage.getPageTitle(GoogleHomePage.java:75)
at com.hydra.pages.GoogleHomePage.getPageTitle(GoogleHomePage.java:75)
at com.hydra.pages.GoogleHomePage.getPageTitle(GoogleHomePage.java:75)
at com.hydra.pages.GoogleHomePage.getPageTitle(GoogleHomePage.java:75)
at com.hydra.pages.GoogleHomePage.getPageTitle(GoogleHomePage.java:75)
at com.hydra.pages.GoogleHomePage.getPageTitle(GoogleHomePage.java:75)
at com.hydra.pages.GoogleHomePage.getPageTitle(GoogleHomePage.java:75)
at com.hydra.pages.GoogleHomePage.getPageTitle(GoogleHomePage.java:75)
at com.hydra.pages.GoogleHomePage.getPageTitle(GoogleHomePage.java:75)
at com.hydra.pages.GoogleHomePage.getPageTitle(GoogleHomePage.java:75)
at com.hydra.pages.GoogleHomePage.getPageTitle(GoogleHomePage.java:75)
at com.hydra.pages.GoogleHomePage.getPageTitle(GoogleHomePage.java:75)
at com.hydra.pages.GoogleHomePage.getPageTitle(GoogleHomePage.java:75)
at com.hydra.pages.GoogleHomePage.getPageTitle(GoogleHomePage.java:75)
at com.hydra.pages.GoogleHomePage.getPageTitle(GoogleHomePage.java:75)
at com.hydra.pages.GoogleHomePage.getPageTitle(GoogleHomePage.java:75)
at com.hydra.pages.GoogleHomePage.getPageTitle(GoogleHomePage.java:75)
at com.hydra.pages.GoogleHomePage.getPageTitle(GoogleHomePage.java:75)
at com.hydra.pages.GoogleHomePage.getPageTitle(GoogleHomePage.java:75)
at com.hydra.pages.GoogleHomePage.getPageTitle(GoogleHomePage.java:75)
at com.hydra.pages.GoogleHomePage.getPageTitle(GoogleHomePage.java:75)
at com.hydra.pages.GoogleHomePage.getPageTitle(GoogleHomePage.java:75)
at com.hydra.pages.GoogleHomePage.getPageTitle(GoogleHomePage.java:75)
at com.hydra.pages.GoogleHomePage.getPageTitle(GoogleHomePage.java:75)
at com.hydra.pages.GoogleHomePage.getPageTitle(GoogleHomePage.java:75)
at com.hydra.pages.GoogleHomePage.getPageTitle(GoogleHomePage.java:75)
at com.hydra.pages.GoogleHomePage.getPageTitle(GoogleHomePage.java:75)
at com.hydra.pages.GoogleHomePage.getPageTitle(GoogleHomePage.java:75)
at com.hydra.pages.GoogleHomePage.getPageTitle(GoogleHomePage.java:75)
at com.hydra.pages.GoogleHomePage.getPageTitle(GoogleHomePage.java:75)
at com.hydra.pages.GoogleHomePage.getPageTitle(GoogleHomePage.java:75)
at com.hydra.pages.GoogleHomePage.getPageTitle(GoogleHomePage.java:75)
at com.hydra.pages.GoogleHomePage.getPageTitle(GoogleHomePage.java:75)
at com.hydra.pages.GoogleHomePage.getPageTitle(GoogleHomePage.java:75)
at com.hydra.pages.GoogleHomePage.getPageTitle(GoogleHomePage.java:75)
at com.hydra.pages.GoogleHomePage.getPageTitle(GoogleHomePage.java:75)
at com.hydra.pages.GoogleHomePage.getPageTitle(GoogleHomePage.java:75)
at com.hydra.pages.GoogleHomePage.getPageTitle(GoogleHomePage.java:75)
at com.hydra.pages.GoogleHomePage.getPageTitle(GoogleHomePage.java:75)
at com.hydra.pages.GoogleHomePage.getPageTitle(GoogleHomePage.java:75)
at com.hydra.pages.GoogleHomePage.getPageTitle(GoogleHomePage.java:75)
at com.hydra.pages.GoogleHomePage.getPageTitle(GoogleHomePage.java:75)
at com.hydra.pages.GoogleHomePage.getPageTitle(GoogleHomePage.java:75)
at com.hydra.pages.GoogleHomePage.getPageTitle(GoogleHomePage.java:75)
at com.hydra.pages.GoogleHomePage.getPageTitle(GoogleHomePage.java:75)
at com.hydra.pages.GoogleHomePage.getPageTitle(GoogleHomePage.java:75)
at com.hydra.pages.GoogleHomePage.getPageTitle(GoogleHomePage.java:75)
at com.hydra.pages.GoogleHomePage.getPageTitle(GoogleHomePage.java:75)
at com.hydra.pages.GoogleHomePage.getPageTitle(GoogleHomePage.java:75)
at com.hydra.pages.GoogleHomePage.getPageTitle(GoogleHomePage.java:75)
at com.hydra.pages.GoogleHomePage.getPageTitle(GoogleHomePage.java:75)
at com.hydra.pages.GoogleHomePage.getPageTitle(GoogleHomePage.java:75)
at com.hydra.pages.GoogleHomePage.getPageTitle(GoogleHomePage.java:75)
at com.hydra.pages.GoogleHomePage.getPageTitle(GoogleHomePage.java:75)
at com.hydra.pages.GoogleHomePage.getPageTitle(GoogleHomePage.java:75)
at com.hydra.pages.GoogleHomePage.getPageTitle(GoogleHomePage.java:75)
at com.hydra.pages.GoogleHomePage.getPageTitle(GoogleHomePage.java:75)
at com.hydra.pages.GoogleHomePage.getPageTitle(GoogleHomePage.java:75)
at com.hydra.pages.GoogleHomePage.getPageTitle(GoogleHomePage.java:75)
at com.hydra.pages.GoogleHomePage.getPageTitle(GoogleHomePage.java:75)
at com.hydra.pages.GoogleHomePage.getPageTitle(GoogleHomePage.java:75)
at com.hydra.pages.GoogleHomePage.getPageTitle(GoogleHomePage.java:75)
at com.hydra.pages.GoogleHomePage.getPageTitle(GoogleHomePage.java:75)
at com.hydra.pages.GoogleHomePage.getPageTitle(GoogleHomePage.java:75)
at com.hydra.pages.GoogleHomePage.getPageTitle(GoogleHomePage.java:75)
at com.hydra.pages.GoogleHomePage.getPageTitle(GoogleHomePage.java:75)
at com.hydra.pages.GoogleHomePage.getPageTitle(GoogleHomePage.java:75)
at com.hydra.pages.GoogleHomePage.getPageTitle(GoogleHomePage.java:75)
at com.hydra.pages.GoogleHomePage.getPageTitle(GoogleHomePage.java:75)
at com.hydra.pages.GoogleHomePage.getPageTitle(GoogleHomePage.java:75)
at com.hydra.pages.GoogleHomePage.getPageTitle(GoogleHomePage.java:75)
at com.hydra.pages.GoogleHomePage.getPageTitle(GoogleHomePage.java:75)
at com.hydra.pages.GoogleHomePage.getPageTitle(GoogleHomePage.java:75)
at com.hydra.pages.GoogleHomePage.getPageTitle(GoogleHomePage.java:75)
at com.hydra.pages.GoogleHomePage.getPageTitle(GoogleHomePage.java:75)
at com.hydra.pages.GoogleHomePage.getPageTitle(GoogleHomePage.java:75)
at com.hydra.pages.GoogleHomePage.getPageTitle(GoogleHomePage.java:75)
at com.hydra.pages.GoogleHomePage.getPageTitle(GoogleHomePage.java:75)
at com.hydra.pages.GoogleHomePage.getPageTitle(GoogleHomePage.java:75)
at com.hydra.pages.GoogleHomePage.getPageTitle(GoogleHomePage.java:75)
at com.hydra.pages.GoogleHomePage.getPageTitle(GoogleHomePage.java:75)
at com.hydra.pages.GoogleHomePage.getPageTitle(GoogleHomePage.java:75)
at com.hydra.pages.GoogleHomePage.getPageTitle(GoogleHomePage.java:75)
at com.hydra.pages.GoogleHomePage.getPageTitle(GoogleHomePage.java:75)
at com.hydra.pages.GoogleHomePage.getPageTitle(GoogleHomePage.java:75)
at com.hydra.pages.GoogleHomePage.getPageTitle(GoogleHomePage.java:75)
at com.hydra.pages.GoogleHomePage.getPageTitle(GoogleHomePage.java:75)
at com.hydra.pages.GoogleHomePage.getPageTitle(GoogleHomePage.java:75)
at com.hydra.pages.GoogleHomePage.getPageTitle(GoogleHomePage.java:75)
at com.hydra.pages.GoogleHomePage.getPageTitle(GoogleHomePage.java:75)
at com.hydra.pages.GoogleHomePage.getPageTitle(GoogleHomePage.java:75)
at com.hydra.pages.GoogleHomePage.getPageTitle(GoogleHomePage.java:75)
at com.hydra.pages.GoogleHomePage.getPageTitle(GoogleHomePage.java:75)
at com.hydra.pages.GoogleHomePage.getPageTitle(GoogleHomePage.java:75)
at com.hydra.pages.GoogleHomePage.getPageTitle(GoogleHomePage.java:75)
at com.hydra.pages.GoogleHomePage.getPageTitle(GoogleHomePage.java:75)
at com.hydra.pages.GoogleHomePage.getPageTitle(GoogleHomePage.java:75)
at com.hydra.pages.GoogleHomePage.getPageTitle(GoogleHomePage.java:75)
at com.hydra.pages.GoogleHomePage.getPageTitle(GoogleHomePage.java:75)
at com.hydra.pages.GoogleHomePage.getPageTitle(GoogleHomePage.java:75)
at com.hydra.pages.GoogleHomePage.getPageTitle(GoogleHomePage.java:75)
at com.hydra.pages.GoogleHomePage.getPageTitle(GoogleHomePage.java:75)
at com.hydra.pages.GoogleHomePage.getPageTitle(GoogleHomePage.java:75)
at com.hydra.pages.GoogleHomePage.getPageTitle(GoogleHomePage.java:75)
at com.hydra.pages.GoogleHomePage.getPageTitle(GoogleHomePage.java:75)
at com.hydra.pages.GoogleHomePage.getPageTitle(GoogleHomePage.java:75)
at com.hydra.pages.GoogleHomePage.getPageTitle(GoogleHomePage.java:75)
at com.hydra.pages.GoogleHomePage.getPageTitle(GoogleHomePage.java:75)
at com.hydra.pages.GoogleHomePage.getPageTitle(GoogleHomePage.java:75)
at com.hydra.pages.GoogleHomePage.getPageTitle(GoogleHomePage.java:75)
at com.hydra.pages.GoogleHomePage.getPageTitle(GoogleHomePage.java:75)
at com.hydra.pages.GoogleHomePage.getPageTitle(GoogleHomePage.java:75)
at com.hydra.pages.GoogleHomePage.getPageTitle(GoogleHomePage.java:75)
at com.hydra.pages.GoogleHomePage.getPageTitle(GoogleHomePage.java:75)
at com.hydra.pages.GoogleHomePage.getPageTitle(GoogleHomePage.java:75)
at com.hydra.pages.GoogleHomePage.getPageTitle(GoogleHomePage.java:75)
at com.hydra.pages.GoogleHomePage.getPageTitle(GoogleHomePage.java:75)
at com.hydra.pages.GoogleHomePage.getPageTitle(GoogleHomePage.java:75)
at com.hydra.pages.GoogleHomePage.getPageTitle(GoogleHomePage.java:75)
at com.hydra.pages.GoogleHomePage.getPageTitle(GoogleHomePage.java:75)
at com.hydra.pages.GoogleHomePage.getPageTitle(GoogleHomePage.java:75)
at com.hydra.pages.GoogleHomePage.getPageTitle(GoogleHomePage.java:75)
at com.hydra.pages.GoogleHomePage.getPageTitle(GoogleHomePage.java:75)
at com.hydra.pages.GoogleHomePage.getPageTitle(GoogleHomePage.java:75)
at com.hydra.pages.GoogleHomePage.getPageTitle(GoogleHomePage.java:75)
at com.hydra.pages.GoogleHomePage.getPageTitle(GoogleHomePage.java:75)
at com.hydra.pages.GoogleHomePage.getPageTitle(GoogleHomePage.java:75)
at com.hydra.pages.GoogleHomePage.getPageTitle(GoogleHomePage.java:75)
at com.hydra.pages.GoogleHomePage.getPageTitle(GoogleHomePage.java:75)
at com.hydra.pages.GoogleHomePage.getPageTitle(GoogleHomePage.java:75)
at com.hydra.pages.GoogleHomePage.getPageTitle(GoogleHomePage.java:75)
at com.hydra.pages.GoogleHomePage.getPageTitle(GoogleHomePage.java:75)
at com.hydra.pages.GoogleHomePage.getPageTitle(GoogleHomePage.java:75)
at com.hydra.pages.GoogleHomePage.getPageTitle(GoogleHomePage.java:75)
at com.hydra.pages.GoogleHomePage.getPageTitle(GoogleHomePage.java:75)
at com.hydra.pages.GoogleHomePage.getPageTitle(GoogleHomePage.java:75)
at com.hydra.pages.GoogleHomePage.getPageTitle(GoogleHomePage.java:75)
at com.hydra.pages.GoogleHomePage.getPageTitle(GoogleHomePage.java:75)
at com.hydra.pages.GoogleHomePage.getPageTitle(GoogleHomePage.java:75)
at com.hydra.pages.GoogleHomePage.getPageTitle(GoogleHomePage.java:75)
at com.hydra.pages.GoogleHomePage.getPageTitle(GoogleHomePage.java:75)
at com.hydra.pages.GoogleHomePage.getPageTitle(GoogleHomePage.java:75)
at com.hydra.pages.GoogleHomePage.getPageTitle(GoogleHomePage.java:75)
at com.hydra.pages.GoogleHomePage.getPageTitle(GoogleHomePage.java:75)
at com.hydra.pages.GoogleHomePage.getPageTitle(GoogleHomePage.java:75)
at com.hydra.pages.GoogleHomePage.getPageTitle(GoogleHomePage.java:75)
at com.hydra.pages.GoogleHomePage.getPageTitle(GoogleHomePage.java:75)
at com.hydra.pages.GoogleHomePage.getPageTitle(GoogleHomePage.java:75)
at com.hydra.pages.GoogleHomePage.getPageTitle(GoogleHomePage.java:75)
at com.hydra.pages.GoogleHomePage.getPageTitle(GoogleHomePage.java:75)
at com.hydra.pages.GoogleHomePage.getPageTitle(GoogleHomePage.java:75)
at com.hydra.pages.GoogleHomePage.getPageTitle(GoogleHomePage.java:75)
at com.hydra.pages.GoogleHomePage.getPageTitle(GoogleHomePage.java:75)
at com.hydra.pages.GoogleHomePage.getPageTitle(GoogleHomePage.java:75)
at com.hydra.pages.GoogleHomePage.getPageTitle(GoogleHomePage.java:75)
at com.hydra.pages.GoogleHomePage.getPageTitle(GoogleHomePage.java:75)
at com.hydra.pages.GoogleHomePage.getPageTitle(GoogleHomePage.java:75)
at com.hydra.pages.GoogleHomePage.getPageTitle(GoogleHomePage.java:75)
at com.hydra.pages.GoogleHomePage.getPageTitle(GoogleHomePage.java:75)
at com.hydra.pages.GoogleHomePage.getPageTitle(GoogleHomePage.java:75)
at com.hydra.pages.GoogleHomePage.getPageTitle(GoogleHomePage.java:75)
at com.hydra.pages.GoogleHomePage.getPageTitle(GoogleHomePage.java:75)
at com.hydra.pages.GoogleHomePage.getPageTitle(GoogleHomePage.java:75)
at com.hydra.pages.GoogleHomePage.getPageTitle(GoogleHomePage.java:75)
at com.hydra.pages.GoogleHomePage.getPageTitle(GoogleHomePage.java:75)
at com.hydra.pages.GoogleHomePage.getPageTitle(GoogleHomePage.java:75)
at com.hydra.pages.GoogleHomePage.getPageTitle(GoogleHomePage.java:75)
at com.hydra.pages.GoogleHomePage.getPageTitle(GoogleHomePage.java:75)
at com.hydra.pages.GoogleHomePage.getPageTitle(GoogleHomePage.java:75)
at com.hydra.pages.GoogleHomePage.getPageTitle(GoogleHomePage.java:75)
at com.hydra.pages.GoogleHomePage.getPageTitle(GoogleHomePage.java:75)
at com.hydra.pages.GoogleHomePage.getPageTitle(GoogleHomePage.java:75)
at com.hydra.pages.GoogleHomePage.getPageTitle(GoogleHomePage.java:75)
at com.hydra.pages.GoogleHomePage.getPageTitle(GoogleHomePage.java:75)
at com.hydra.pages.GoogleHomePage.getPageTitle(GoogleHomePage.java:75)
at com.hydra.pages.GoogleHomePage.getPageTitle(GoogleHomePage.java:75)
at com.hydra.pages.GoogleHomePage.getPageTitle(GoogleHomePage.java:75)
at com.hydra.pages.GoogleHomePage.getPageTitle(GoogleHomePage.java:75)
at com.hydra.pages.GoogleHomePage.getPageTitle(GoogleHomePage.java:75)
at com.hydra.pages.GoogleHomePage.getPageTitle(GoogleHomePage.java:75)
at com.hydra.pages.GoogleHomePage.getPageTitle(GoogleHomePage.java:75)
at com.hydra.pages.GoogleHomePage.getPageTitle(GoogleHomePage.java:75)
at com.hydra.pages.GoogleHomePage.getPageTitle(GoogleHomePage.java:75)
at com.hydra.pages.GoogleHomePage.getPageTitle(GoogleHomePage.java:75)
at com.hydra.pages.GoogleHomePage.getPageTitle(GoogleHomePage.java:75)
at com.hydra.pages.GoogleHomePage.getPageTitle(GoogleHomePage.java:75)
at com.hydra.pages.GoogleHomePage.getPageTitle(GoogleHomePage.java:75)
at com.hydra.pages.GoogleHomePage.getPageTitle(GoogleHomePage.java:75)
at com.hydra.pages.GoogleHomePage.getPageTitle(GoogleHomePage.java:75)
at com.hydra.pages.GoogleHomePage.getPageTitle(GoogleHomePage.java:75)
at com.hydra.pages.GoogleHomePage.getPageTitle(GoogleHomePage.java:75)
at com.hydra.pages.GoogleHomePage.getPageTitle(GoogleHomePage.java:75)
at com.hydra.pages.GoogleHomePage.getPageTitle(GoogleHomePage.java:75)
at com.hydra.pages.GoogleHomePage.getPageTitle(GoogleHomePage.java:75)
at com.hydra.pages.GoogleHomePage.getPageTitle(GoogleHomePage.java:75)
at com.hydra.pages.GoogleHomePage.getPageTitle(GoogleHomePage.java:75)
at com.hydra.pages.GoogleHomePage.getPageTitle(GoogleHomePage.java:75)
at com.hydra.pages.GoogleHomePage.getPageTitle(GoogleHomePage.java:75)
at com.hydra.pages.GoogleHomePage.getPageTitle(GoogleHomePage.java:75)
at com.hydra.pages.GoogleHomePage.getPageTitle(GoogleHomePage.java:75)
at com.hydra.pages.GoogleHomePage.getPageTitle(GoogleHomePage.java:75)
at com.hydra.pages.GoogleHomePage.getPageTitle(GoogleHomePage.java:75)
at com.hydra.pages.GoogleHomePage.getPageTitle(GoogleHomePage.java:75)
at com.hydra.pages.GoogleHomePage.getPageTitle(GoogleHomePage.java:75)
at com.hydra.pages.GoogleHomePage.getPageTitle(GoogleHomePage.java:75)
at com.hydra.pages.GoogleHomePage.getPageTitle(GoogleHomePage.java:75)
at com.hydra.pages.GoogleHomePage.getPageTitle(GoogleHomePage.java:75)
at com.hydra.pages.GoogleHomePage.getPageTitle(GoogleHomePage.java:75)
at com.hydra.pages.GoogleHomePage.getPageTitle(GoogleHomePage.java:75)
at com.hydra.pages.GoogleHomePage.getPageTitle(GoogleHomePage.java:75)
at com.hydra.pages.GoogleHomePage.getPageTitle(GoogleHomePage.java:75)
at com.hydra.pages.GoogleHomePage.getPageTitle(GoogleHomePage.java:75)
at com.hydra.pages.GoogleHomePage.getPageTitle(GoogleHomePage.java:75)
at com.hydra.pages.GoogleHomePage.getPageTitle(GoogleHomePage.java:75)
at com.hydra.pages.GoogleHomePage.getPageTitle(GoogleHomePage.java:75)
at com.hydra.pages.GoogleHomePage.getPageTitle(GoogleHomePage.java:75)
at com.hydra.pages.GoogleHomePage.getPageTitle(GoogleHomePage.java:75)
at com.hydra.pages.GoogleHomePage.getPageTitle(GoogleHomePage.java:75)
at com.hydra.pages.GoogleHomePage.getPageTitle(GoogleHomePage.java:75)
at com.hydra.pages.GoogleHomePage.getPageTitle(GoogleHomePage.java:75)
at com.hydra.pages.GoogleHomePage.getPageTitle(GoogleHomePage.java:75)
at com.hydra.pages.GoogleHomePage.getPageTitle(GoogleHomePage.java:75)
at com.hydra.pages.GoogleHomePage.getPageTitle(GoogleHomePage.java:75)
at com.hydra.pages.GoogleHomePage.getPageTitle(GoogleHomePage.java:75)
at com.hydra.pages.GoogleHomePage.getPageTitle(GoogleHomePage.java:75)
at com.hydra.pages.GoogleHomePage.getPageTitle(GoogleHomePage.java:75)
at com.hydra.pages.GoogleHomePage.getPageTitle(GoogleHomePage.java:75)
at com.hydra.pages.GoogleHomePage.getPageTitle(GoogleHomePage.java:75)
at com.hydra.pages.GoogleHomePage.getPageTitle(GoogleHomePage.java:75)
at com.hydra.pages.GoogleHomePage.getPageTitle(GoogleHomePage.java:75)
at com.hydra.pages.GoogleHomePage.getPageTitle(GoogleHomePage.java:75)
at com.hydra.pages.GoogleHomePage.getPageTitle(GoogleHomePage.java:75)
at com.hydra.pages.GoogleHomePage.getPageTitle(GoogleHomePage.java:75)
at com.hydra.pages.GoogleHomePage.getPageTitle(GoogleHomePage.java:75)
at com.hydra.pages.GoogleHomePage.getPageTitle(GoogleHomePage.java:75)
at com.hydra.pages.GoogleHomePage.getPageTitle(GoogleHomePage.java:75)
at com.hydra.pages.GoogleHomePage.getPageTitle(GoogleHomePage.java:75)
at com.hydra.pages.GoogleHomePage.getPageTitle(GoogleHomePage.java:75)
at com.hydra.pages.GoogleHomePage.getPageTitle(GoogleHomePage.java:75)
at com.hydra.pages.GoogleHomePage.getPageTitle(GoogleHomePage.java:75)
at com.hydra.pages.GoogleHomePage.getPageTitle(GoogleHomePage.java:75)
at com.hydra.pages.GoogleHomePage.getPageTitle(GoogleHomePage.java:75)
at com.hydra.pages.GoogleHomePage.getPageTitle(GoogleHomePage.java:75)
at com.hydra.pages.GoogleHomePage.getPageTitle(GoogleHomePage.java:75)
at com.hydra.pages.GoogleHomePage.getPageTitle(GoogleHomePage.java:75)
at com.hydra.pages.GoogleHomePage.getPageTitle(GoogleHomePage.java:75)
at com.hydra.pages.GoogleHomePage.getPageTitle(GoogleHomePage.java:75)
at com.hydra.pages.GoogleHomePage.getPageTitle(GoogleHomePage.java:75)
at com.hydra.pages.GoogleHomePage.getPageTitle(GoogleHomePage.java:75)
at com.hydra.pages.GoogleHomePage.getPageTitle(GoogleHomePage.java:75)
at com.hydra.pages.GoogleHomePage.getPageTitle(GoogleHomePage.java:75)
at com.hydra.pages.GoogleHomePage.getPageTitle(GoogleHomePage.java:75)
at com.hydra.pages.GoogleHomePage.getPageTitle(GoogleHomePage.java:75)
at com.hydra.pages.GoogleHomePage.getPageTitle(GoogleHomePage.java:75)
at com.hydra.pages.GoogleHomePage.getPageTitle(GoogleHomePage.java:75)
at com.hydra.pages.GoogleHomePage.getPageTitle(GoogleHomePage.java:75)
at com.hydra.pages.GoogleHomePage.getPageTitle(GoogleHomePage.java:75)
at com.hydra.pages.GoogleHomePage.getPageTitle(GoogleHomePage.java:75)
at com.hydra.pages.GoogleHomePage.getPageTitle(GoogleHomePage.java:75)
at com.hydra.pages.GoogleHomePage.getPageTitle(GoogleHomePage.java:75)
at com.hydra.pages.GoogleHomePage.getPageTitle(GoogleHomePage.java:75)
at com.hydra.pages.GoogleHomePage.getPageTitle(GoogleHomePage.java:75)
at com.hydra.pages.GoogleHomePage.getPageTitle(GoogleHomePage.java:75)
at com.hydra.pages.GoogleHomePage.getPageTitle(GoogleHomePage.java:75)
at com.hydra.pages.GoogleHomePage.getPageTitle(GoogleHomePage.java:75)
at com.hydra.pages.GoogleHomePage.getPageTitle(GoogleHomePage.java:75)
at com.hydra.pages.GoogleHomePage.getPageTitle(GoogleHomePage.java:75)
at com.hydra.pages.GoogleHomePage.getPageTitle(GoogleHomePage.java:75)
at com.hydra.pages.GoogleHomePage.getPageTitle(GoogleHomePage.java:75)
at com.hydra.pages.GoogleHomePage.getPageTitle(GoogleHomePage.java:75)
at com.hydra.pages.GoogleHomePage.getPageTitle(GoogleHomePage.java:75)
at com.hydra.pages.GoogleHomePage.getPageTitle(GoogleHomePage.java:75)
at com.hydra.pages.GoogleHomePage.getPageTitle(GoogleHomePage.java:75)
at com.hydra.pages.GoogleHomePage.getPageTitle(GoogleHomePage.java:75)
at com.hydra.pages.GoogleHomePage.getPageTitle(GoogleHomePage.java:75)
at com.hydra.pages.GoogleHomePage.getPageTitle(GoogleHomePage.java:75)
at com.hydra.pages.GoogleHomePage.getPageTitle(GoogleHomePage.java:75)
at com.hydra.pages.GoogleHomePage.getPageTitle(GoogleHomePage.java:75)
at com.hydra.pages.GoogleHomePage.getPageTitle(GoogleHomePage.java:75)
at com.hydra.pages.GoogleHomePage.getPageTitle(GoogleHomePage.java:75)
at com.hydra.pages.GoogleHomePage.getPageTitle(GoogleHomePage.java:75)
at com.hydra.pages.GoogleHomePage.getPageTitle(GoogleHomePage.java:75)
at com.hydra.pages.GoogleHomePage.getPageTitle(GoogleHomePage.java:75)
at com.hydra.pages.GoogleHomePage.getPageTitle(GoogleHomePage.java:75)
at com.hydra.pages.GoogleHomePage.getPageTitle(GoogleHomePage.java:75)
at com.hydra.pages.GoogleHomePage.getPageTitle(GoogleHomePage.java:75)
at com.hydra.pages.GoogleHomePage.getPageTitle(GoogleHomePage.java:75)
at com.hydra.pages.GoogleHomePage.getPageTitle(GoogleHomePage.java:75)
at com.hydra.pages.GoogleHomePage.getPageTitle(GoogleHomePage.java:75)
at com.hydra.pages.GoogleHomePage.getPageTitle(GoogleHomePage.java:75)
at com.hydra.pages.GoogleHomePage.getPageTitle(GoogleHomePage.java:75)
at com.hydra.pages.GoogleHomePage.getPageTitle(GoogleHomePage.java:75)
at com.hydra.pages.GoogleHomePage.getPageTitle(GoogleHomePage.java:75)
at com.hydra.pages.GoogleHomePage.getPageTitle(GoogleHomePage.java:75)
at com.hydra.pages.GoogleHomePage.getPageTitle(GoogleHomePage.java:75)
at com.hydra.pages.GoogleHomePage.getPageTitle(GoogleHomePage.java:75)
at com.hydra.pages.GoogleHomePage.getPageTitle(GoogleHomePage.java:75)
at com.hydra.pages.GoogleHomePage.getPageTitle(GoogleHomePage.java:75)
at com.hydra.pages.GoogleHomePage.getPageTitle(GoogleHomePage.java:75)
at com.hydra.pages.GoogleHomePage.getPageTitle(GoogleHomePage.java:75)
at com.hydra.pages.GoogleHomePage.getPageTitle(GoogleHomePage.java:75)
at com.hydra.pages.GoogleHomePage.getPageTitle(GoogleHomePage.java:75)
at com.hydra.pages.GoogleHomePage.getPageTitle(GoogleHomePage.java:75)
at com.hydra.pages.GoogleHomePage.getPageTitle(GoogleHomePage.java:75)
at com.hydra.pages.GoogleHomePage.getPageTitle(GoogleHomePage.java:75)
at com.hydra.pages.GoogleHomePage.getPageTitle(GoogleHomePage.java:75)
at com.hydra.pages.GoogleHomePage.getPageTitle(GoogleHomePage.java:75)
at com.hydra.pages.GoogleHomePage.getPageTitle(GoogleHomePage.java:75)
at com.hydra.pages.GoogleHomePage.getPageTitle(GoogleHomePage.java:75)
at com.hydra.pages.GoogleHomePage.getPageTitle(GoogleHomePage.java:75)
at com.hydra.pages.GoogleHomePage.getPageTitle(GoogleHomePage.java:75)
at com.hydra.pages.GoogleHomePage.getPageTitle(GoogleHomePage.java:75)
at com.hydra.pages.GoogleHomePage.getPageTitle(GoogleHomePage.java:75)
at com.hydra.pages.GoogleHomePage.getPageTitle(GoogleHomePage.java:75)
at com.hydra.pages.GoogleHomePage.getPageTitle(GoogleHomePage.java:75)
at com.hydra.pages.GoogleHomePage.getPageTitle(GoogleHomePage.java:75)
at com.hydra.pages.GoogleHomePage.getPageTitle(GoogleHomePage.java:75)
at com.hydra.pages.GoogleHomePage.getPageTitle(GoogleHomePage.java:75)
at com.hydra.pages.GoogleHomePage.getPageTitle(GoogleHomePage.java:75)
at com.hydra.pages.GoogleHomePage.getPageTitle(GoogleHomePage.java:75)
at com.hydra.pages.GoogleHomePage.getPageTitle(GoogleHomePage.java:75)
at com.hydra.pages.GoogleHomePage.getPageTitle(GoogleHomePage.java:75)
at com.hydra.pages.GoogleHomePage.getPageTitle(GoogleHomePage.java:75)
at com.hydra.pages.GoogleHomePage.getPageTitle(GoogleHomePage.java:75)
at com.hydra.pages.GoogleHomePage.getPageTitle(GoogleHomePage.java:75)
at com.hydra.pages.GoogleHomePage.getPageTitle(GoogleHomePage.java:75)
at com.hydra.pages.GoogleHomePage.getPageTitle(GoogleHomePage.java:75)
at com.hydra.pages.GoogleHomePage.getPageTitle(GoogleHomePage.java:75)
at com.hydra.pages.GoogleHomePage.getPageTitle(GoogleHomePage.java:75)
at com.hydra.pages.GoogleHomePage.getPageTitle(GoogleHomePage.java:75)
at com.hydra.pages.GoogleHomePage.getPageTitle(GoogleHomePage.java:75)
at com.hydra.pages.GoogleHomePage.getPageTitle(GoogleHomePage.java:75)
at com.hydra.pages.GoogleHomePage.getPageTitle(GoogleHomePage.java:75)
at com.hydra.pages.GoogleHomePage.getPageTitle(GoogleHomePage.java:75)
at com.hydra.pages.GoogleHomePage.getPageTitle(GoogleHomePage.java:75)
at com.hydra.pages.GoogleHomePage.getPageTitle(GoogleHomePage.java:75)
at com.hydra.pages.GoogleHomePage.getPageTitle(GoogleHomePage.java:75)
at com.hydra.pages.GoogleHomePage.getPageTitle(GoogleHomePage.java:75)
at com.hydra.pages.GoogleHomePage.getPageTitle(GoogleHomePage.java:75)
at com.hydra.pages.GoogleHomePage.getPageTitle(GoogleHomePage.java:75)
at com.hydra.pages.GoogleHomePage.getPageTitle(GoogleHomePage.java:75)
at com.hydra.pages.GoogleHomePage.getPageTitle(GoogleHomePage.java:75)
at com.hydra.pages.GoogleHomePage.getPageTitle(GoogleHomePage.java:75)
at com.hydra.pages.GoogleHomePage.getPageTitle(GoogleHomePage.java:75)
at com.hydra.pages.GoogleHomePage.getPageTitle(GoogleHomePage.java:75)
at com.hydra.pages.GoogleHomePage.getPageTitle(GoogleHomePage.java:75)
at com.hydra.pages.GoogleHomePage.getPageTitle(GoogleHomePage.java:75)
at com.hydra.pages.GoogleHomePage.getPageTitle(GoogleHomePage.java:75)
at com.hydra.pages.GoogleHomePage.getPageTitle(GoogleHomePage.java:75)
at com.hydra.pages.GoogleHomePage.getPageTitle(GoogleHomePage.java:75)
at com.hydra.pages.GoogleHomePage.getPageTitle(GoogleHomePage.java:75)
at com.hydra.pages.GoogleHomePage.getPageTitle(GoogleHomePage.java:75)
at com.hydra.pages.GoogleHomePage.getPageTitle(GoogleHomePage.java:75)
at com.hydra.pages.GoogleHomePage.getPageTitle(GoogleHomePage.java:75)
at com.hydra.pages.GoogleHomePage.getPageTitle(GoogleHomePage.java:75)
at com.hydra.pages.GoogleHomePage.getPageTitle(GoogleHomePage.java:75)
at com.hydra.pages.GoogleHomePage.getPageTitle(GoogleHomePage.java:75)
at com.hydra.pages.GoogleHomePage.getPageTitle(GoogleHomePage.java:75)
at com.hydra.pages.GoogleHomePage.getPageTitle(GoogleHomePage.java:75)
at com.hydra.pages.GoogleHomePage.getPageTitle(GoogleHomePage.java:75)
at com.hydra.pages.GoogleHomePage.getPageTitle(GoogleHomePage.java:75)
at com.hydra.pages.GoogleHomePage.getPageTitle(GoogleHomePage.java:75)
at com.hydra.pages.GoogleHomePage.getPageTitle(GoogleHomePage.java:75)
at com.hydra.pages.GoogleHomePage.getPageTitle(GoogleHomePage.java:75)
at com.hydra.pages.GoogleHomePage.getPageTitle(GoogleHomePage.java:75)
at com.hydra.pages.GoogleHomePage.getPageTitle(GoogleHomePage.java:75)
at com.hydra.pages.GoogleHomePage.getPageTitle(GoogleHomePage.java:75)
at com.hydra.pages.GoogleHomePage.getPageTitle(GoogleHomePage.java:75)
at com.hydra.pages.GoogleHomePage.getPageTitle(GoogleHomePage.java:75)
at com.hydra.pages.GoogleHomePage.getPageTitle(GoogleHomePage.java:75)
at com.hydra.pages.GoogleHomePage.getPageTitle(GoogleHomePage.java:75)
at com.hydra.pages.GoogleHomePage.getPageTitle(GoogleHomePage.java:75)
at com.hydra.pages.GoogleHomePage.getPageTitle(GoogleHomePage.java:75)
at com.hydra.pages.GoogleHomePage.getPageTitle(GoogleHomePage.java:75)
at com.hydra.pages.GoogleHomePage.getPageTitle(GoogleHomePage.java:75)
at com.hydra.pages.GoogleHomePage.getPageTitle(GoogleHomePage.java:75)
at com.hydra.pages.GoogleHomePage.getPageTitle(GoogleHomePage.java:75)
at com.hydra.pages.GoogleHomePage.getPageTitle(GoogleHomePage.java:75)
at com.hydra.pages.GoogleHomePage.getPageTitle(GoogleHomePage.java:75)
at com.hydra.pages.GoogleHomePage.getPageTitle(GoogleHomePage.java:75)
at com.hydra.pages.GoogleHomePage.getPageTitle(GoogleHomePage.java:75)
at com.hydra.pages.GoogleHomePage.getPageTitle(GoogleHomePage.java:75)
at com.hydra.pages.GoogleHomePage.getPageTitle(GoogleHomePage.java:75)
at com.hydra.pages.GoogleHomePage.getPageTitle(GoogleHomePage.java:75)
at com.hydra.pages.GoogleHomePage.getPageTitle(GoogleHomePage.java:75)
at com.hydra.pages.GoogleHomePage.getPageTitle(GoogleHomePage.java:75)
at com.hydra.pages.GoogleHomePage.getPageTitle(GoogleHomePage.java:75)
at com.hydra.pages.GoogleHomePage.getPageTitle(GoogleHomePage.java:75)
at com.hydra.pages.GoogleHomePage.getPageTitle(GoogleHomePage.java:75)
at com.hydra.pages.GoogleHomePage.getPageTitle(GoogleHomePage.java:75)
at com.hydra.pages.GoogleHomePage.getPageTitle(GoogleHomePage.java:75)
at com.hydra.pages.GoogleHomePage.getPageTitle(GoogleHomePage.java:75)
at com.hydra.pages.GoogleHomePage.getPageTitle(GoogleHomePage.java:75)
at com.hydra.pages.GoogleHomePage.getPageTitle(GoogleHomePage.java:75)
at com.hydra.pages.GoogleHomePage.getPageTitle(GoogleHomePage.java:75)
at com.hydra.pages.GoogleHomePage.getPageTitle(GoogleHomePage.java:75)
at com.hydra.pages.GoogleHomePage.getPageTitle(GoogleHomePage.java:75)
at com.hydra.pages.GoogleHomePage.getPageTitle(GoogleHomePage.java:75)
at com.hydra.pages.GoogleHomePage.getPageTitle(GoogleHomePage.java:75)
at com.hydra.pages.GoogleHomePage.getPageTitle(GoogleHomePage.java:75)
at com.hydra.pages.GoogleHomePage.getPageTitle(GoogleHomePage.java:75)
at com.hydra.pages.GoogleHomePage.getPageTitle(GoogleHomePage.java:75)
at com.hydra.pages.GoogleHomePage.getPageTitle(GoogleHomePage.java:75)
at com.hydra.pages.GoogleHomePage.getPageTitle(GoogleHomePage.java:75)
at com.hydra.pages.GoogleHomePage.getPageTitle(GoogleHomePage.java:75)
at com.hydra.pages.GoogleHomePage.getPageTitle(GoogleHomePage.java:75)
at com.hydra.pages.GoogleHomePage.getPageTitle(GoogleHomePage.java:75)
at com.hydra.pages.GoogleHomePage.getPageTitle(GoogleHomePage.java:75)
at com.hydra.pages.GoogleHomePage.getPageTitle(GoogleHomePage.java:75)
at com.hydra.pages.GoogleHomePage.getPageTitle(GoogleHomePage.java:75)
at com.hydra.pages.GoogleHomePage.getPageTitle(GoogleHomePage.java:75)
at com.hydra.pages.GoogleHomePage.getPageTitle(GoogleHomePage.java:75)
at com.hydra.pages.GoogleHomePage.getPageTitle(GoogleHomePage.java:75)
at com.hydra.pages.GoogleHomePage.getPageTitle(GoogleHomePage.java:75)
at com.hydra.pages.GoogleHomePage.getPageTitle(GoogleHomePage.java:75)
at com.hydra.pages.GoogleHomePage.getPageTitle(GoogleHomePage.java:75)
at com.hydra.pages.GoogleHomePage.getPageTitle(GoogleHomePage.java:75)
at com.hydra.pages.GoogleHomePage.getPageTitle(GoogleHomePage.java:75)
at com.hydra.pages.GoogleHomePage.getPageTitle(GoogleHomePage.java:75)
at com.hydra.pages.GoogleHomePage.getPageTitle(GoogleHomePage.java:75)
at com.hydra.pages.GoogleHomePage.getPageTitle(GoogleHomePage.java:75)
at com.hydra.pages.GoogleHomePage.getPageTitle(GoogleHomePage.java:75)
at com.hydra.pages.GoogleHomePage.getPageTitle(GoogleHomePage.java:75)
at com.hydra.pages.GoogleHomePage.getPageTitle(GoogleHomePage.java:75)
at com.hydra.pages.GoogleHomePage.getPageTitle(GoogleHomePage.java:75)
at com.hydra.pages.GoogleHomePage.getPageTitle(GoogleHomePage.java:75)
at com.hydra.pages.GoogleHomePage.getPageTitle(GoogleHomePage.java:75)
at com.hydra.pages.GoogleHomePage.getPageTitle(GoogleHomePage.java:75)
at com.hydra.pages.GoogleHomePage.getPageTitle(GoogleHomePage.java:75)
at com.hydra.pages.GoogleHomePage.getPageTitle(GoogleHomePage.java:75)
at com.hydra.pages.GoogleHomePage.getPageTitle(GoogleHomePage.java:75)
at com.hydra.pages.GoogleHomePage.getPageTitle(GoogleHomePage.java:75)
at com.hydra.pages.GoogleHomePage.getPageTitle(GoogleHomePage.java:75)
at com.hydra.pages.GoogleHomePage.getPageTitle(GoogleHomePage.java:75)
at com.hydra.pages.GoogleHomePage.getPageTitle(GoogleHomePage.java:75)
at com.hydra.pages.GoogleHomePage.getPageTitle(GoogleHomePage.java:75)
at com.hydra.pages.GoogleHomePage.getPageTitle(GoogleHomePage.java:75)
at com.hydra.pages.GoogleHomePage.getPageTitle(GoogleHomePage.java:75)
at com.hydra.pages.GoogleHomePage.getPageTitle(GoogleHomePage.java:75)
at com.hydra.pages.GoogleHomePage.getPageTitle(GoogleHomePage.java:75)
at com.hydra.pages.GoogleHomePage.getPageTitle(GoogleHomePage.java:75)
at com.hydra.pages.GoogleHomePage.getPageTitle(GoogleHomePage.java:75)
at com.hydra.pages.GoogleHomePage.getPageTitle(GoogleHomePage.java:75)
at com.hydra.pages.GoogleHomePage.getPageTitle(GoogleHomePage.java:75)
at com.hydra.pages.GoogleHomePage.getPageTitle(GoogleHomePage.java:75)
at com.hydra.pages.GoogleHomePage.getPageTitle(GoogleHomePage.java:75)
at com.hydra.pages.GoogleHomePage.getPageTitle(GoogleHomePage.java:75)
at com.hydra.pages.GoogleHomePage.getPageTitle(GoogleHomePage.java:75)
at com.hydra.pages.GoogleHomePage.getPageTitle(GoogleHomePage.java:75)
at com.hydra.pages.GoogleHomePage.getPageTitle(GoogleHomePage.java:75)
at com.hydra.pages.GoogleHomePage.getPageTitle(GoogleHomePage.java:75)
at com.hydra.pages.GoogleHomePage.getPageTitle(GoogleHomePage.java:75)
at com.hydra.pages.GoogleHomePage.getPageTitle(GoogleHomePage.java:75)
at com.hydra.pages.GoogleHomePage.getPageTitle(GoogleHomePage.java:75)
at com.hydra.pages.GoogleHomePage.getPageTitle(GoogleHomePage.java:75)
at com.hydra.pages.GoogleHomePage.getPageTitle(GoogleHomePage.java:75)
at com.hydra.pages.GoogleHomePage.getPageTitle(GoogleHomePage.java:75)
at com.hydra.pages.GoogleHomePage.getPageTitle(GoogleHomePage.java:75)
at com.hydra.pages.GoogleHomePage.getPageTitle(GoogleHomePage.java:75)
at com.hydra.pages.GoogleHomePage.getPageTitle(GoogleHomePage.java:75)
at com.hydra.pages.GoogleHomePage.getPageTitle(GoogleHomePage.java:75)
at com.hydra.pages.GoogleHomePage.getPageTitle(GoogleHomePage.java:75)
at com.hydra.pages.GoogleHomePage.getPageTitle(GoogleHomePage.java:75)
at com.hydra.pages.GoogleHomePage.getPageTitle(GoogleHomePage.java:75)
at com.hydra.pages.GoogleHomePage.getPageTitle(GoogleHomePage.java:75)
at com.hydra.pages.GoogleHomePage.getPageTitle(GoogleHomePage.java:75)
at com.hydra.pages.GoogleHomePage.getPageTitle(GoogleHomePage.java:75)
at com.hydra.pages.GoogleHomePage.getPageTitle(GoogleHomePage.java:75)
at com.hydra.pages.GoogleHomePage.getPageTitle(GoogleHomePage.java:75)
at com.hydra.pages.GoogleHomePage.getPageTitle(GoogleHomePage.java:75)
at com.hydra.pages.GoogleHomePage.getPageTitle(GoogleHomePage.java:75)
at com.hydra.pages.GoogleHomePage.getPageTitle(GoogleHomePage.java:75)
at com.hydra.pages.GoogleHomePage.getPageTitle(GoogleHomePage.java:75)
at com.hydra.pages.GoogleHomePage.getPageTitle(GoogleHomePage.java:75)
at com.hydra.pages.GoogleHomePage.getPageTitle(GoogleHomePage.java:75)
at com.hydra.pages.GoogleHomePage.getPageTitle(GoogleHomePage.java:75)
at com.hydra.pages.GoogleHomePage.getPageTitle(GoogleHomePage.java:75)
at com.hydra.pages.GoogleHomePage.getPageTitle(GoogleHomePage.java:75)
at com.hydra.pages.GoogleHomePage.getPageTitle(GoogleHomePage.java:75)
at com.hydra.pages.GoogleHomePage.getPageTitle(GoogleHomePage.java:75)
at com.hydra.pages.GoogleHomePage.getPageTitle(GoogleHomePage.java:75)
at com.hydra.pages.GoogleHomePage.getPageTitle(GoogleHomePage.java:75)
at com.hydra.pages.GoogleHomePage.getPageTitle(GoogleHomePage.java:75)
at com.hydra.pages.GoogleHomePage.getPageTitle(GoogleHomePage.java:75)
at com.hydra.pages.GoogleHomePage.getPageTitle(GoogleHomePage.java:75)
at com.hydra.pages.GoogleHomePage.getPageTitle(GoogleHomePage.java:75)
at com.hydra.pages.GoogleHomePage.getPageTitle(GoogleHomePage.java:75)
at com.hydra.pages.GoogleHomePage.getPageTitle(GoogleHomePage.java:75)
at com.hydra.pages.GoogleHomePage.getPageTitle(GoogleHomePage.java:75)
at com.hydra.pages.GoogleHomePage.getPageTitle(GoogleHomePage.java:75)
at com.hydra.pages.GoogleHomePage.getPageTitle(GoogleHomePage.java:75)
at com.hydra.pages.GoogleHomePage.getPageTitle(GoogleHomePage.java:75)
at com.hydra.pages.GoogleHomePage.getPageTitle(GoogleHomePage.java:75)
at com.hydra.pages.GoogleHomePage.getPageTitle(GoogleHomePage.java:75)
at com.hydra.pages.GoogleHomePage.getPageTitle(GoogleHomePage.java:75)
at com.hydra.pages.GoogleHomePage.getPageTitle(GoogleHomePage.java:75)
at com.hydra.pages.GoogleHomePage.getPageTitle(GoogleHomePage.java:75)
at com.hydra.pages.GoogleHomePage.getPageTitle(GoogleHomePage.java:75)
at com.hydra.pages.GoogleHomePage.getPageTitle(GoogleHomePage.java:75)
at com.hydra.pages.GoogleHomePage.getPageTitle(GoogleHomePage.java:75)
at com.hydra.pages.GoogleHomePage.getPageTitle(GoogleHomePage.java:75)
at com.hydra.pages.GoogleHomePage.getPageTitle(GoogleHomePage.java:75)
at com.hydra.pages.GoogleHomePage.getPageTitle(GoogleHomePage.java:75)
at com.hydra.pages.GoogleHomePage.getPageTitle(GoogleHomePage.java:75)
at com.hydra.pages.GoogleHomePage.getPageTitle(GoogleHomePage.java:75)
at com.hydra.pages.GoogleHomePage.getPageTitle(GoogleHomePage.java:75)
at com.hydra.pages.GoogleHomePage.getPageTitle(GoogleHomePage.java:75)
at com.hydra.pages.GoogleHomePage.getPageTitle(GoogleHomePage.java:75)
at com.hydra.pages.GoogleHomePage.getPageTitle(GoogleHomePage.java:75)
at com.hydra.pages.GoogleHomePage.getPageTitle(GoogleHomePage.java:75)
at com.hydra.pages.GoogleHomePage.getPageTitle(GoogleHomePage.java:75)
at com.hydra.pages.GoogleHomePage.getPageTitle(GoogleHomePage.java:75)
at com.hydra.pages.GoogleHomePage.getPageTitle(GoogleHomePage.java:75)
at com.hydra.pages.GoogleHomePage.getPageTitle(GoogleHomePage.java:75)
at com.hydra.pages.GoogleHomePage.getPageTitle(GoogleHomePage.java:75)
at com.hydra.pages.GoogleHomePage.getPageTitle(GoogleHomePage.java:75)
at com.hydra.pages.GoogleHomePage.getPageTitle(GoogleHomePage.java:75)
at com.hydra.pages.GoogleHomePage.getPageTitle(GoogleHomePage.java:75)
at com.hydra.pages.GoogleHomePage.getPageTitle(GoogleHomePage.java:75)
at com.hydra.pages.GoogleHomePage.getPageTitle(GoogleHomePage.java:75)
at com.hydra.pages.GoogleHomePage.getPageTitle(GoogleHomePage.java:75)
at com.hydra.pages.GoogleHomePage.getPageTitle(GoogleHomePage.java:75)
at com.hydra.pages.GoogleHomePage.getPageTitle(GoogleHomePage.java:75)
at com.hydra.pages.GoogleHomePage.getPageTitle(GoogleHomePage.java:75)
at com.hydra.pages.GoogleHomePage.getPageTitle(GoogleHomePage.java:75)
at com.hydra.pages.GoogleHomePage.getPageTitle(GoogleHomePage.java:75)
at com.hydra.pages.GoogleHomePage.getPageTitle(GoogleHomePage.java:75)
at com.hydra.pages.GoogleHomePage.getPageTitle(GoogleHomePage.java:75)
at com.hydra.pages.GoogleHomePage.getPageTitle(GoogleHomePage.java:75)
at com.hydra.pages.GoogleHomePage.getPageTitle(GoogleHomePage.java:75)
at com.hydra.pages.GoogleHomePage.getPageTitle(GoogleHomePage.java:75)
at com.hydra.pages.GoogleHomePage.getPageTitle(GoogleHomePage.java:75)
at com.hydra.pages.GoogleHomePage.getPageTitle(GoogleHomePage.java:75)
at com.hydra.pages.GoogleHomePage.getPageTitle(GoogleHomePage.java:75)
at com.hydra.pages.GoogleHomePage.getPageTitle(GoogleHomePage.java:75)
at com.hydra.pages.GoogleHomePage.getPageTitle(GoogleHomePage.java:75)
at com.hydra.pages.GoogleHomePage.getPageTitle(GoogleHomePage.java:75)
at com.hydra.pages.GoogleHomePage.getPageTitle(GoogleHomePage.java:75)
at com.hydra.pages.GoogleHomePage.getPageTitle(GoogleHomePage.java:75)
at com.hydra.pages.GoogleHomePage.getPageTitle(GoogleHomePage.java:75)
at com.hydra.pages.GoogleHomePage.getPageTitle(GoogleHomePage.java:75)
at com.hydra.pages.GoogleHomePage.getPageTitle(GoogleHomePage.java:75)
at com.hydra.pages.GoogleHomePage.getPageTitle(GoogleHomePage.java:75)
at com.hydra.pages.GoogleHomePage.getPageTitle(GoogleHomePage.java:75)
at com.hydra.pages.GoogleHomePage.getPageTitle(GoogleHomePage.java:75)
at com.hydra.pages.GoogleHomePage.getPageTitle(GoogleHomePage.java:75)
at com.hydra.pages.GoogleHomePage.getPageTitle(GoogleHomePage.java:75)
at com.hydra.pages.GoogleHomePage.getPageTitle(GoogleHomePage.java:75)
at com.hydra.pages.GoogleHomePage.getPageTitle(GoogleHomePage.java:75)
at com.hydra.pages.GoogleHomePage.getPageTitle(GoogleHomePage.java:75)
at com.hydra.pages.GoogleHomePage.getPageTitle(GoogleHomePage.java:75)
at com.hydra.pages.GoogleHomePage.getPageTitle(GoogleHomePage.java:75)
at com.hydra.pages.GoogleHomePage.getPageTitle(GoogleHomePage.java:75)
at com.hydra.pages.GoogleHomePage.getPageTitle(GoogleHomePage.java:75)
at com.hydra.pages.GoogleHomePage.getPageTitle(GoogleHomePage.java:75)
at com.hydra.pages.GoogleHomePage.getPageTitle(GoogleHomePage.java:75)
at com.hydra.pages.GoogleHomePage.getPageTitle(GoogleHomePage.java:75)
at com.hydra.pages.GoogleHomePage.getPageTitle(GoogleHomePage.java:75)
at com.hydra.pages.GoogleHomePage.getPageTitle(GoogleHomePage.java:75)
at com.hydra.pages.GoogleHomePage.getPageTitle(GoogleHomePage.java:75)
at com.hydra.pages.GoogleHomePage.getPageTitle(GoogleHomePage.java:75)
at com.hydra.pages.GoogleHomePage.getPageTitle(GoogleHomePage.java:75)
at com.hydra.pages.GoogleHomePage.getPageTitle(GoogleHomePage.java:75)
at com.hydra.pages.GoogleHomePage.getPageTitle(GoogleHomePage.java:75)
at com.hydra.pages.GoogleHomePage.getPageTitle(GoogleHomePage.java:75)
at com.hydra.pages.GoogleHomePage.getPageTitle(GoogleHomePage.java:75)
at com.hydra.pages.GoogleHomePage.getPageTitle(GoogleHomePage.java:75)
at com.hydra.pages.GoogleHomePage.getPageTitle(GoogleHomePage.java:75)
at com.hydra.pages.GoogleHomePage.getPageTitle(GoogleHomePage.java:75)
at com.hydra.pages.GoogleHomePage.getPageTitle(GoogleHomePage.java:75)
at com.hydra.pages.GoogleHomePage.getPageTitle(GoogleHomePage.java:75)
at com.hydra.pages.GoogleHomePage.getPageTitle(GoogleHomePage.java:75)
at com.hydra.pages.GoogleHomePage.getPageTitle(GoogleHomePage.java:75)
at com.hydra.pages.GoogleHomePage.getPageTitle(GoogleHomePage.java:75)
at com.hydra.pages.GoogleHomePage.getPageTitle(GoogleHomePage.java:75)
at com.hydra.pages.GoogleHomePage.getPageTitle(GoogleHomePage.java:75)
at com.hydra.pages.GoogleHomePage.getPageTitle(GoogleHomePage.java:75)
at com.hydra.pages.GoogleHomePage.getPageTitle(GoogleHomePage.java:75)
at com.hydra.pages.GoogleHomePage.getPageTitle(GoogleHomePage.java:75)
at com.hydra.pages.GoogleHomePage.getPageTitle(GoogleHomePage.java:75)
at com.hydra.pages.GoogleHomePage.getPageTitle(GoogleHomePage.java:75)
at com.hydra.pages.GoogleHomePage.getPageTitle(GoogleHomePage.java:75)
at com.hydra.pages.GoogleHomePage.getPageTitle(GoogleHomePage.java:75)
at com.hydra.pages.GoogleHomePage.getPageTitle(GoogleHomePage.java:75)
at com.hydra.pages.GoogleHomePage.getPageTitle(GoogleHomePage.java:75)
at com.hydra.pages.GoogleHomePage.getPageTitle(GoogleHomePage.java:75)
at com.hydra.pages.GoogleHomePage.getPageTitle(GoogleHomePage.java:75)
at com.hydra.pages.GoogleHomePage.getPageTitle(GoogleHomePage.java:75)
at com.hydra.pages.GoogleHomePage.getPageTitle(GoogleHomePage.java:75)
at com.hydra.pages.GoogleHomePage.getPageTitle(GoogleHomePage.java:75)
at com.hydra.pages.GoogleHomePage.getPageTitle(GoogleHomePage.java:75)
at com.hydra.pages.GoogleHomePage.getPageTitle(GoogleHomePage.java:75)
at com.hydra.pages.GoogleHomePage.getPageTitle(GoogleHomePage.java:75)
at com.hydra.pages.GoogleHomePage.getPageTitle(GoogleHomePage.java:75)
at com.hydra.pages.GoogleHomePage.getPageTitle(GoogleHomePage.java:75)
at com.hydra.pages.GoogleHomePage.getPageTitle(GoogleHomePage.java:75)
at com.hydra.pages.GoogleHomePage.getPageTitle(GoogleHomePage.java:75)
at com.hydra.pages.GoogleHomePage.getPageTitle(GoogleHomePage.java:75)
at com.hydra.pages.GoogleHomePage.getPageTitle(GoogleHomePage.java:75)
at com.hydra.pages.GoogleHomePage.getPageTitle(GoogleHomePage.java:75)
at com.hydra.pages.GoogleHomePage.getPageTitle(GoogleHomePage.java:75)
at com.hydra.pages.GoogleHomePage.getPageTitle(GoogleHomePage.java:75)
at com.hydra.pages.GoogleHomePage.getPageTitle(GoogleHomePage.java:75)
at com.hydra.pages.GoogleHomePage.getPageTitle(GoogleHomePage.java:75)
at com.hydra.pages.GoogleHomePage.getPageTitle(GoogleHomePage.java:75)
at com.hydra.pages.GoogleHomePage.getPageTitle(GoogleHomePage.java:75)
at com.hydra.pages.GoogleHomePage.getPageTitle(GoogleHomePage.java:75)
at com.hydra.pages.GoogleHomePage.getPageTitle(GoogleHomePage.java:75)
at com.hydra.pages.GoogleHomePage.getPageTitle(GoogleHomePage.java:75)
at com.hydra.pages.GoogleHomePage.getPageTitle(GoogleHomePage.java:75)
at com.hydra.pages.GoogleHomePage.getPageTitle(GoogleHomePage.java:75)
at com.hydra.pages.GoogleHomePage.getPageTitle(GoogleHomePage.java:75)
at com.hydra.pages.GoogleHomePage.getPageTitle(GoogleHomePage.java:75)
at com.hydra.pages.GoogleHomePage.getPageTitle(GoogleHomePage.java:75)
at com.hydra.pages.GoogleHomePage.getPageTitle(GoogleHomePage.java:75)
at com.hydra.pages.GoogleHomePage.getPageTitle(GoogleHomePage.java:75)
at com.hydra.pages.GoogleHomePage.getPageTitle(GoogleHomePage.java:75)
at com.hydra.pages.GoogleHomePage.getPageTitle(GoogleHomePage.java:75)
at com.hydra.pages.GoogleHomePage.getPageTitle(GoogleHomePage.java:75)
at com.hydra.pages.GoogleHomePage.getPageTitle(GoogleHomePage.java:75)
at com.hydra.pages.GoogleHomePage.getPageTitle(GoogleHomePage.java:75)
at com.hydra.pages.GoogleHomePage.getPageTitle(GoogleHomePage.java:75)
at com.hydra.pages.GoogleHomePage.getPageTitle(GoogleHomePage.java:75)
at com.hydra.pages.GoogleHomePage.getPageTitle(GoogleHomePage.java:75)
at com.hydra.pages.GoogleHomePage.getPageTitle(GoogleHomePage.java:75)
at com.hydra.pages.GoogleHomePage.getPageTitle(GoogleHomePage.java:75)
at com.hydra.pages.GoogleHomePage.getPageTitle(GoogleHomePage.java:75)
at com.hydra.pages.GoogleHomePage.getPageTitle(GoogleHomePage.java:75)
at com.hydra.pages.GoogleHomePage.getPageTitle(GoogleHomePage.java:75)
at com.hydra.pages.GoogleHomePage.getPageTitle(GoogleHomePage.java:75)
at com.hydra.pages.GoogleHomePage.getPageTitle(GoogleHomePage.java:75)
at com.hydra.pages.GoogleHomePage.getPageTitle(GoogleHomePage.java:75)
at com.hydra.pages.GoogleHomePage.getPageTitle(GoogleHomePage.java:75)
at com.hydra.pages.GoogleHomePage.getPageTitle(GoogleHomePage.java:75)
at com.hydra.pages.GoogleHomePage.getPageTitle(GoogleHomePage.java:75)
at com.hydra.pages.GoogleHomePage.getPageTitle(GoogleHomePage.java:75)
at com.hydra.pages.GoogleHomePage.getPageTitle(GoogleHomePage.java:75)
at com.hydra.pages.GoogleHomePage.getPageTitle(GoogleHomePage.java:75)
at com.hydra.pages.GoogleHomePage.getPageTitle(GoogleHomePage.java:75)
at com.hydra.pages.GoogleHomePage.getPageTitle(GoogleHomePage.java:75)
at com.hydra.pages.GoogleHomePage.getPageTitle(GoogleHomePage.java:75)
at com.hydra.pages.GoogleHomePage.getPageTitle(GoogleHomePage.java:75)
at com.hydra.pages.GoogleHomePage.getPageTitle(GoogleHomePage.java:75)
at com.hydra.pages.GoogleHomePage.getPageTitle(GoogleHomePage.java:75)
at com.hydra.pages.GoogleHomePage.getPageTitle(GoogleHomePage.java:75)
at com.hydra.pages.GoogleHomePage.getPageTitle(GoogleHomePage.java:75)
at com.hydra.pages.GoogleHomePage.getPageTitle(GoogleHomePage.java:75)
at com.hydra.pages.GoogleHomePage.getPageTitle(GoogleHomePage.java:75)
at com.hydra.pages.GoogleHomePage.getPageTitle(GoogleHomePage.java:75)
at com.hydra.pages.GoogleHomePage.getPageTitle(GoogleHomePage.java:75)
at com.hydra.pages.GoogleHomePage.getPageTitle(GoogleHomePage.java:75)
at com.hydra.pages.GoogleHomePage.getPageTitle(GoogleHomePage.java:75)
at com.hydra.pages.GoogleHomePage.getPageTitle(GoogleHomePage.java:75)
at com.hydra.pages.GoogleHomePage.getPageTitle(GoogleHomePage.java:75)
at com.hydra.pages.GoogleHomePage.getPageTitle(GoogleHomePage.java:75)
at com.hydra.pages.GoogleHomePage.getPageTitle(GoogleHomePage.java:75)
at com.hydra.pages.GoogleHomePage.getPageTitle(GoogleHomePage.java:75)
at com.hydra.pages.GoogleHomePage.getPageTitle(GoogleHomePage.java:75)
at com.hydra.pages.GoogleHomePage.getPageTitle(GoogleHomePage.java:75)
at com.hydra.pages.GoogleHomePage.getPageTitle(GoogleHomePage.java:75)
at com.hydra.pages.GoogleHomePage.getPageTitle(GoogleHomePage.java:75)
at com.hydra.pages.GoogleHomePage.getPageTitle(GoogleHomePage.java:75)
at com.hydra.pages.GoogleHomePage.getPageTitle(GoogleHomePage.java:75)
at com.hydra.pages.GoogleHomePage.getPageTitle(GoogleHomePage.java:75)
at com.hydra.pages.GoogleHomePage.getPageTitle(GoogleHomePage.java:75)
at com.hydra.pages.GoogleHomePage.getPageTitle(GoogleHomePage.java:75)
at com.hydra.pages.GoogleHomePage.getPageTitle(GoogleHomePage.java:75)
at com.hydra.pages.GoogleHomePage.getPageTitle(GoogleHomePage.java:75)
at com.hydra.pages.GoogleHomePage.getPageTitle(GoogleHomePage.java:75)
at com.hydra.pages.GoogleHomePage.getPageTitle(GoogleHomePage.java:75)
at com.hydra.pages.GoogleHomePage.getPageTitle(GoogleHomePage.java:75)
at com.hydra.pages.GoogleHomePage.getPageTitle(GoogleHomePage.java:75)
at com.hydra.pages.GoogleHomePage.getPageTitle(GoogleHomePage.java:75)
at com.hydra.pages.GoogleHomePage.getPageTitle(GoogleHomePage.java:75)
at com.hydra.pages.GoogleHomePage.getPageTitle(GoogleHomePage.java:75)
at com.hydra.pages.GoogleHomePage.getPageTitle(GoogleHomePage.java:75)
at com.hydra.pages.GoogleHomePage.getPageTitle(GoogleHomePage.java:75)
at com.hydra.pages.GoogleHomePage.getPageTitle(GoogleHomePage.java:75)
at com.hydra.pages.GoogleHomePage.getPageTitle(GoogleHomePage.java:75)
at com.hydra.pages.GoogleHomePage.getPageTitle(GoogleHomePage.java:75)
at com.hydra.pages.GoogleHomePage.getPageTitle(GoogleHomePage.java:75)
at com.hydra.pages.GoogleHomePage.getPageTitle(GoogleHomePage.java:75)
at com.hydra.pages.GoogleHomePage.getPageTitle(GoogleHomePage.java:75)
at com.hydra.pages.GoogleHomePage.getPageTitle(GoogleHomePage.java:75)
at com.hydra.pages.GoogleHomePage.getPageTitle(GoogleHomePage.java:75)
at com.hydra.pages.GoogleHomePage.getPageTitle(GoogleHomePage.java:75)
at com.hydra.pages.GoogleHomePage.getPageTitle(GoogleHomePage.java:75)
at com.hydra.pages.GoogleHomePage.getPageTitle(GoogleHomePage.java:75)
at com.hydra.pages.GoogleHomePage.getPageTitle(GoogleHomePage.java:75)
at com.hydra.pages.GoogleHomePage.getPageTitle(GoogleHomePage.java:75)
at com.hydra.pages.GoogleHomePage.getPageTitle(GoogleHomePage.java:75)
at com.hydra.pages.GoogleHomePage.getPageTitle(GoogleHomePage.java:75)
at com.hydra.pages.GoogleHomePage.getPageTitle(GoogleHomePage.java:75)
at com.hydra.pages.GoogleHomePage.getPageTitle(GoogleHomePage.java:75)
at com.hydra.pages.GoogleHomePage.getPageTitle(GoogleHomePage.java:75)
at com.hydra.pages.GoogleHomePage.getPageTitle(GoogleHomePage.java:75)
at com.hydra.pages.GoogleHomePage.getPageTitle(GoogleHomePage.java:75)
at com.hydra.pages.GoogleHomePage.getPageTitle(GoogleHomePage.java:75)
at com.hydra.pages.GoogleHomePage.getPageTitle(GoogleHomePage.java:75)
at com.hydra.pages.GoogleHomePage.getPageTitle(GoogleHomePage.java:75)
at com.hydra.pages.GoogleHomePage.getPageTitle(GoogleHomePage.java:75)
at com.hydra.pages.GoogleHomePage.getPageTitle(GoogleHomePage.java:75)
at com.hydra.pages.GoogleHomePage.getPageTitle(GoogleHomePage.java:75)
at com.hydra.pages.GoogleHomePage.getPageTitle(GoogleHomePage.java:75)
at com.hydra.pages.GoogleHomePage.getPageTitle(GoogleHomePage.java:75)
at com.hydra.pages.GoogleHomePage.getPageTitle(GoogleHomePage.java:75)
at com.hydra.pages.GoogleHomePage.getPageTitle(GoogleHomePage.java:75)
at com.hydra.pages.GoogleHomePage.getPageTitle(GoogleHomePage.java:75)
at com.hydra.pages.GoogleHomePage.getPageTitle(GoogleHomePage.java:75)
at com.hydra.pages.GoogleHomePage.getPageTitle(GoogleHomePage.java:75)
at com.hydra.pages.GoogleHomePage.getPageTitle(GoogleHomePage.java:75)
at com.hydra.pages.GoogleHomePage.getPageTitle(GoogleHomePage.java:75)
at com.hydra.pages.GoogleHomePage.getPageTitle(GoogleHomePage.java:75)
at com.hydra.pages.GoogleHomePage.getPageTitle(GoogleHomePage.java:75)
at com.hydra.pages.GoogleHomePage.getPageTitle(GoogleHomePage.java:75)
at com.hydra.pages.GoogleHomePage.getPageTitle(GoogleHomePage.java:75)
at com.hydra.pages.GoogleHomePage.getPageTitle(GoogleHomePage.java:75)
at com.hydra.pages.GoogleHomePage.getPageTitle(GoogleHomePage.java:75)
at com.hydra.pages.GoogleHomePage.getPageTitle(GoogleHomePage.java:75)
at com.hydra.pages.GoogleHomePage.getPageTitle(GoogleHomePage.java:75)
at com.hydra.pages.GoogleHomePage.getPageTitle(GoogleHomePage.java:75)
at com.hydra.pages.GoogleHomePage.getPageTitle(GoogleHomePage.java:75)
at com.hydra.pages.GoogleHomePage.getPageTitle(GoogleHomePage.java:75)
at com.hydra.pages.GoogleHomePage.getPageTitle(GoogleHomePage.java:75)
at com.hydra.pages.GoogleHomePage.getPageTitle(GoogleHomePage.java:75)
at com.hydra.pages.GoogleHomePage.getPageTitle(GoogleHomePage.java:75)
at com.hydra.pages.GoogleHomePage.getPageTitle(GoogleHomePage.java:75)
at com.hydra.pages.GoogleHomePage.getPageTitle(GoogleHomePage.java:75)
at com.hydra.pages.GoogleHomePage.getPageTitle(GoogleHomePage.java:75)
at com.hydra.pages.GoogleHomePage.getPageTitle(GoogleHomePage.java:75)
at com.hydra.pages.GoogleHomePage.getPageTitle(GoogleHomePage.java:75)
at com.hydra.pages.GoogleHomePage.getPageTitle(GoogleHomePage.java:75)
at com.hydra.pages.GoogleHomePage.getPageTitle(GoogleHomePage.java:75)
at com.hydra.pages.GoogleHomePage.getPageTitle(GoogleHomePage.java:75)
at com.hydra.pages.GoogleHomePage.getPageTitle(GoogleHomePage.java:75)
at com.hydra.pages.GoogleHomePage.getPageTitle(GoogleHomePage.java:75)
at com.hydra.pages.GoogleHomePage.getPageTitle(GoogleHomePage.java:75)
at com.hydra.pages.GoogleHomePage.getPageTitle(GoogleHomePage.java:75)
at com.hydra.pages.GoogleHomePage.getPageTitle(GoogleHomePage.java:75)
at com.hydra.pages.GoogleHomePage.getPageTitle(GoogleHomePage.java:75)
at com.hydra.pages.GoogleHomePage.getPageTitle(GoogleHomePage.java:75)
at com.hydra.pages.GoogleHomePage.getPageTitle(GoogleHomePage.java:75)
at com.hydra.pages.GoogleHomePage.getPageTitle(GoogleHomePage.java:75)
at com.hydra.pages.GoogleHomePage.getPageTitle(GoogleHomePage.java:75)
at com.hydra.pages.GoogleHomePage.getPageTitle(GoogleHomePage.java:75)
at com.hydra.pages.GoogleHomePage.getPageTitle(GoogleHomePage.java:75)
at com.hydra.pages.GoogleHomePage.getPageTitle(GoogleHomePage.java:75)
at com.hydra.pages.GoogleHomePage.getPageTitle(GoogleHomePage.java:75)
at com.hydra.pages.GoogleHomePage.getPageTitle(GoogleHomePage.java:75)
at com.hydra.pages.GoogleHomePage.getPageTitle(GoogleHomePage.java:75)
at com.hydra.pages.GoogleHomePage.getPageTitle(GoogleHomePage.java:75)
at com.hydra.pages.GoogleHomePage.getPageTitle(GoogleHomePage.java:75)
at com.hydra.pages.GoogleHomePage.getPageTitle(GoogleHomePage.java:75)
at com.hydra.pages.GoogleHomePage.getPageTitle(GoogleHomePage.java:75)
at com.hydra.pages.GoogleHomePage.getPageTitle(GoogleHomePage.java:75)
at com.hydra.pages.GoogleHomePage.getPageTitle(GoogleHomePage.java:75)
at com.hydra.pages.GoogleHomePage.getPageTitle(GoogleHomePage.java:75)
at com.hydra.pages.GoogleHomePage.getPageTitle(GoogleHomePage.java:75)
at com.hydra.pages.GoogleHomePage.getPageTitle(GoogleHomePage.java:75)
at com.hydra.pages.GoogleHomePage.getPageTitle(GoogleHomePage.java:75)
at com.hydra.pages.GoogleHomePage.getPageTitle(GoogleHomePage.java:75)
at com.hydra.pages.GoogleHomePage.getPageTitle(GoogleHomePage.java:75)
at com.hydra.pages.GoogleHomePage.getPageTitle(GoogleHomePage.java:75)
at com.hydra.pages.GoogleHomePage.getPageTitle(GoogleHomePage.java:75)
at com.hydra.pages.GoogleHomePage.getPageTitle(GoogleHomePage.java:75)
at com.hydra.pages.GoogleHomePage.getPageTitle(GoogleHomePage.java:75)
at com.hydra.pages.GoogleHomePage.getPageTitle(GoogleHomePage.java:75)
at com.hydra.pages.GoogleHomePage.getPageTitle(GoogleHomePage.java:75)
at com.hydra.pages.GoogleHomePage.getPageTitle(GoogleHomePage.java:75)
at com.hydra.pages.GoogleHomePage.getPageTitle(GoogleHomePage.java:75)
at com.hydra.pages.GoogleHomePage.getPageTitle(GoogleHomePage.java:75)
at com.hydra.pages.GoogleHomePage.getPageTitle(GoogleHomePage.java:75)
at com.hydra.pages.GoogleHomePage.getPageTitle(GoogleHomePage.java:75)
at com.hydra.pages.GoogleHomePage.getPageTitle(GoogleHomePage.java:75)
at com.hydra.pages.GoogleHomePage.getPageTitle(GoogleHomePage.java:75)
at com.hydra.pages.GoogleHomePage.getPageTitle(GoogleHomePage.java:75)
at com.hydra.pages.GoogleHomePage.getPageTitle(GoogleHomePage.java:75)
at com.hydra.pages.GoogleHomePage.getPageTitle(GoogleHomePage.java:75)
at com.hydra.pages.GoogleHomePage.getPageTitle(GoogleHomePage.java:75)
at com.hydra.pages.GoogleHomePage.getPageTitle(GoogleHomePage.java:75)
at com.hydra.pages.GoogleHomePage.getPageTitle(GoogleHomePage.java:75)
at com.hydra.pages.GoogleHomePage.getPageTitle(GoogleHomePage.java:75)
at com.hydra.pages.GoogleHomePage.getPageTitle(GoogleHomePage.java:75)
at com.hydra.pages.GoogleHomePage.getPageTitle(GoogleHomePage.java:75)
at com.hydra.pages.GoogleHomePage.getPageTitle(GoogleHomePage.java:75)
at com.hydra.pages.GoogleHomePage.getPageTitle(GoogleHomePage.java:75)
at com.hydra.pages.GoogleHomePage.getPageTitle(GoogleHomePage.java:75)
at com.hydra.pages.GoogleHomePage.getPageTitle(GoogleHomePage.java:75)
at com.hydra.pages.GoogleHomePage.getPageTitle(GoogleHomePage.java:75)
at com.hydra.pages.GoogleHomePage.getPageTitle(GoogleHomePage.java:75)
at com.hydra.pages.GoogleHomePage.getPageTitle(GoogleHomePage.java:75)
at com.hydra.pages.GoogleHomePage.getPageTitle(GoogleHomePage.java:75)
at com.hydra.pages.GoogleHomePage.getPageTitle(GoogleHomePage.java:75)
at com.hydra.pages.GoogleHomePage.getPageTitle(GoogleHomePage.java:75)
at com.hydra.pages.GoogleHomePage.getPageTitle(GoogleHomePage.java:75)
at com.hydra.pages.GoogleHomePage.getPageTitle(GoogleHomePage.java:75)
at com.hydra.pages.GoogleHomePage.getPageTitle(GoogleHomePage.java:75)
at com.hydra.pages.GoogleHomePage.getPageTitle(GoogleHomePage.java:75)
at com.hydra.pages.GoogleHomePage.getPageTitle(GoogleHomePage.java:75)
at com.hydra.pages.GoogleHomePage.getPageTitle(GoogleHomePage.java:75)
at com.hydra.pages.GoogleHomePage.getPageTitle(GoogleHomePage.java:75)
at com.hydra.pages.GoogleHomePage.getPageTitle(GoogleHomePage.java:75)
at com.hydra.pages.GoogleHomePage.getPageTitle(GoogleHomePage.java:75)
at com.hydra.pages.GoogleHomePage.getPageTitle(GoogleHomePage.java:75)
at com.hydra.pages.GoogleHomePage.getPageTitle(GoogleHomePage.java:75)
at com.hydra.pages.GoogleHomePage.getPageTitle(GoogleHomePage.java:75)
at com.hydra.pages.GoogleHomePage.getPageTitle(GoogleHomePage.java:75)
at com.hydra.pages.GoogleHomePage.getPageTitle(GoogleHomePage.java:75)
at com.hydra.pages.GoogleHomePage.getPageTitle(GoogleHomePage.java:75)
at com.hydra.pages.GoogleHomePage.getPageTitle(GoogleHomePage.java:75)
at com.hydra.pages.GoogleHomePage.getPageTitle(GoogleHomePage.java:75)
at com.hydra.pages.GoogleHomePage.getPageTitle(GoogleHomePage.java:75)
at com.hydra.pages.GoogleHomePage.getPageTitle(GoogleHomePage.java:75)
at com.hydra.pages.GoogleHomePage.getPageTitle(GoogleHomePage.java:75)
at com.hydra.pages.GoogleHomePage.getPageTitle(GoogleHomePage.java:75)
at com.hydra.pages.GoogleHomePage.getPageTitle(GoogleHomePage.java:75)
at com.hydra.pages.GoogleHomePage.getPageTitle(GoogleHomePage.java:75)
at com.hydra.pages.GoogleHomePage.getPageTitle(GoogleHomePage.java:75)
at com.hydra.pages.GoogleHomePage.getPageTitle(GoogleHomePage.java:75)
at com.hydra.pages.GoogleHomePage.getPageTitle(GoogleHomePage.java:75)
at com.hydra.pages.GoogleHomePage.getPageTitle(GoogleHomePage.java:75)
at com.hydra.pages.GoogleHomePage.getPageTitle(GoogleHomePage.java:75)
at com.hydra.pages.GoogleHomePage.getPageTitle(GoogleHomePage.java:75)
at com.hydra.pages.GoogleHomePage.getPageTitle(GoogleHomePage.java:75)
at com.hydra.pages.GoogleHomePage.getPageTitle(GoogleHomePage.java:75)
at com.hydra.pages.GoogleHomePage.getPageTitle(GoogleHomePage.java:75)
at com.hydra.pages.GoogleHomePage.getPageTitle(GoogleHomePage.java:75)
at com.hydra.pages.GoogleHomePage.getPageTitle(GoogleHomePage.java:75)
at com.hydra.pages.GoogleHomePage.getPageTitle(GoogleHomePage.java:75)
at com.hydra.pages.GoogleHomePage.getPageTitle(GoogleHomePage.java:75)
at com.hydra.pages.GoogleHomePage.getPageTitle(GoogleHomePage.java:75)
at com.hydra.pages.GoogleHomePage.getPageTitle(GoogleHomePage.java:75)
at com.hydra.pages.GoogleHomePage.getPageTitle(GoogleHomePage.java:75)
at com.hydra.pages.GoogleHomePage.getPageTitle(GoogleHomePage.java:75)
at com.hydra.pages.GoogleHomePage.getPageTitle(GoogleHomePage.java:75)
at com.hydra.pages.GoogleHomePage.getPageTitle(GoogleHomePage.java:75)
at com.hydra.pages.GoogleHomePage.getPageTitle(GoogleHomePage.java:75)
at com.hydra.pages.GoogleHomePage.getPageTitle(GoogleHomePage.java:75)
at com.hydra.pages.GoogleHomePage.getPageTitle(GoogleHomePage.java:75)
at com.hydra.pages.GoogleHomePage.getPageTitle(GoogleHomePage.java:75)
at com.hydra.pages.GoogleHomePage.getPageTitle(GoogleHomePage.java:75)
at com.hydra.pages.GoogleHomePage.getPageTitle(GoogleHomePage.java:75)
at com.hydra.pages.GoogleHomePage.getPageTitle(GoogleHomePage.java:75)
at com.hydra.pages.GoogleHomePage.getPageTitle(GoogleHomePage.java:75)
at com.hydra.pages.GoogleHomePage.getPageTitle(GoogleHomePage.java:75)
at com.hydra.pages.GoogleHomePage.getPageTitle(GoogleHomePage.java:75)
at com.hydra.pages.GoogleHomePage.getPageTitle(GoogleHomePage.java:75)
at com.hydra.pages.GoogleHomePage.getPageTitle(GoogleHomePage.java:75)
at com.hydra.pages.GoogleHomePage.getPageTitle(GoogleHomePage.java:75)
at com.hydra.pages.GoogleHomePage.getPageTitle(GoogleHomePage.java:75)
at com.hydra.pages.GoogleHomePage.getPageTitle(GoogleHomePage.java:75)
at com.hydra.pages.GoogleHomePage.getPageTitle(GoogleHomePage.java:75)
at com.hydra.pages.GoogleHomePage.getPageTitle(GoogleHomePage.java:75)
at com.hydra.pages.GoogleHomePage.getPageTitle(GoogleHomePage.java:75)
at com.hydra.pages.GoogleHomePage.getPageTitle(GoogleHomePage.java:75)
at com.hydra.pages.GoogleHomePage.getPageTitle(GoogleHomePage.java:75)
at com.hydra.pages.GoogleHomePage.getPageTitle(GoogleHomePage.java:75)
at com.hydra.pages.GoogleHomePage.getPageTitle(GoogleHomePage.java:75)
at com.hydra.pages.GoogleHomePage.getPageTitle(GoogleHomePage.java:75)
at com.hydra.pages.GoogleHomePage.getPageTitle(GoogleHomePage.java:75)
at com.hydra.pages.GoogleHomePage.getPageTitle(GoogleHomePage.java:75)
at com.hydra.pages.GoogleHomePage.getPageTitle(GoogleHomePage.java:75)
at com.hydra.pages.GoogleHomePage.getPageTitle(GoogleHomePage.java:75)
at com.hydra.pages.GoogleHomePage.getPageTitle(GoogleHomePage.java:75)
at com.hydra.pages.GoogleHomePage.getPageTitle(GoogleHomePage.java:75)
at com.hydra.pages.GoogleHomePage.getPageTitle(GoogleHomePage.java:75)
at com.hydra.pages.GoogleHomePage.getPageTitle(GoogleHomePage.java:75)
at com.hydra.pages.GoogleHomePage.getPageTitle(GoogleHomePage.java:75)
at com.hydra.pages.GoogleHomePage.getPageTitle(GoogleHomePage.java:75)
at com.hydra.pages.GoogleHomePage.getPageTitle(GoogleHomePage.java:75)
at com.hydra.pages.GoogleHomePage.getPageTitle(GoogleHomePage.java:75)
at com.hydra.pages.GoogleHomePage.getPageTitle(GoogleHomePage.java:75)
at com.hydra.pages.GoogleHomePage.getPageTitle(GoogleHomePage.java:75)
at com.hydra.pages.GoogleHomePage.getPageTitle(GoogleHomePage.java:75)
at com.hydra.pages.GoogleHomePage.getPageTitle(GoogleHomePage.java:75)
at com.hydra.pages.GoogleHomePage.getPageTitle(GoogleHomePage.java:75)
at com.hydra.pages.GoogleHomePage.getPageTitle(GoogleHomePage.java:75)
at com.hydra.pages.GoogleHomePage.getPageTitle(GoogleHomePage.java:75)
at com.hydra.pages.GoogleHomePage.getPageTitle(GoogleHomePage.java:75)
at com.hydra.pages.GoogleHomePage.getPageTitle(GoogleHomePage.java:75)
at com.hydra.pages.GoogleHomePage.getPageTitle(GoogleHomePage.java:75)
at com.hydra.pages.GoogleHomePage.getPageTitle(GoogleHomePage.java:75)
at com.hydra.pages.GoogleHomePage.getPageTitle(GoogleHomePage.java:75)
at com.hydra.pages.GoogleHomePage.getPageTitle(GoogleHomePage.java:75)
at com.hydra.pages.GoogleHomePage.getPageTitle(GoogleHomePage.java:75)
at com.hydra.pages.GoogleHomePage.getPageTitle(GoogleHomePage.java:75)
at com.hydra.pages.GoogleHomePage.getPageTitle(GoogleHomePage.java:75)
at com.hydra.pages.GoogleHomePage.getPageTitle(GoogleHomePage.java:75)
at com.hydra.pages.GoogleHomePage.getPageTitle(GoogleHomePage.java:75)
at com.hydra.pages.GoogleHomePage.getPageTitle(GoogleHomePage.java:75)
at com.hydra.pages.GoogleHomePage.getPageTitle(GoogleHomePage.java:75)
at com.hydra.pages.GoogleHomePage.getPageTitle(GoogleHomePage.java:75)
at com.hydra.pages.GoogleHomePage.getPageTitle(GoogleHomePage.java:75)
at com.hydra.pages.GoogleHomePage.getPageTitle(GoogleHomePage.java:75)
at com.hydra.pages.GoogleHomePage.getPageTitle(GoogleHomePage.java:75)
at com.hydra.pages.GoogleHomePage.getPageTitle(GoogleHomePage.java:75)
at com.hydra.pages.GoogleHomePage.getPageTitle(GoogleHomePage.java:75)
at com.hydra.pages.GoogleHomePage.getPageTitle(GoogleHomePage.java:75)
at com.hydra.pages.GoogleHomePage.getPageTitle(GoogleHomePage.java:75)
at com.hydra.pages.GoogleHomePage.getPageTitle(GoogleHomePage.java:75)
at com.hydra.pages.GoogleHomePage.getPageTitle(GoogleHomePage.java:75)
at com.hydra.pages.GoogleHomePage.getPageTitle(GoogleHomePage.java:75)
at com.hydra.pages.GoogleHomePage.getPageTitle(GoogleHomePage.java:75)
at com.hydra.pages.GoogleHomePage.getPageTitle(GoogleHomePage.java:75)
at com.hydra.pages.GoogleHomePage.getPageTitle(GoogleHomePage.java:75)
at com.hydra.pages.GoogleHomePage.getPageTitle(GoogleHomePage.java:75)
at com.hydra.pages.GoogleHomePage.getPageTitle(GoogleHomePage.java:75)
at com.hydra.pages.GoogleHomePage.getPageTitle(GoogleHomePage.java:75)
at com.hydra.pages.GoogleHomePage.getPageTitle(GoogleHomePage.java:75)
at com.hydra.pages.GoogleHomePage.getPageTitle(GoogleHomePage.java:75)
at com.hydra.pages.GoogleHomePage.getPageTitle(GoogleHomePage.java:75)
at com.hydra.pages.GoogleHomePage.getPageTitle(GoogleHomePage.java:75)
at com.hydra.pages.GoogleHomePage.getPageTitle(GoogleHomePage.java:75)
at com.hydra.pages.GoogleHomePage.getPageTitle(GoogleHomePage.java:75)
at com.hydra.pages.GoogleHomePage.getPageTitle(GoogleHomePage.java:75)
]]>
    </failure>
  </testcase> <!-- testGooglePageTitle -->
  <testcase classname="com.hydra.tests.GoogleSearchTest" name="testClearSearchBox" time="7.82">
    <failure type="org.openqa.selenium.NoSuchSessionException" message="invalid session id
Build info: version: &amp;apos;4.15.0&amp;apos;, revision: &amp;apos;1d14b5521b&amp;apos;
System info: os.name: &amp;apos;Windows 11&amp;apos;, os.arch: &amp;apos;amd64&amp;apos;, os.version: &amp;apos;10.0&amp;apos;, java.version: &amp;apos;19.0.2&amp;apos;
Driver info: org.openqa.selenium.chrome.ChromeDriver
Command: [0a4e4729faa24a85660740ee63f6a1fa, findElement {using=name, value=q}]
Capabilities {acceptInsecureCerts: false, browserName: chrome, browserVersion: 146.0.7680.154, chrome: {chromedriverVersion: 146.0.7680.165 (4b989da09e1..., userDataDir: C:\Users\AVINMALI\AppData\L...}, fedcm:accounts: true, goog:chromeOptions: {debuggerAddress: localhost:59526}, goog:processID: 1192, networkConnectionEnabled: false, pageLoadStrategy: normal, platformName: windows, proxy: Proxy(), se:cdp: ws://localhost:59526/devtoo..., se:cdpVersion: 146.0.7680.154, setWindowRect: true, strictFileInteractability: false, timeouts: {implicit: 0, pageLoad: 300000, script: 30000}, unhandledPromptBehavior: dismiss and notify, webauthn:extension:credBlob: true, webauthn:extension:largeBlob: true, webauthn:extension:minPinLength: true, webauthn:extension:prf: true, webauthn:virtualAuthenticators: true}
Session ID: 0a4e4729faa24a85660740ee63f6a1fa">
      <![CDATA[org.openqa.selenium.NoSuchSessionException: invalid session id
Build info: version: '4.15.0', revision: '1d14b5521b'
System info: os.name: 'Windows 11', os.arch: 'amd64', os.version: '10.0', java.version: '19.0.2'
Driver info: org.openqa.selenium.chrome.ChromeDriver
Command: [0a4e4729faa24a85660740ee63f6a1fa, findElement {using=name, value=q}]
Capabilities {acceptInsecureCerts: false, browserName: chrome, browserVersion: 146.0.7680.154, chrome: {chromedriverVersion: 146.0.7680.165 (4b989da09e1..., userDataDir: C:\Users\AVINMALI\AppData\L...}, fedcm:accounts: true, goog:chromeOptions: {debuggerAddress: localhost:59526}, goog:processID: 1192, networkConnectionEnabled: false, pageLoadStrategy: normal, platformName: windows, proxy: Proxy(), se:cdp: ws://localhost:59526/devtoo..., se:cdpVersion: 146.0.7680.154, setWindowRect: true, strictFileInteractability: false, timeouts: {implicit: 0, pageLoad: 300000, script: 30000}, unhandledPromptBehavior: dismiss and notify, webauthn:extension:credBlob: true, webauthn:extension:largeBlob: true, webauthn:extension:minPinLength: true, webauthn:extension:prf: true, webauthn:virtualAuthenticators: true}
Session ID: 0a4e4729faa24a85660740ee63f6a1fa
at org.openqa.selenium.remote.codec.w3c.W3CHttpResponseCodec.createException(W3CHttpResponseCodec.java:200)
at org.openqa.selenium.remote.codec.w3c.W3CHttpResponseCodec.decode(W3CHttpResponseCodec.java:133)
at org.openqa.selenium.remote.codec.w3c.W3CHttpResponseCodec.decode(W3CHttpResponseCodec.java:52)
at org.openqa.selenium.remote.HttpCommandExecutor.execute(HttpCommandExecutor.java:191)
at org.openqa.selenium.remote.service.DriverCommandExecutor.invokeExecute(DriverCommandExecutor.java:200)
at org.openqa.selenium.remote.service.DriverCommandExecutor.execute(DriverCommandExecutor.java:175)
at org.openqa.selenium.remote.RemoteWebDriver.execute(RemoteWebDriver.java:607)
at org.openqa.selenium.remote.ElementLocation$ElementFinder$2.findElement(ElementLocation.java:165)
at org.openqa.selenium.remote.ElementLocation.findElement(ElementLocation.java:66)
at org.openqa.selenium.remote.RemoteWebDriver.findElement(RemoteWebDriver.java:364)
at org.openqa.selenium.remote.RemoteWebDriver.findElement(RemoteWebDriver.java:358)
at org.openqa.selenium.support.ui.ExpectedConditions$7.apply(ExpectedConditions.java:194)
at org.openqa.selenium.support.ui.ExpectedConditions$7.apply(ExpectedConditions.java:190)
at org.openqa.selenium.support.ui.FluentWait.until(FluentWait.java:204)
at com.hydra.base.BasePage.waitForElementToBeVisible(BasePage.java:40)
at com.hydra.base.BasePage.typeText(BasePage.java:154)
at com.hydra.pages.GoogleHomePage.searchQuery(GoogleHomePage.java:27)
at com.hydra.tests.GoogleSearchTest.testClearSearchBox(GoogleSearchTest.java:102)
at java.base/java.util.concurrent.ThreadPoolExecutor.runWorker(ThreadPoolExecutor.java:1144)
at java.base/java.util.concurrent.ThreadPoolExecutor$Worker.run(ThreadPoolExecutor.java:642)
at java.base/java.lang.Thread.run(Thread.java:1589)
... Removed 13 stack frames]]>
    </failure>
  </testcase> <!-- testClearSearchBox -->
</testsuite> <!-- Google Search Tests -->
