<?xml version="1.0" encoding="UTF-8"?>
<!-- Generated by org.testng.reporters.JUnitXMLReporter -->
<testsuite ignored="6" hostname="LIN-5CG11522LN" failures="1" tests="2" name="Smoke Tests" time="49.666" errors="0" timestamp="2026-03-28T13:05:00 IST">
  <testcase classname="com.hydra.tests.GoogleSearchTest" name="testGoogleSearch" time="19.583"/>
  <testcase classname="com.hydra.tests.LoginPageTest" name="testLoginPageDisplay" time="11.267">
    <failure type="java.lang.AssertionError" message="Login page should be displayed expected [true] but found [false]">
      <![CDATA[java.lang.AssertionError: Login page should be displayed expected [true] but found [false]
at com.hydra.tests.LoginPageTest.testLoginPageDisplay(LoginPageTest.java:28)
at java.base/java.util.concurrent.ThreadPoolExecutor.runWorker(ThreadPoolExecutor.java:1144)
at java.base/java.util.concurrent.ThreadPoolExecutor$Worker.run(ThreadPoolExecutor.java:642)
at java.base/java.lang.Thread.run(Thread.java:1589)
... Removed 13 stack frames]]>
    </failure>
  </testcase> <!-- testLoginPageDisplay -->
  <testcase classname="com.hydra.tests.GoogleSearchTest" name="testClearSearchBox" time="0.0">
    <ignored/>
  </testcase> <!-- testClearSearchBox -->
  <testcase classname="com.hydra.tests.GoogleSearchTest" name="testGooglePageTitle" time="0.0">
    <ignored/>
  </testcase> <!-- testGooglePageTitle -->
  <testcase classname="com.hydra.tests.LoginPageTest" name="testForgotPasswordLink" time="0.0">
    <ignored/>
  </testcase> <!-- testForgotPasswordLink -->
  <testcase classname="com.hydra.tests.LoginPageTest" name="testSuccessfulLogin" time="0.0">
    <ignored/>
  </testcase> <!-- testSuccessfulLogin -->
  <testcase classname="com.hydra.tests.LoginPageTest" name="testRememberMeCheckbox" time="0.0">
    <ignored/>
  </testcase> <!-- testRememberMeCheckbox -->
  <testcase classname="com.hydra.tests.LoginPageTest" name="testLoginWithInvalidCredentials" time="0.0">
    <ignored/>
  </testcase> <!-- testLoginWithInvalidCredentials -->
</testsuite> <!-- Smoke Tests -->
